<?xml version="1.0" encoding="UTF-8"?>
<robot generator="Robot 7.2.2 (Python 3.8.0 on linux)" generated="2025-04-09T04:24:35.644946" rpa="false" schemaversion="5">
<suite id="s1" name="Suites" source="/home/runner/work/reku-robot/reku-robot/suites">
<suite id="s1-s1" name="Compatibility" source="/home/runner/work/reku-robot/reku-robot/suites/compatibility">
<suite id="s1-s1-s1" name="Version Compatibility Test" source="/home/runner/work/reku-robot/reku-robot/suites/compatibility/version_compatibility_test.robot">
<test id="s1-s1-s1-t1" name="ANDROID - v14.0 - Pixel 8 (Emulator)" line="37">
<kw name="Set Global Variable" owner="BuiltIn">
<msg time="2025-04-09T04:24:35.875214" level="INFO">${M_TYPE} = ANDROID</msg>
<arg>${M_TYPE}</arg>
<arg>ANDROID</arg>
<doc>Makes a variable available globally in all tests and suites.</doc>
<status status="PASS" start="2025-04-09T04:24:35.873858" elapsed="0.001432"/>
</kw>
<kw name="Set Global Variable" owner="BuiltIn">
<msg time="2025-04-09T04:24:35.876778" level="INFO">${CD_DEVICE} = Pixel 8</msg>
<arg>${CD_DEVICE}</arg>
<arg>Pixel 8</arg>
<doc>Makes a variable available globally in all tests and suites.</doc>
<status status="PASS" start="2025-04-09T04:24:35.875510" elapsed="0.001326"/>
</kw>
<kw name="Set Global Variable" owner="BuiltIn">
<msg time="2025-04-09T04:24:35.878126" level="INFO">${CD_OS} = 14.0</msg>
<arg>${CD_OS}</arg>
<arg>14.0</arg>
<doc>Makes a variable available globally in all tests and suites.</doc>
<status status="PASS" start="2025-04-09T04:24:35.876972" elapsed="0.001208"/>
</kw>
<kw name="Set Global Variable" owner="BuiltIn">
<msg time="2025-04-09T04:24:35.879659" level="INFO">${CD_APP_URL} = tb://8b01876066524052a5f30645</msg>
<arg>${CD_APP_URL}</arg>
<arg>${CD_APP_URL_APK}</arg>
<doc>Makes a variable available globally in all tests and suites.</doc>
<status status="PASS" start="2025-04-09T04:24:35.878311" elapsed="0.001402"/>
</kw>
<kw name="Set data environment and device" owner="general">
<kw name="Log" owner="BuiltIn">
<msg time="2025-04-09T04:24:35.880693" level="INFO">
LOG AutomatedTest</msg>
<arg>\nLOG AutomatedTest</arg>
<doc>Logs the given message with the given level.</doc>
<status status="PASS" start="2025-04-09T04:24:35.880553" elapsed="0.000199"/>
</kw>
<kw name="Log To Console" owner="BuiltIn">
<arg>\nLOG AutomatedTest</arg>
<doc>Logs the given message to the console.</doc>
<status status="PASS" start="2025-04-09T04:24:35.880876" elapsed="0.000174"/>
</kw>
<kw name="Log" owner="BuiltIn">
<msg time="2025-04-09T04:24:35.881460" level="INFO">Run on Environment	: PROD</msg>
<arg>Run on Environment\t: ${ENV}</arg>
<doc>Logs the given message with the given level.</doc>
<status status="PASS" start="2025-04-09T04:24:35.881246" elapsed="0.000289"/>
</kw>
<kw name="Log To Console" owner="BuiltIn">
<arg>Run on Environment\t: ${ENV}</arg>
<doc>Logs the given message to the console.</doc>
<status status="PASS" start="2025-04-09T04:24:35.881710" elapsed="0.000248"/>
</kw>
<kw name="Set Global Variable" owner="BuiltIn">
<msg time="2025-04-09T04:24:35.882442" level="INFO">${ENV} = PROD</msg>
<arg>${ENV}</arg>
<arg>${ENV}</arg>
<doc>Makes a variable available globally in all tests and suites.</doc>
<status status="PASS" start="2025-04-09T04:24:35.882156" elapsed="0.000339"/>
</kw>
<kw name="Log" owner="BuiltIn">
<msg time="2025-04-09T04:24:35.882779" level="INFO">TAG TEST		: VERS_COMP</msg>
<arg>TAG TEST\t\t: ${TAG_TEST}</arg>
<doc>Logs the given message with the given level.</doc>
<status status="PASS" start="2025-04-09T04:24:35.882627" elapsed="0.000203"/>
</kw>
<kw name="Log To Console" owner="BuiltIn">
<arg>TAG TEST\t\t: ${TAG_TEST}</arg>
<doc>Logs the given message to the console.</doc>
<status status="PASS" start="2025-04-09T04:24:35.882947" elapsed="0.000917"/>
</kw>
<kw name="Set Global Variable" owner="BuiltIn">
<msg time="2025-04-09T04:24:35.884374" level="INFO">${TAG_TEST} = VERS_COMP</msg>
<arg>${TAG_TEST}</arg>
<arg>${TAG_TEST}</arg>
<doc>Makes a variable available globally in all tests and suites.</doc>
<status status="PASS" start="2025-04-09T04:24:35.884063" elapsed="0.000367"/>
</kw>
<kw name="Log" owner="BuiltIn">
<msg time="2025-04-09T04:24:35.884717" level="INFO">Mobile Device Type	: ANDROID</msg>
<arg>Mobile Device Type\t: ${M_TYPE}</arg>
<doc>Logs the given message with the given level.</doc>
<status status="PASS" start="2025-04-09T04:24:35.884565" elapsed="0.000204"/>
</kw>
<kw name="Log To Console" owner="BuiltIn">
<arg>Mobile Device Type\t: ${M_TYPE}</arg>
<doc>Logs the given message to the console.</doc>
<status status="PASS" start="2025-04-09T04:24:35.884888" elapsed="0.000194"/>
</kw>
<kw name="Set Global Variable" owner="BuiltIn">
<msg time="2025-04-09T04:24:35.885587" level="INFO">${M_TYPE} = ANDROID</msg>
<arg>${M_TYPE}</arg>
<arg>${M_TYPE}</arg>
<doc>Makes a variable available globally in all tests and suites.</doc>
<status status="PASS" start="2025-04-09T04:24:35.885274" elapsed="0.000367"/>
</kw>
<kw name="Get Variables" owner="BuiltIn">
<arg>${DEVICE}</arg>
<doc>Returns a dictionary containing all variables in the current scope.</doc>
<status status="PASS" start="2025-04-09T04:24:35.885766" elapsed="0.000450"/>
</kw>
<kw name="Log" owner="BuiltIn">
<msg time="2025-04-09T04:24:35.886492" level="INFO">Run with Cloud Device	: TESTINGBOT</msg>
<arg>Run with Cloud Device\t: ${DEVICE}</arg>
<doc>Logs the given message with the given level.</doc>
<status status="PASS" start="2025-04-09T04:24:35.886346" elapsed="0.000198"/>
</kw>
<kw name="Log To Console" owner="BuiltIn">
<arg>Run with Cloud Device\t: ${DEVICE}</arg>
<doc>Logs the given message to the console.</doc>
<status status="PASS" start="2025-04-09T04:24:35.886660" elapsed="0.000193"/>
</kw>
<kw name="Set Global Variable" owner="BuiltIn">
<msg time="2025-04-09T04:24:35.887350" level="INFO">${DEVICE} = TESTINGBOT</msg>
<arg>${DEVICE}</arg>
<arg>${DEVICE}</arg>
<doc>Makes a variable available globally in all tests and suites.</doc>
<status status="PASS" start="2025-04-09T04:24:35.887044" elapsed="0.000380"/>
</kw>
<if>
<branch type="IF" condition="('${DEVICE}'=='BROWSERSTACK')">
<kw name="Log" owner="BuiltIn">
<arg>CD_DEVICE\t\t: ${CD_DEVICE}</arg>
<doc>Logs the given message with the given level.</doc>
<status status="NOT RUN" start="2025-04-09T04:24:35.887781" elapsed="0.000025"/>
</kw>
<kw name="Log To Console" owner="BuiltIn">
<arg>CD_DEVICE\t\t: ${CD_DEVICE}</arg>
<doc>Logs the given message to the console.</doc>
<status status="NOT RUN" start="2025-04-09T04:24:35.887919" elapsed="0.000023"/>
</kw>
<kw name="Set Global Variable" owner="BuiltIn">
<arg>${CD_DEVICE}</arg>
<arg>${CD_DEVICE}</arg>
<doc>Makes a variable available globally in all tests and suites.</doc>
<status status="NOT RUN" start="2025-04-09T04:24:35.888053" elapsed="0.000023"/>
</kw>
<kw name="Log" owner="BuiltIn">
<arg>CD_OS\t\t\t: ${CD_OS}</arg>
<doc>Logs the given message with the given level.</doc>
<status status="NOT RUN" start="2025-04-09T04:24:35.888187" elapsed="0.000023"/>
</kw>
<kw name="Log To Console" owner="BuiltIn">
<arg>CD_OS\t\t\t: ${CD_OS}</arg>
<doc>Logs the given message to the console.</doc>
<status status="NOT RUN" start="2025-04-09T04:24:35.888315" elapsed="0.000022"/>
</kw>
<kw name="Set Global Variable" owner="BuiltIn">
<arg>${CD_OS}</arg>
<arg>${CD_OS}</arg>
<doc>Makes a variable available globally in all tests and suites.</doc>
<status status="NOT RUN" start="2025-04-09T04:24:35.888444" elapsed="0.000022"/>
</kw>
<kw name="Log" owner="BuiltIn">
<arg>CD_APP_URL\t\t: ${CD_APP_URL}</arg>
<doc>Logs the given message with the given level.</doc>
<status status="NOT RUN" start="2025-04-09T04:24:35.888575" elapsed="0.000022"/>
</kw>
<kw name="Log To Console" owner="BuiltIn">
<arg>CD_APP_URL\t\t: ${CD_APP_URL}</arg>
<doc>Logs the given message to the console.</doc>
<status status="NOT RUN" start="2025-04-09T04:24:35.888702" elapsed="0.000022"/>
</kw>
<kw name="Set Global Variable" owner="BuiltIn">
<arg>${CD_APP_URL}</arg>
<arg>${CD_APP_URL}</arg>
<doc>Makes a variable available globally in all tests and suites.</doc>
<status status="NOT RUN" start="2025-04-09T04:24:35.888832" elapsed="0.000022"/>
</kw>
<status status="NOT RUN" start="2025-04-09T04:24:35.887548" elapsed="0.001343"/>
</branch>
<status status="PASS" start="2025-04-09T04:24:35.887512" elapsed="0.001461"/>
</if>
<if>
<branch type="IF" condition="('${DEVICE}'=='TESTINGBOT')">
<kw name="Log" owner="BuiltIn">
<msg time="2025-04-09T04:24:35.889396" level="INFO">CD_DEVICE		: Pixel 8</msg>
<arg>CD_DEVICE\t\t: ${CD_DEVICE}</arg>
<doc>Logs the given message with the given level.</doc>
<status status="PASS" start="2025-04-09T04:24:35.889242" elapsed="0.000209"/>
</kw>
<kw name="Log To Console" owner="BuiltIn">
<arg>CD_DEVICE\t\t: ${CD_DEVICE}</arg>
<doc>Logs the given message to the console.</doc>
<status status="PASS" start="2025-04-09T04:24:35.889568" elapsed="0.000201"/>
</kw>
<kw name="Set Global Variable" owner="BuiltIn">
<msg time="2025-04-09T04:24:35.890274" level="INFO">${CD_DEVICE} = Pixel 8</msg>
<arg>${CD_DEVICE}</arg>
<arg>${CD_DEVICE}</arg>
<doc>Makes a variable available globally in all tests and suites.</doc>
<status status="PASS" start="2025-04-09T04:24:35.889960" elapsed="0.000372"/>
</kw>
<kw name="Log" owner="BuiltIn">
<msg time="2025-04-09T04:24:35.890607" level="INFO">CD_OS			: 14.0</msg>
<arg>CD_OS\t\t\t: ${CD_OS}</arg>
<doc>Logs the given message with the given level.</doc>
<status status="PASS" start="2025-04-09T04:24:35.890453" elapsed="0.000205"/>
</kw>
<kw name="Log To Console" owner="BuiltIn">
<arg>CD_OS\t\t\t: ${CD_OS}</arg>
<doc>Logs the given message to the console.</doc>
<status status="PASS" start="2025-04-09T04:24:35.890774" elapsed="0.000198"/>
</kw>
<kw name="Set Global Variable" owner="BuiltIn">
<msg time="2025-04-09T04:24:35.891493" level="INFO">${CD_OS} = 14.0</msg>
<arg>${CD_OS}</arg>
<arg>${CD_OS}</arg>
<doc>Makes a variable available globally in all tests and suites.</doc>
<status status="PASS" start="2025-04-09T04:24:35.891164" elapsed="0.000384"/>
</kw>
<kw name="Log" owner="BuiltIn">
<msg time="2025-04-09T04:24:35.891819" level="INFO">CD_APP_URL		: tb://8b01876066524052a5f30645</msg>
<arg>CD_APP_URL\t\t: ${CD_APP_URL}</arg>
<doc>Logs the given message with the given level.</doc>
<status status="PASS" start="2025-04-09T04:24:35.891671" elapsed="0.000200"/>
</kw>
<kw name="Log To Console" owner="BuiltIn">
<arg>CD_APP_URL\t\t: ${CD_APP_URL}</arg>
<doc>Logs the given message to the console.</doc>
<status status="PASS" start="2025-04-09T04:24:35.891987" elapsed="0.000196"/>
</kw>
<kw name="Set Global Variable" owner="BuiltIn">
<msg time="2025-04-09T04:24:35.892690" level="INFO">${CD_APP_URL} = tb://8b01876066524052a5f30645</msg>
<arg>${CD_APP_URL}</arg>
<arg>${CD_APP_URL}</arg>
<doc>Makes a variable available globally in all tests and suites.</doc>
<status status="PASS" start="2025-04-09T04:24:35.892375" elapsed="0.000366"/>
</kw>
<status status="PASS" start="2025-04-09T04:24:35.889050" elapsed="0.003732"/>
</branch>
<status status="PASS" start="2025-04-09T04:24:35.889029" elapsed="0.003781"/>
</if>
<status status="PASS" start="2025-04-09T04:24:35.880183" elapsed="0.012689"/>
</kw>
<kw name="Open Application" owner="AppiumLibrary">
<kw name="Capture Page Screenshot" owner="AppiumLibrary">
<msg time="2025-04-09T04:24:36.173042" level="FAIL">No application is open</msg>
<doc>Takes a screenshot of the current page and embeds it into the log.</doc>
<status status="FAIL" start="2025-04-09T04:24:36.172726" elapsed="0.001262">No application is open</status>
</kw>
<msg time="2025-04-09T04:24:36.176369" level="WARN">Keyword 'Capture Page Screenshot' could not be run on failure: No application is open</msg>
<msg time="2025-04-09T04:24:36.176728" level="FAIL">WebDriverException: Message: Insufficient credits. Please add credits on testingbot.com
</msg>
<arg>http://${TESTINGBOT_KEY}:${TESTINGBOT_SECRET}@hub.testingbot.com/wd/hub</arg>
<arg>platformName=${M_TYPE}</arg>
<arg>deviceName=${CD_DEVICE}</arg>
<arg>version=${CD_OS}</arg>
<arg>app=${CD_APP_URL}</arg>
<arg>realDevice=true</arg>
<arg>build=[${TIME_STAMP}][${ENV}][VERS_COMP] REKENINGKU FLUTTER</arg>
<arg>name=${TEST_NAME}</arg>
<arg>autoGrantPermissions=true</arg>
<arg>automationName=UiAutomator2</arg>
<doc>Opens a new application to given Appium server.
Capabilities of appium server, Android and iOS,
Please check https://appium.io/docs/en/2.1/cli/args/
| *Option*            | *Man.* | *Description*     |
| remote_url          | Yes    | Appium server url |
| alias               | no     | alias             |
| strict_ssl          | No     | allows you to send commands to an invalid certificate host like a self-signed one. |</doc>
<status status="FAIL" start="2025-04-09T04:24:35.892988" elapsed="0.283936">WebDriverException: Message: Insufficient credits. Please add credits on testingbot.com
</status>
</kw>
<kw name="Click signin button" owner="signin_page">
<status status="NOT RUN" start="2025-04-09T04:24:36.177203" elapsed="0.000041"/>
</kw>
<kw name="Display sign in page" owner="signin_page">
<status status="NOT RUN" start="2025-04-09T04:24:36.177399" elapsed="0.000028"/>
</kw>
<kw name="Input signin email textbox" owner="signin_page">
<arg>${${ENV}_VERIFIED_USER_EMAIL}</arg>
<status status="NOT RUN" start="2025-04-09T04:24:36.177578" elapsed="0.000028"/>
</kw>
<kw name="Input signin password textbox" owner="signin_page">
<arg>${${ENV}_VERIFIED_USER_PASSWORD}</arg>
<status status="NOT RUN" start="2025-04-09T04:24:36.177874" elapsed="0.000029"/>
</kw>
<kw name="Click signin action button" owner="signin_page">
<status status="NOT RUN" start="2025-04-09T04:24:36.178050" elapsed="0.000027"/>
</kw>
<kw name="Display pin verification page" owner="signin_page">
<status status="NOT RUN" start="2025-04-09T04:24:36.178215" elapsed="0.000027"/>
</kw>
<kw name="Input pin verification textbox" owner="signin_page">
<arg>${${ENV}_VERIFIED_USER_PIN}</arg>
<status status="NOT RUN" start="2025-04-09T04:24:36.178399" elapsed="0.000036"/>
</kw>
<kw name="Display home page" owner="signin_page">
<status status="NOT RUN" start="2025-04-09T04:24:36.178578" elapsed="0.000026"/>
</kw>
<kw name="Check coachmark popup if showup" owner="signin_page">
<status status="NOT RUN" start="2025-04-09T04:24:36.178734" elapsed="0.000031"/>
</kw>
<kw name="Check navbar home is selected" owner="signin_page">
<status status="NOT RUN" start="2025-04-09T04:24:36.178905" elapsed="0.000026"/>
</kw>
<kw name="Click profile menu button" owner="signin_page">
<status status="NOT RUN" start="2025-04-09T04:24:36.179134" elapsed="0.000027"/>
</kw>
<kw name="Check profile page" owner="signin_page">
<status status="NOT RUN" start="2025-04-09T04:24:36.179375" elapsed="0.000039"/>
</kw>
<kw name="Close Application" owner="AppiumLibrary">
<doc>Closes the current application and also close webdriver session.</doc>
<status status="NOT RUN" start="2025-04-09T04:24:36.179567" elapsed="0.000028"/>
</kw>
<tag>Q-1</tag>
<tag>VERS_COMP</tag>
<status status="FAIL" start="2025-04-09T04:24:35.872280" elapsed="0.307506">WebDriverException: Message: Insufficient credits. Please add credits on testingbot.com
</status>
</test>
<test id="s1-s1-s1-t2" name="IOS - v16.3 - iPhone XR" line="316">
<kw name="Set Global Variable" owner="BuiltIn">
<msg time="2025-04-09T04:24:36.180989" level="INFO">${M_TYPE} = IOS</msg>
<arg>${M_TYPE}</arg>
<arg>IOS</arg>
<doc>Makes a variable available globally in all tests and suites.</doc>
<status status="PASS" start="2025-04-09T04:24:36.180690" elapsed="0.000359"/>
</kw>
<kw name="Set Global Variable" owner="BuiltIn">
<msg time="2025-04-09T04:24:36.181403" level="INFO">${CD_DEVICE} = iPhone XR</msg>
<arg>${CD_DEVICE}</arg>
<arg>iPhone XR</arg>
<doc>Makes a variable available globally in all tests and suites.</doc>
<status status="PASS" start="2025-04-09T04:24:36.181190" elapsed="0.000262"/>
</kw>
<kw name="Set Global Variable" owner="BuiltIn">
<msg time="2025-04-09T04:24:36.181788" level="INFO">${CD_OS} = 16.3</msg>
<arg>${CD_OS}</arg>
<arg>16.3</arg>
<doc>Makes a variable available globally in all tests and suites.</doc>
<status status="PASS" start="2025-04-09T04:24:36.181581" elapsed="0.000255"/>
</kw>
<kw name="Set Global Variable" owner="BuiltIn">
<msg time="2025-04-09T04:24:36.182181" level="INFO">${CD_APP_URL} = tb://2aa2cac76cac23405c7a857e</msg>
<arg>${CD_APP_URL}</arg>
<arg>${CD_APP_URL_IPA}</arg>
<doc>Makes a variable available globally in all tests and suites.</doc>
<status status="PASS" start="2025-04-09T04:24:36.181957" elapsed="0.000270"/>
</kw>
<kw name="Set data environment and device" owner="general">
<kw name="Log" owner="BuiltIn">
<msg time="2025-04-09T04:24:36.183221" level="INFO">
LOG AutomatedTest</msg>
<arg>\nLOG AutomatedTest</arg>
<doc>Logs the given message with the given level.</doc>
<status status="PASS" start="2025-04-09T04:24:36.183095" elapsed="0.000182"/>
</kw>
<kw name="Log To Console" owner="BuiltIn">
<arg>\nLOG AutomatedTest</arg>
<doc>Logs the given message to the console.</doc>
<status status="PASS" start="2025-04-09T04:24:36.183438" elapsed="0.000173"/>
</kw>
<kw name="Log" owner="BuiltIn">
<msg time="2025-04-09T04:24:36.184017" level="INFO">Run on Environment	: PROD</msg>
<arg>Run on Environment\t: ${ENV}</arg>
<doc>Logs the given message with the given level.</doc>
<status status="PASS" start="2025-04-09T04:24:36.183802" elapsed="0.000292"/>
</kw>
<kw name="Log To Console" owner="BuiltIn">
<arg>Run on Environment\t: ${ENV}</arg>
<doc>Logs the given message to the console.</doc>
<status status="PASS" start="2025-04-09T04:24:36.184251" elapsed="0.000209"/>
</kw>
<kw name="Set Global Variable" owner="BuiltIn">
<msg time="2025-04-09T04:24:36.184957" level="INFO">${ENV} = PROD</msg>
<arg>${ENV}</arg>
<arg>${ENV}</arg>
<doc>Makes a variable available globally in all tests and suites.</doc>
<status status="PASS" start="2025-04-09T04:24:36.184655" elapsed="0.000357"/>
</kw>
<kw name="Log" owner="BuiltIn">
<msg time="2025-04-09T04:24:36.185289" level="INFO">TAG TEST		: VERS_COMP</msg>
<arg>TAG TEST\t\t: ${TAG_TEST}</arg>
<doc>Logs the given message with the given level.</doc>
<status status="PASS" start="2025-04-09T04:24:36.185138" elapsed="0.000203"/>
</kw>
<kw name="Log To Console" owner="BuiltIn">
<arg>TAG TEST\t\t: ${TAG_TEST}</arg>
<doc>Logs the given message to the console.</doc>
<status status="PASS" start="2025-04-09T04:24:36.185459" elapsed="0.000195"/>
</kw>
<kw name="Set Global Variable" owner="BuiltIn">
<msg time="2025-04-09T04:24:36.186156" level="INFO">${TAG_TEST} = VERS_COMP</msg>
<arg>${TAG_TEST}</arg>
<arg>${TAG_TEST}</arg>
<doc>Makes a variable available globally in all tests and suites.</doc>
<status status="PASS" start="2025-04-09T04:24:36.185846" elapsed="0.000363"/>
</kw>
<kw name="Log" owner="BuiltIn">
<msg time="2025-04-09T04:24:36.186474" level="INFO">Mobile Device Type	: IOS</msg>
<arg>Mobile Device Type\t: ${M_TYPE}</arg>
<doc>Logs the given message with the given level.</doc>
<status status="PASS" start="2025-04-09T04:24:36.186331" elapsed="0.000194"/>
</kw>
<kw name="Log To Console" owner="BuiltIn">
<arg>Mobile Device Type\t: ${M_TYPE}</arg>
<doc>Logs the given message to the console.</doc>
<status status="PASS" start="2025-04-09T04:24:36.186640" elapsed="0.000196"/>
</kw>
<kw name="Set Global Variable" owner="BuiltIn">
<msg time="2025-04-09T04:24:36.187337" level="INFO">${M_TYPE} = IOS</msg>
<arg>${M_TYPE}</arg>
<arg>${M_TYPE}</arg>
<doc>Makes a variable available globally in all tests and suites.</doc>
<status status="PASS" start="2025-04-09T04:24:36.187027" elapsed="0.000393"/>
</kw>
<kw name="Get Variables" owner="BuiltIn">
<arg>${DEVICE}</arg>
<doc>Returns a dictionary containing all variables in the current scope.</doc>
<status status="PASS" start="2025-04-09T04:24:36.187548" elapsed="0.000431"/>
</kw>
<kw name="Log" owner="BuiltIn">
<msg time="2025-04-09T04:24:36.188261" level="INFO">Run with Cloud Device	: TESTINGBOT</msg>
<arg>Run with Cloud Device\t: ${DEVICE}</arg>
<doc>Logs the given message with the given level.</doc>
<status status="PASS" start="2025-04-09T04:24:36.188113" elapsed="0.000202"/>
</kw>
<kw name="Log To Console" owner="BuiltIn">
<arg>Run with Cloud Device\t: ${DEVICE}</arg>
<doc>Logs the given message to the console.</doc>
<status status="PASS" start="2025-04-09T04:24:36.188434" elapsed="0.000193"/>
</kw>
<kw name="Set Global Variable" owner="BuiltIn">
<msg time="2025-04-09T04:24:36.189132" level="INFO">${DEVICE} = TESTINGBOT</msg>
<arg>${DEVICE}</arg>
<arg>${DEVICE}</arg>
<doc>Makes a variable available globally in all tests and suites.</doc>
<status status="PASS" start="2025-04-09T04:24:36.188834" elapsed="0.000351"/>
</kw>
<if>
<branch type="IF" condition="('${DEVICE}'=='BROWSERSTACK')">
<kw name="Log" owner="BuiltIn">
<arg>CD_DEVICE\t\t: ${CD_DEVICE}</arg>
<doc>Logs the given message with the given level.</doc>
<status status="NOT RUN" start="2025-04-09T04:24:36.189502" elapsed="0.000025"/>
</kw>
<kw name="Log To Console" owner="BuiltIn">
<arg>CD_DEVICE\t\t: ${CD_DEVICE}</arg>
<doc>Logs the given message to the console.</doc>
<status status="NOT RUN" start="2025-04-09T04:24:36.189643" elapsed="0.000023"/>
</kw>
<kw name="Set Global Variable" owner="BuiltIn">
<arg>${CD_DEVICE}</arg>
<arg>${CD_DEVICE}</arg>
<doc>Makes a variable available globally in all tests and suites.</doc>
<status status="NOT RUN" start="2025-04-09T04:24:36.189785" elapsed="0.000023"/>
</kw>
<kw name="Log" owner="BuiltIn">
<arg>CD_OS\t\t\t: ${CD_OS}</arg>
<doc>Logs the given message with the given level.</doc>
<status status="NOT RUN" start="2025-04-09T04:24:36.189919" elapsed="0.000022"/>
</kw>
<kw name="Log To Console" owner="BuiltIn">
<arg>CD_OS\t\t\t: ${CD_OS}</arg>
<doc>Logs the given message to the console.</doc>
<status status="NOT RUN" start="2025-04-09T04:24:36.190047" elapsed="0.000022"/>
</kw>
<kw name="Set Global Variable" owner="BuiltIn">
<arg>${CD_OS}</arg>
<arg>${CD_OS}</arg>
<doc>Makes a variable available globally in all tests and suites.</doc>
<status status="NOT RUN" start="2025-04-09T04:24:36.190186" elapsed="0.000022"/>
</kw>
<kw name="Log" owner="BuiltIn">
<arg>CD_APP_URL\t\t: ${CD_APP_URL}</arg>
<doc>Logs the given message with the given level.</doc>
<status status="NOT RUN" start="2025-04-09T04:24:36.190315" elapsed="0.000022"/>
</kw>
<kw name="Log To Console" owner="BuiltIn">
<arg>CD_APP_URL\t\t: ${CD_APP_URL}</arg>
<doc>Logs the given message to the console.</doc>
<status status="NOT RUN" start="2025-04-09T04:24:36.190441" elapsed="0.000022"/>
</kw>
<kw name="Set Global Variable" owner="BuiltIn">
<arg>${CD_APP_URL}</arg>
<arg>${CD_APP_URL}</arg>
<doc>Makes a variable available globally in all tests and suites.</doc>
<status status="NOT RUN" start="2025-04-09T04:24:36.190573" elapsed="0.000022"/>
</kw>
<status status="NOT RUN" start="2025-04-09T04:24:36.189283" elapsed="0.001348"/>
</branch>
<status status="PASS" start="2025-04-09T04:24:36.189254" elapsed="0.001407"/>
</if>
<if>
<branch type="IF" condition="('${DEVICE}'=='TESTINGBOT')">
<kw name="Log" owner="BuiltIn">
<msg time="2025-04-09T04:24:36.191074" level="INFO">CD_DEVICE		: iPhone XR</msg>
<arg>CD_DEVICE\t\t: ${CD_DEVICE}</arg>
<doc>Logs the given message with the given level.</doc>
<status status="PASS" start="2025-04-09T04:24:36.190915" elapsed="0.000214"/>
</kw>
<kw name="Log To Console" owner="BuiltIn">
<arg>CD_DEVICE\t\t: ${CD_DEVICE}</arg>
<doc>Logs the given message to the console.</doc>
<status status="PASS" start="2025-04-09T04:24:36.191246" elapsed="0.000231"/>
</kw>
<kw name="Set Global Variable" owner="BuiltIn">
<msg time="2025-04-09T04:24:36.191992" level="INFO">${CD_DEVICE} = iPhone XR</msg>
<arg>${CD_DEVICE}</arg>
<arg>${CD_DEVICE}</arg>
<doc>Makes a variable available globally in all tests and suites.</doc>
<status status="PASS" start="2025-04-09T04:24:36.191674" elapsed="0.000373"/>
</kw>
<kw name="Log" owner="BuiltIn">
<msg time="2025-04-09T04:24:36.192320" level="INFO">CD_OS			: 16.3</msg>
<arg>CD_OS\t\t\t: ${CD_OS}</arg>
<doc>Logs the given message with the given level.</doc>
<status status="PASS" start="2025-04-09T04:24:36.192170" elapsed="0.000202"/>
</kw>
<kw name="Log To Console" owner="BuiltIn">
<arg>CD_OS\t\t\t: ${CD_OS}</arg>
<doc>Logs the given message to the console.</doc>
<status status="PASS" start="2025-04-09T04:24:36.192487" elapsed="0.000193"/>
</kw>
<kw name="Set Global Variable" owner="BuiltIn">
<msg time="2025-04-09T04:24:36.193186" level="INFO">${CD_OS} = 16.3</msg>
<arg>${CD_OS}</arg>
<arg>${CD_OS}</arg>
<doc>Makes a variable available globally in all tests and suites.</doc>
<status status="PASS" start="2025-04-09T04:24:36.192876" elapsed="0.000363"/>
</kw>
<kw name="Log" owner="BuiltIn">
<msg time="2025-04-09T04:24:36.193562" level="INFO">CD_APP_URL		: tb://2aa2cac76cac23405c7a857e</msg>
<arg>CD_APP_URL\t\t: ${CD_APP_URL}</arg>
<doc>Logs the given message with the given level.</doc>
<status status="PASS" start="2025-04-09T04:24:36.193409" elapsed="0.000206"/>
</kw>
<kw name="Log To Console" owner="BuiltIn">
<arg>CD_APP_URL\t\t: ${CD_APP_URL}</arg>
<doc>Logs the given message to the console.</doc>
<status status="PASS" start="2025-04-09T04:24:36.193732" elapsed="0.000193"/>
</kw>
<kw name="Set Global Variable" owner="BuiltIn">
<msg time="2025-04-09T04:24:36.194440" level="INFO">${CD_APP_URL} = tb://2aa2cac76cac23405c7a857e</msg>
<arg>${CD_APP_URL}</arg>
<arg>${CD_APP_URL}</arg>
<doc>Makes a variable available globally in all tests and suites.</doc>
<status status="PASS" start="2025-04-09T04:24:36.194120" elapsed="0.000373"/>
</kw>
<status status="PASS" start="2025-04-09T04:24:36.190731" elapsed="0.003804"/>
</branch>
<status status="PASS" start="2025-04-09T04:24:36.190712" elapsed="0.003852"/>
</if>
<status status="PASS" start="2025-04-09T04:24:36.182809" elapsed="0.011816"/>
</kw>
<kw name="Open Application" owner="AppiumLibrary">
<kw name="Capture Page Screenshot" owner="AppiumLibrary">
<msg time="2025-04-09T04:24:36.466057" level="FAIL">No application is open</msg>
<doc>Takes a screenshot of the current page and embeds it into the log.</doc>
<status status="FAIL" start="2025-04-09T04:24:36.465742" elapsed="0.000560">No application is open</status>
</kw>
<msg time="2025-04-09T04:24:36.468798" level="WARN">Keyword 'Capture Page Screenshot' could not be run on failure: No application is open</msg>
<msg time="2025-04-09T04:24:36.468999" level="FAIL">WebDriverException: Message: Insufficient credits. Please add credits on testingbot.com
</msg>
<arg>http://${TESTINGBOT_KEY}:${TESTINGBOT_SECRET}@hub.testingbot.com/wd/hub</arg>
<arg>platformName=${M_TYPE}</arg>
<arg>deviceName=${CD_DEVICE}</arg>
<arg>version=${CD_OS}</arg>
<arg>app=${CD_APP_URL}</arg>
<arg>realDevice=true</arg>
<arg>build=[${TIME_STAMP}][${ENV}][VERS_COMP] REKENINGKU FLUTTER</arg>
<arg>name=${TEST_NAME}</arg>
<arg>autoAcceptAlerts=true</arg>
<arg>automationName=XCUITest</arg>
<doc>Opens a new application to given Appium server.
Capabilities of appium server, Android and iOS,
Please check https://appium.io/docs/en/2.1/cli/args/
| *Option*            | *Man.* | *Description*     |
| remote_url          | Yes    | Appium server url |
| alias               | no     | alias             |
| strict_ssl          | No     | allows you to send commands to an invalid certificate host like a self-signed one. |</doc>
<status status="FAIL" start="2025-04-09T04:24:36.194745" elapsed="0.274581">WebDriverException: Message: Insufficient credits. Please add credits on testingbot.com
</status>
</kw>
<kw name="Click signin button" owner="signin_page">
<status status="NOT RUN" start="2025-04-09T04:24:36.469607" elapsed="0.000041"/>
</kw>
<kw name="Display sign in page" owner="signin_page">
<status status="NOT RUN" start="2025-04-09T04:24:36.469803" elapsed="0.000029"/>
</kw>
<kw name="Input signin email textbox" owner="signin_page">
<arg>${${ENV}_VERIFIED_USER_EMAIL}</arg>
<status status="NOT RUN" start="2025-04-09T04:24:36.469985" elapsed="0.000028"/>
</kw>
<kw name="Input signin password textbox" owner="signin_page">
<arg>${${ENV}_VERIFIED_USER_PASSWORD}</arg>
<status status="NOT RUN" start="2025-04-09T04:24:36.470273" elapsed="0.000029"/>
</kw>
<kw name="Click signin action button" owner="signin_page">
<status status="NOT RUN" start="2025-04-09T04:24:36.470444" elapsed="0.000027"/>
</kw>
<kw name="Display pin verification page" owner="signin_page">
<status status="NOT RUN" start="2025-04-09T04:24:36.470605" elapsed="0.000027"/>
</kw>
<kw name="Input pin verification textbox" owner="signin_page">
<arg>${${ENV}_VERIFIED_USER_PIN}</arg>
<status status="NOT RUN" start="2025-04-09T04:24:36.470780" elapsed="0.000027"/>
</kw>
<kw name="Display home page" owner="signin_page">
<status status="NOT RUN" start="2025-04-09T04:24:36.470943" elapsed="0.000026"/>
</kw>
<kw name="Check coachmark popup if showup" owner="signin_page">
<status status="NOT RUN" start="2025-04-09T04:24:36.471099" elapsed="0.000025"/>
</kw>
<kw name="Check navbar home is selected" owner="signin_page">
<status status="NOT RUN" start="2025-04-09T04:24:36.471258" elapsed="0.000025"/>
</kw>
<kw name="Click profile menu button" owner="signin_page">
<status status="NOT RUN" start="2025-04-09T04:24:36.471501" elapsed="0.000028"/>
</kw>
<kw name="Check profile page" owner="signin_page">
<status status="NOT RUN" start="2025-04-09T04:24:36.471692" elapsed="0.000030"/>
</kw>
<kw name="Close Application" owner="AppiumLibrary">
<doc>Closes the current application and also close webdriver session.</doc>
<status status="NOT RUN" start="2025-04-09T04:24:36.471843" elapsed="0.000025"/>
</kw>
<tag>Q-2</tag>
<tag>VERS_COMP</tag>
<status status="FAIL" start="2025-04-09T04:24:36.180121" elapsed="0.291915">WebDriverException: Message: Insufficient credits. Please add credits on testingbot.com
</status>
</test>
<status status="FAIL" start="2025-04-09T04:24:35.750099" elapsed="0.722665"/>
</suite>
<status status="FAIL" start="2025-04-09T04:24:35.748543" elapsed="0.724958"/>
</suite>
<status status="FAIL" start="2025-04-09T04:24:35.729967" elapsed="0.744337"/>
</suite>
<statistics>
<total>
<stat pass="0" fail="2" skip="0">All Tests</stat>
</total>
<tag>
<stat pass="0" fail="1" skip="0">Q-1</stat>
<stat pass="0" fail="1" skip="0">Q-2</stat>
<stat pass="0" fail="2" skip="0">VERS_COMP</stat>
</tag>
<suite>
<stat name="Suites" id="s1" pass="0" fail="2" skip="0">Suites</stat>
<stat name="Compatibility" id="s1-s1" pass="0" fail="2" skip="0">Suites.Compatibility</stat>
<stat name="Version Compatibility Test" id="s1-s1-s1" pass="0" fail="2" skip="0">Suites.Compatibility.Version Compatibility Test</stat>
</suite>
</statistics>
<errors>
<msg time="2025-04-09T04:24:36.176369" level="WARN">Keyword 'Capture Page Screenshot' could not be run on failure: No application is open</msg>
<msg time="2025-04-09T04:24:36.468798" level="WARN">Keyword 'Capture Page Screenshot' could not be run on failure: No application is open</msg>
</errors>
</robot>
