<?xml version="1.0" encoding="UTF-8"?>
<robot generator="Robot 7.2.2 (Python 3.8.0 on linux)" generated="2025-04-10T10:15:01.680522" rpa="false" schemaversion="5">
<suite id="s1" name="Suites" source="/home/runner/work/reku-robot/reku-robot/suites">
<suite id="s1-s1" name="Compatibility" source="/home/runner/work/reku-robot/reku-robot/suites/compatibility">
<suite id="s1-s1-s1" name="Version Compatibility Test" source="/home/runner/work/reku-robot/reku-robot/suites/compatibility/version_compatibility_test.robot">
<test id="s1-s1-s1-t1" name="ANDROID - v15.0 - Pixel 9 (Emulator)" line="6">
<kw name="Set Global Variable" owner="BuiltIn">
<msg time="2025-04-10T10:15:01.946042" level="INFO">${M_TYPE} = ANDROID</msg>
<arg>${M_TYPE}</arg>
<arg>ANDROID</arg>
<doc>Makes a variable available globally in all tests and suites.</doc>
<status status="PASS" start="2025-04-10T10:15:01.944665" elapsed="0.001450"/>
</kw>
<kw name="Set Global Variable" owner="BuiltIn">
<msg time="2025-04-10T10:15:01.947538" level="INFO">${CD_DEVICE} = Pixel 9</msg>
<arg>${CD_DEVICE}</arg>
<arg>Pixel 9</arg>
<doc>Makes a variable available globally in all tests and suites.</doc>
<status status="PASS" start="2025-04-10T10:15:01.946273" elapsed="0.001319"/>
</kw>
<kw name="Set Global Variable" owner="BuiltIn">
<msg time="2025-04-10T10:15:01.948921" level="INFO">${CD_OS} = 15.0</msg>
<arg>${CD_OS}</arg>
<arg>15.0</arg>
<doc>Makes a variable available globally in all tests and suites.</doc>
<status status="PASS" start="2025-04-10T10:15:01.947724" elapsed="0.001281"/>
</kw>
<kw name="Set Global Variable" owner="BuiltIn">
<msg time="2025-04-10T10:15:01.950682" level="INFO">${CD_APP_URL} = tb://8b01876066524052a5f30645</msg>
<arg>${CD_APP_URL}</arg>
<arg>${CD_APP_URL_APK}</arg>
<doc>Makes a variable available globally in all tests and suites.</doc>
<status status="PASS" start="2025-04-10T10:15:01.949159" elapsed="0.001603"/>
</kw>
<kw name="Set data environment and device" owner="general">
<kw name="Log" owner="BuiltIn">
<msg time="2025-04-10T10:15:01.951713" level="INFO">
LOG AutomatedTest</msg>
<arg>\nLOG AutomatedTest</arg>
<doc>Logs the given message with the given level.</doc>
<status status="PASS" start="2025-04-10T10:15:01.951582" elapsed="0.000190"/>
</kw>
<kw name="Log To Console" owner="BuiltIn">
<arg>\nLOG AutomatedTest</arg>
<doc>Logs the given message to the console.</doc>
<status status="PASS" start="2025-04-10T10:15:01.951899" elapsed="0.000178"/>
</kw>
<kw name="Log" owner="BuiltIn">
<msg time="2025-04-10T10:15:01.953101" level="INFO">Run on Environment	: PROD</msg>
<arg>Run on Environment\t: ${ENV}</arg>
<doc>Logs the given message with the given level.</doc>
<status status="PASS" start="2025-04-10T10:15:01.952689" elapsed="0.000479"/>
</kw>
<kw name="Log To Console" owner="BuiltIn">
<arg>Run on Environment\t: ${ENV}</arg>
<doc>Logs the given message to the console.</doc>
<status status="PASS" start="2025-04-10T10:15:01.953302" elapsed="0.000216"/>
</kw>
<kw name="Set Global Variable" owner="BuiltIn">
<msg time="2025-04-10T10:15:01.954029" level="INFO">${ENV} = PROD</msg>
<arg>${ENV}</arg>
<arg>${ENV}</arg>
<doc>Makes a variable available globally in all tests and suites.</doc>
<status status="PASS" start="2025-04-10T10:15:01.953721" elapsed="0.000363"/>
</kw>
<kw name="Log" owner="BuiltIn">
<msg time="2025-04-10T10:15:01.954381" level="INFO">TAG TEST		: VERS_COMP</msg>
<arg>TAG TEST\t\t: ${TAG_TEST}</arg>
<doc>Logs the given message with the given level.</doc>
<status status="PASS" start="2025-04-10T10:15:01.954222" elapsed="0.000212"/>
</kw>
<kw name="Log To Console" owner="BuiltIn">
<arg>TAG TEST\t\t: ${TAG_TEST}</arg>
<doc>Logs the given message to the console.</doc>
<status status="PASS" start="2025-04-10T10:15:01.954558" elapsed="0.000199"/>
</kw>
<kw name="Set Global Variable" owner="BuiltIn">
<msg time="2025-04-10T10:15:01.955258" level="INFO">${TAG_TEST} = VERS_COMP</msg>
<arg>${TAG_TEST}</arg>
<arg>${TAG_TEST}</arg>
<doc>Makes a variable available globally in all tests and suites.</doc>
<status status="PASS" start="2025-04-10T10:15:01.954949" elapsed="0.000362"/>
</kw>
<kw name="Log" owner="BuiltIn">
<msg time="2025-04-10T10:15:01.955578" level="INFO">Mobile Device Type	: ANDROID</msg>
<arg>Mobile Device Type\t: ${M_TYPE}</arg>
<doc>Logs the given message with the given level.</doc>
<status status="PASS" start="2025-04-10T10:15:01.955432" elapsed="0.000196"/>
</kw>
<kw name="Log To Console" owner="BuiltIn">
<arg>Mobile Device Type\t: ${M_TYPE}</arg>
<doc>Logs the given message to the console.</doc>
<status status="PASS" start="2025-04-10T10:15:01.955750" elapsed="0.000193"/>
</kw>
<kw name="Set Global Variable" owner="BuiltIn">
<msg time="2025-04-10T10:15:01.956456" level="INFO">${M_TYPE} = ANDROID</msg>
<arg>${M_TYPE}</arg>
<arg>${M_TYPE}</arg>
<doc>Makes a variable available globally in all tests and suites.</doc>
<status status="PASS" start="2025-04-10T10:15:01.956147" elapsed="0.000361"/>
</kw>
<kw name="Get Variables" owner="BuiltIn">
<arg>${DEVICE}</arg>
<doc>Returns a dictionary containing all variables in the current scope.</doc>
<status status="PASS" start="2025-04-10T10:15:01.956649" elapsed="0.000486"/>
</kw>
<kw name="Log" owner="BuiltIn">
<msg time="2025-04-10T10:15:01.957427" level="INFO">Run with Cloud Device	: TESTINGBOT</msg>
<arg>Run with Cloud Device\t: ${DEVICE}</arg>
<doc>Logs the given message with the given level.</doc>
<status status="PASS" start="2025-04-10T10:15:01.957276" elapsed="0.000202"/>
</kw>
<kw name="Log To Console" owner="BuiltIn">
<arg>Run with Cloud Device\t: ${DEVICE}</arg>
<doc>Logs the given message to the console.</doc>
<status status="PASS" start="2025-04-10T10:15:01.957595" elapsed="0.000194"/>
</kw>
<kw name="Set Global Variable" owner="BuiltIn">
<msg time="2025-04-10T10:15:01.958284" level="INFO">${DEVICE} = TESTINGBOT</msg>
<arg>${DEVICE}</arg>
<arg>${DEVICE}</arg>
<doc>Makes a variable available globally in all tests and suites.</doc>
<status status="PASS" start="2025-04-10T10:15:01.957979" elapsed="0.000356"/>
</kw>
<if>
<branch type="IF" condition="('${DEVICE}'=='BROWSERSTACK')">
<kw name="Log" owner="BuiltIn">
<arg>CD_DEVICE\t\t: ${CD_DEVICE}</arg>
<doc>Logs the given message with the given level.</doc>
<status status="NOT RUN" start="2025-04-10T10:15:01.958674" elapsed="0.000025"/>
</kw>
<kw name="Log To Console" owner="BuiltIn">
<arg>CD_DEVICE\t\t: ${CD_DEVICE}</arg>
<doc>Logs the given message to the console.</doc>
<status status="NOT RUN" start="2025-04-10T10:15:01.958814" elapsed="0.000023"/>
</kw>
<kw name="Set Global Variable" owner="BuiltIn">
<arg>${CD_DEVICE}</arg>
<arg>${CD_DEVICE}</arg>
<doc>Makes a variable available globally in all tests and suites.</doc>
<status status="NOT RUN" start="2025-04-10T10:15:01.958949" elapsed="0.000022"/>
</kw>
<kw name="Log" owner="BuiltIn">
<arg>CD_OS\t\t\t: ${CD_OS}</arg>
<doc>Logs the given message with the given level.</doc>
<status status="NOT RUN" start="2025-04-10T10:15:01.959079" elapsed="0.000022"/>
</kw>
<kw name="Log To Console" owner="BuiltIn">
<arg>CD_OS\t\t\t: ${CD_OS}</arg>
<doc>Logs the given message to the console.</doc>
<status status="NOT RUN" start="2025-04-10T10:15:01.959213" elapsed="0.000021"/>
</kw>
<kw name="Set Global Variable" owner="BuiltIn">
<arg>${CD_OS}</arg>
<arg>${CD_OS}</arg>
<doc>Makes a variable available globally in all tests and suites.</doc>
<status status="NOT RUN" start="2025-04-10T10:15:01.959342" elapsed="0.000021"/>
</kw>
<kw name="Log" owner="BuiltIn">
<arg>CD_APP_URL\t\t: ${CD_APP_URL}</arg>
<doc>Logs the given message with the given level.</doc>
<status status="NOT RUN" start="2025-04-10T10:15:01.959475" elapsed="0.000025"/>
</kw>
<kw name="Log To Console" owner="BuiltIn">
<arg>CD_APP_URL\t\t: ${CD_APP_URL}</arg>
<doc>Logs the given message to the console.</doc>
<status status="NOT RUN" start="2025-04-10T10:15:01.959604" elapsed="0.000021"/>
</kw>
<kw name="Set Global Variable" owner="BuiltIn">
<arg>${CD_APP_URL}</arg>
<arg>${CD_APP_URL}</arg>
<doc>Makes a variable available globally in all tests and suites.</doc>
<status status="NOT RUN" start="2025-04-10T10:15:01.959733" elapsed="0.000021"/>
</kw>
<status status="NOT RUN" start="2025-04-10T10:15:01.958443" elapsed="0.001346"/>
</branch>
<status status="PASS" start="2025-04-10T10:15:01.958410" elapsed="0.001450"/>
</if>
<if>
<branch type="IF" condition="('${DEVICE}'=='TESTINGBOT')">
<kw name="Log" owner="BuiltIn">
<msg time="2025-04-10T10:15:01.960279" level="INFO">CD_DEVICE		: Pixel 9</msg>
<arg>CD_DEVICE\t\t: ${CD_DEVICE}</arg>
<doc>Logs the given message with the given level.</doc>
<status status="PASS" start="2025-04-10T10:15:01.960121" elapsed="0.000211"/>
</kw>
<kw name="Log To Console" owner="BuiltIn">
<arg>CD_DEVICE\t\t: ${CD_DEVICE}</arg>
<doc>Logs the given message to the console.</doc>
<status status="PASS" start="2025-04-10T10:15:01.960451" elapsed="0.000199"/>
</kw>
<kw name="Set Global Variable" owner="BuiltIn">
<msg time="2025-04-10T10:15:01.961174" level="INFO">${CD_DEVICE} = Pixel 9</msg>
<arg>${CD_DEVICE}</arg>
<arg>${CD_DEVICE}</arg>
<doc>Makes a variable available globally in all tests and suites.</doc>
<status status="PASS" start="2025-04-10T10:15:01.960843" elapsed="0.000385"/>
</kw>
<kw name="Log" owner="BuiltIn">
<msg time="2025-04-10T10:15:01.961499" level="INFO">CD_OS			: 15.0</msg>
<arg>CD_OS\t\t\t: ${CD_OS}</arg>
<doc>Logs the given message with the given level.</doc>
<status status="PASS" start="2025-04-10T10:15:01.961351" elapsed="0.000198"/>
</kw>
<kw name="Log To Console" owner="BuiltIn">
<arg>CD_OS\t\t\t: ${CD_OS}</arg>
<doc>Logs the given message to the console.</doc>
<status status="PASS" start="2025-04-10T10:15:01.961664" elapsed="0.000190"/>
</kw>
<kw name="Set Global Variable" owner="BuiltIn">
<msg time="2025-04-10T10:15:01.962345" level="INFO">${CD_OS} = 15.0</msg>
<arg>${CD_OS}</arg>
<arg>${CD_OS}</arg>
<doc>Makes a variable available globally in all tests and suites.</doc>
<status status="PASS" start="2025-04-10T10:15:01.962045" elapsed="0.000351"/>
</kw>
<kw name="Log" owner="BuiltIn">
<msg time="2025-04-10T10:15:01.962664" level="INFO">CD_APP_URL		: tb://8b01876066524052a5f30645</msg>
<arg>CD_APP_URL\t\t: ${CD_APP_URL}</arg>
<doc>Logs the given message with the given level.</doc>
<status status="PASS" start="2025-04-10T10:15:01.962520" elapsed="0.000193"/>
</kw>
<kw name="Log To Console" owner="BuiltIn">
<arg>CD_APP_URL\t\t: ${CD_APP_URL}</arg>
<doc>Logs the given message to the console.</doc>
<status status="PASS" start="2025-04-10T10:15:01.962825" elapsed="0.000189"/>
</kw>
<kw name="Set Global Variable" owner="BuiltIn">
<msg time="2025-04-10T10:15:01.963515" level="INFO">${CD_APP_URL} = tb://8b01876066524052a5f30645</msg>
<arg>${CD_APP_URL}</arg>
<arg>${CD_APP_URL}</arg>
<doc>Makes a variable available globally in all tests and suites.</doc>
<status status="PASS" start="2025-04-10T10:15:01.963203" elapsed="0.000363"/>
</kw>
<status status="PASS" start="2025-04-10T10:15:01.959937" elapsed="0.003668"/>
</branch>
<status status="PASS" start="2025-04-10T10:15:01.959918" elapsed="0.003713"/>
</if>
<status status="PASS" start="2025-04-10T10:15:01.951255" elapsed="0.012433"/>
</kw>
<kw name="Open Application" owner="AppiumLibrary">
<kw name="Capture Page Screenshot" owner="AppiumLibrary">
<msg time="2025-04-10T10:19:45.675867" level="FAIL">No application is open</msg>
<doc>Takes a screenshot of the current page and embeds it into the log.</doc>
<status status="FAIL" start="2025-04-10T10:19:45.675475" elapsed="0.002368">No application is open</status>
</kw>
<msg time="2025-04-10T10:19:45.680190" level="WARN">Keyword 'Capture Page Screenshot' could not be run on failure: No application is open</msg>
<msg time="2025-04-10T10:19:45.680430" level="FAIL">ProtocolError: ('Connection aborted.', ConnectionResetError(104, 'Connection reset by peer'))</msg>
<arg>http://${TESTINGBOT_KEY}:${TESTINGBOT_SECRET}@hub.testingbot.com/wd/hub</arg>
<arg>platformName=${M_TYPE}</arg>
<arg>deviceName=${CD_DEVICE}</arg>
<arg>version=${CD_OS}</arg>
<arg>app=${CD_APP_URL}</arg>
<arg>realDevice=true</arg>
<arg>build=[${TIME_STAMP}][${ENV}][VERS_COMP] REKENINGKU FLUTTER</arg>
<arg>name=${TEST_NAME}</arg>
<arg>autoGrantPermissions=true</arg>
<arg>automationName=UiAutomator2</arg>
<doc>Opens a new application to given Appium server.
Capabilities of appium server, Android and iOS,
Please check https://appium.io/docs/en/2.1/cli/args/
| *Option*            | *Man.* | *Description*     |
| remote_url          | Yes    | Appium server url |
| alias               | no     | alias             |
| strict_ssl          | No     | allows you to send commands to an invalid certificate host like a self-signed one. |</doc>
<status status="FAIL" start="2025-04-10T10:15:01.963800" elapsed="283.717131">ProtocolError: ('Connection aborted.', ConnectionResetError(104, 'Connection reset by peer'))</status>
</kw>
<kw name="Click signin button" owner="signin_page">
<status status="NOT RUN" start="2025-04-10T10:19:45.681319" elapsed="0.000053"/>
</kw>
<kw name="Display sign in page" owner="signin_page">
<status status="NOT RUN" start="2025-04-10T10:19:45.681535" elapsed="0.000029"/>
</kw>
<kw name="Input signin email textbox" owner="signin_page">
<arg>${${ENV}_VERIFIED_USER_EMAIL}</arg>
<status status="NOT RUN" start="2025-04-10T10:19:45.681713" elapsed="0.000026"/>
</kw>
<kw name="Input signin password textbox" owner="signin_page">
<arg>${${ENV}_VERIFIED_USER_PASSWORD}</arg>
<status status="NOT RUN" start="2025-04-10T10:19:45.682025" elapsed="0.000028"/>
</kw>
<kw name="Click signin action button" owner="signin_page">
<status status="NOT RUN" start="2025-04-10T10:19:45.682200" elapsed="0.000027"/>
</kw>
<kw name="Display pin verification page" owner="signin_page">
<status status="NOT RUN" start="2025-04-10T10:19:45.682360" elapsed="0.000026"/>
</kw>
<kw name="Input pin verification textbox" owner="signin_page">
<arg>${${ENV}_VERIFIED_USER_PIN}</arg>
<status status="NOT RUN" start="2025-04-10T10:19:45.682532" elapsed="0.000030"/>
</kw>
<kw name="Display home page" owner="signin_page">
<status status="NOT RUN" start="2025-04-10T10:19:45.682699" elapsed="0.000026"/>
</kw>
<kw name="Check coachmark popup if showup" owner="signin_page">
<status status="NOT RUN" start="2025-04-10T10:19:45.682852" elapsed="0.000024"/>
</kw>
<kw name="Check navbar home is selected" owner="signin_page">
<status status="NOT RUN" start="2025-04-10T10:19:45.683014" elapsed="0.000024"/>
</kw>
<kw name="Click profile menu button" owner="signin_page">
<status status="NOT RUN" start="2025-04-10T10:19:45.683238" elapsed="0.000026"/>
</kw>
<kw name="Check profile page" owner="signin_page">
<status status="NOT RUN" start="2025-04-10T10:19:45.683420" elapsed="0.000025"/>
</kw>
<kw name="Close Application" owner="AppiumLibrary">
<doc>Closes the current application and also close webdriver session.</doc>
<status status="NOT RUN" start="2025-04-10T10:19:45.683573" elapsed="0.000025"/>
</kw>
<tag>VERS_COMP</tag>
<status status="FAIL" start="2025-04-10T10:15:01.943188" elapsed="283.740615">ProtocolError: ('Connection aborted.', ConnectionResetError(104, 'Connection reset by peer'))</status>
</test>
<test id="s1-s1-s1-t2" name="ANDROID - v14.0 - Pixel 8 (Emulator)" line="37">
<kw name="Set Global Variable" owner="BuiltIn">
<msg time="2025-04-10T10:19:45.685024" level="INFO">${M_TYPE} = ANDROID</msg>
<arg>${M_TYPE}</arg>
<arg>ANDROID</arg>
<doc>Makes a variable available globally in all tests and suites.</doc>
<status status="PASS" start="2025-04-10T10:19:45.684713" elapsed="0.000374"/>
</kw>
<kw name="Set Global Variable" owner="BuiltIn">
<msg time="2025-04-10T10:19:45.685439" level="INFO">${CD_DEVICE} = Pixel 8</msg>
<arg>${CD_DEVICE}</arg>
<arg>Pixel 8</arg>
<doc>Makes a variable available globally in all tests and suites.</doc>
<status status="PASS" start="2025-04-10T10:19:45.685221" elapsed="0.000267"/>
</kw>
<kw name="Set Global Variable" owner="BuiltIn">
<msg time="2025-04-10T10:19:45.685823" level="INFO">${CD_OS} = 14.0</msg>
<arg>${CD_OS}</arg>
<arg>14.0</arg>
<doc>Makes a variable available globally in all tests and suites.</doc>
<status status="PASS" start="2025-04-10T10:19:45.685616" elapsed="0.000263"/>
</kw>
<kw name="Set Global Variable" owner="BuiltIn">
<msg time="2025-04-10T10:19:45.686229" level="INFO">${CD_APP_URL} = tb://8b01876066524052a5f30645</msg>
<arg>${CD_APP_URL}</arg>
<arg>${CD_APP_URL_APK}</arg>
<doc>Makes a variable available globally in all tests and suites.</doc>
<status status="PASS" start="2025-04-10T10:19:45.686005" elapsed="0.000273"/>
</kw>
<kw name="Set data environment and device" owner="general">
<kw name="Log" owner="BuiltIn">
<msg time="2025-04-10T10:19:45.687192" level="INFO">
LOG AutomatedTest</msg>
<arg>\nLOG AutomatedTest</arg>
<doc>Logs the given message with the given level.</doc>
<status status="PASS" start="2025-04-10T10:19:45.687053" elapsed="0.000435"/>
</kw>
<kw name="Log To Console" owner="BuiltIn">
<arg>\nLOG AutomatedTest</arg>
<doc>Logs the given message to the console.</doc>
<status status="PASS" start="2025-04-10T10:19:45.687615" elapsed="0.000181"/>
</kw>
<kw name="Log" owner="BuiltIn">
<msg time="2025-04-10T10:19:45.688202" level="INFO">Run on Environment	: PROD</msg>
<arg>Run on Environment\t: ${ENV}</arg>
<doc>Logs the given message with the given level.</doc>
<status status="PASS" start="2025-04-10T10:19:45.687987" elapsed="0.000289"/>
</kw>
<kw name="Log To Console" owner="BuiltIn">
<arg>Run on Environment\t: ${ENV}</arg>
<doc>Logs the given message to the console.</doc>
<status status="PASS" start="2025-04-10T10:19:45.688453" elapsed="0.000315"/>
</kw>
<kw name="Set Global Variable" owner="BuiltIn">
<msg time="2025-04-10T10:19:45.689373" level="INFO">${ENV} = PROD</msg>
<arg>${ENV}</arg>
<arg>${ENV}</arg>
<doc>Makes a variable available globally in all tests and suites.</doc>
<status status="PASS" start="2025-04-10T10:19:45.688999" elapsed="0.000448"/>
</kw>
<kw name="Log" owner="BuiltIn">
<msg time="2025-04-10T10:19:45.689795" level="INFO">TAG TEST		: VERS_COMP</msg>
<arg>TAG TEST\t\t: ${TAG_TEST}</arg>
<doc>Logs the given message with the given level.</doc>
<status status="PASS" start="2025-04-10T10:19:45.689627" elapsed="0.000222"/>
</kw>
<kw name="Log To Console" owner="BuiltIn">
<arg>TAG TEST\t\t: ${TAG_TEST}</arg>
<doc>Logs the given message to the console.</doc>
<status status="PASS" start="2025-04-10T10:19:45.689972" elapsed="0.000205"/>
</kw>
<kw name="Set Global Variable" owner="BuiltIn">
<msg time="2025-04-10T10:19:45.690655" level="INFO">${TAG_TEST} = VERS_COMP</msg>
<arg>${TAG_TEST}</arg>
<arg>${TAG_TEST}</arg>
<doc>Makes a variable available globally in all tests and suites.</doc>
<status status="PASS" start="2025-04-10T10:19:45.690372" elapsed="0.000334"/>
</kw>
<kw name="Log" owner="BuiltIn">
<msg time="2025-04-10T10:19:45.690973" level="INFO">Mobile Device Type	: ANDROID</msg>
<arg>Mobile Device Type\t: ${M_TYPE}</arg>
<doc>Logs the given message with the given level.</doc>
<status status="PASS" start="2025-04-10T10:19:45.690828" elapsed="0.000195"/>
</kw>
<kw name="Log To Console" owner="BuiltIn">
<arg>Mobile Device Type\t: ${M_TYPE}</arg>
<doc>Logs the given message to the console.</doc>
<status status="PASS" start="2025-04-10T10:19:45.691139" elapsed="0.000189"/>
</kw>
<kw name="Set Global Variable" owner="BuiltIn">
<msg time="2025-04-10T10:19:45.691797" level="INFO">${M_TYPE} = ANDROID</msg>
<arg>${M_TYPE}</arg>
<arg>${M_TYPE}</arg>
<doc>Makes a variable available globally in all tests and suites.</doc>
<status status="PASS" start="2025-04-10T10:19:45.691521" elapsed="0.000327"/>
</kw>
<kw name="Get Variables" owner="BuiltIn">
<arg>${DEVICE}</arg>
<doc>Returns a dictionary containing all variables in the current scope.</doc>
<status status="PASS" start="2025-04-10T10:19:45.691970" elapsed="0.000454"/>
</kw>
<kw name="Log" owner="BuiltIn">
<msg time="2025-04-10T10:19:45.692694" level="INFO">Run with Cloud Device	: TESTINGBOT</msg>
<arg>Run with Cloud Device\t: ${DEVICE}</arg>
<doc>Logs the given message with the given level.</doc>
<status status="PASS" start="2025-04-10T10:19:45.692551" elapsed="0.000195"/>
</kw>
<kw name="Log To Console" owner="BuiltIn">
<arg>Run with Cloud Device\t: ${DEVICE}</arg>
<doc>Logs the given message to the console.</doc>
<status status="PASS" start="2025-04-10T10:19:45.692868" elapsed="0.000226"/>
</kw>
<kw name="Set Global Variable" owner="BuiltIn">
<msg time="2025-04-10T10:19:45.693578" level="INFO">${DEVICE} = TESTINGBOT</msg>
<arg>${DEVICE}</arg>
<arg>${DEVICE}</arg>
<doc>Makes a variable available globally in all tests and suites.</doc>
<status status="PASS" start="2025-04-10T10:19:45.693308" elapsed="0.000321"/>
</kw>
<if>
<branch type="IF" condition="('${DEVICE}'=='BROWSERSTACK')">
<kw name="Log" owner="BuiltIn">
<arg>CD_DEVICE\t\t: ${CD_DEVICE}</arg>
<doc>Logs the given message with the given level.</doc>
<status status="NOT RUN" start="2025-04-10T10:19:45.693972" elapsed="0.000026"/>
</kw>
<kw name="Log To Console" owner="BuiltIn">
<arg>CD_DEVICE\t\t: ${CD_DEVICE}</arg>
<doc>Logs the given message to the console.</doc>
<status status="NOT RUN" start="2025-04-10T10:19:45.694115" elapsed="0.000023"/>
</kw>
<kw name="Set Global Variable" owner="BuiltIn">
<arg>${CD_DEVICE}</arg>
<arg>${CD_DEVICE}</arg>
<doc>Makes a variable available globally in all tests and suites.</doc>
<status status="NOT RUN" start="2025-04-10T10:19:45.694252" elapsed="0.000022"/>
</kw>
<kw name="Log" owner="BuiltIn">
<arg>CD_OS\t\t\t: ${CD_OS}</arg>
<doc>Logs the given message with the given level.</doc>
<status status="NOT RUN" start="2025-04-10T10:19:45.694384" elapsed="0.000023"/>
</kw>
<kw name="Log To Console" owner="BuiltIn">
<arg>CD_OS\t\t\t: ${CD_OS}</arg>
<doc>Logs the given message to the console.</doc>
<status status="NOT RUN" start="2025-04-10T10:19:45.694513" elapsed="0.000021"/>
</kw>
<kw name="Set Global Variable" owner="BuiltIn">
<arg>${CD_OS}</arg>
<arg>${CD_OS}</arg>
<doc>Makes a variable available globally in all tests and suites.</doc>
<status status="NOT RUN" start="2025-04-10T10:19:45.694643" elapsed="0.000022"/>
</kw>
<kw name="Log" owner="BuiltIn">
<arg>CD_APP_URL\t\t: ${CD_APP_URL}</arg>
<doc>Logs the given message with the given level.</doc>
<status status="NOT RUN" start="2025-04-10T10:19:45.694773" elapsed="0.000022"/>
</kw>
<kw name="Log To Console" owner="BuiltIn">
<arg>CD_APP_URL\t\t: ${CD_APP_URL}</arg>
<doc>Logs the given message to the console.</doc>
<status status="NOT RUN" start="2025-04-10T10:19:45.694898" elapsed="0.000021"/>
</kw>
<kw name="Set Global Variable" owner="BuiltIn">
<arg>${CD_APP_URL}</arg>
<arg>${CD_APP_URL}</arg>
<doc>Makes a variable available globally in all tests and suites.</doc>
<status status="NOT RUN" start="2025-04-10T10:19:45.695026" elapsed="0.000021"/>
</kw>
<status status="NOT RUN" start="2025-04-10T10:19:45.693737" elapsed="0.001346"/>
</branch>
<status status="PASS" start="2025-04-10T10:19:45.693705" elapsed="0.001409"/>
</if>
<if>
<branch type="IF" condition="('${DEVICE}'=='TESTINGBOT')">
<kw name="Log" owner="BuiltIn">
<msg time="2025-04-10T10:19:45.695517" level="INFO">CD_DEVICE		: Pixel 8</msg>
<arg>CD_DEVICE\t\t: ${CD_DEVICE}</arg>
<doc>Logs the given message with the given level.</doc>
<status status="PASS" start="2025-04-10T10:19:45.695365" elapsed="0.000205"/>
</kw>
<kw name="Log To Console" owner="BuiltIn">
<arg>CD_DEVICE\t\t: ${CD_DEVICE}</arg>
<doc>Logs the given message to the console.</doc>
<status status="PASS" start="2025-04-10T10:19:45.695698" elapsed="0.000198"/>
</kw>
<kw name="Set Global Variable" owner="BuiltIn">
<msg time="2025-04-10T10:19:45.696386" level="INFO">${CD_DEVICE} = Pixel 8</msg>
<arg>${CD_DEVICE}</arg>
<arg>${CD_DEVICE}</arg>
<doc>Makes a variable available globally in all tests and suites.</doc>
<status status="PASS" start="2025-04-10T10:19:45.696100" elapsed="0.000338"/>
</kw>
<kw name="Log" owner="BuiltIn">
<msg time="2025-04-10T10:19:45.696708" level="INFO">CD_OS			: 14.0</msg>
<arg>CD_OS\t\t\t: ${CD_OS}</arg>
<doc>Logs the given message with the given level.</doc>
<status status="PASS" start="2025-04-10T10:19:45.696563" elapsed="0.000195"/>
</kw>
<kw name="Log To Console" owner="BuiltIn">
<arg>CD_OS\t\t\t: ${CD_OS}</arg>
<doc>Logs the given message to the console.</doc>
<status status="PASS" start="2025-04-10T10:19:45.696880" elapsed="0.000223"/>
</kw>
<kw name="Set Global Variable" owner="BuiltIn">
<msg time="2025-04-10T10:19:45.697577" level="INFO">${CD_OS} = 14.0</msg>
<arg>${CD_OS}</arg>
<arg>${CD_OS}</arg>
<doc>Makes a variable available globally in all tests and suites.</doc>
<status status="PASS" start="2025-04-10T10:19:45.697299" elapsed="0.000329"/>
</kw>
<kw name="Log" owner="BuiltIn">
<msg time="2025-04-10T10:19:45.697959" level="INFO">CD_APP_URL		: tb://8b01876066524052a5f30645</msg>
<arg>CD_APP_URL\t\t: ${CD_APP_URL}</arg>
<doc>Logs the given message with the given level.</doc>
<status status="PASS" start="2025-04-10T10:19:45.697809" elapsed="0.000201"/>
</kw>
<kw name="Log To Console" owner="BuiltIn">
<arg>CD_APP_URL\t\t: ${CD_APP_URL}</arg>
<doc>Logs the given message to the console.</doc>
<status status="PASS" start="2025-04-10T10:19:45.698127" elapsed="0.000193"/>
</kw>
<kw name="Set Global Variable" owner="BuiltIn">
<msg time="2025-04-10T10:19:45.698803" level="INFO">${CD_APP_URL} = tb://8b01876066524052a5f30645</msg>
<arg>${CD_APP_URL}</arg>
<arg>${CD_APP_URL}</arg>
<doc>Makes a variable available globally in all tests and suites.</doc>
<status status="PASS" start="2025-04-10T10:19:45.698514" elapsed="0.000340"/>
</kw>
<status status="PASS" start="2025-04-10T10:19:45.695180" elapsed="0.003725"/>
</branch>
<status status="PASS" start="2025-04-10T10:19:45.695162" elapsed="0.003776"/>
</if>
<status status="PASS" start="2025-04-10T10:19:45.686756" elapsed="0.012251"/>
</kw>
<kw name="Open Application" owner="AppiumLibrary">
<arg>http://${TESTINGBOT_KEY}:${TESTINGBOT_SECRET}@hub.testingbot.com/wd/hub</arg>
<arg>platformName=${M_TYPE}</arg>
<arg>deviceName=${CD_DEVICE}</arg>
<arg>version=${CD_OS}</arg>
<arg>app=${CD_APP_URL}</arg>
<arg>realDevice=true</arg>
<arg>build=[${TIME_STAMP}][${ENV}][VERS_COMP] REKENINGKU FLUTTER</arg>
<arg>name=${TEST_NAME}</arg>
<arg>autoGrantPermissions=true</arg>
<arg>automationName=UiAutomator2</arg>
<doc>Opens a new application to given Appium server.
Capabilities of appium server, Android and iOS,
Please check https://appium.io/docs/en/2.1/cli/args/
| *Option*            | *Man.* | *Description*     |
| remote_url          | Yes    | Appium server url |
| alias               | no     | alias             |
| strict_ssl          | No     | allows you to send commands to an invalid certificate host like a self-signed one. |</doc>
<status status="PASS" start="2025-04-10T10:19:45.699131" elapsed="19.088095"/>
</kw>
<kw name="Click signin button" owner="signin_page">
<kw name="Wait Until Page Contains Element" owner="AppiumLibrary">
<msg time="2025-04-10T10:20:06.546074" level="INFO">xpath criteria: //android.widget.Button[contains(@content-desc,'Sign In')]
xpath criteria: //android.widget.Button[contains(@content-desc,'Sign In')]</msg>
<arg>${${M_TYPE}_BTN_SIGN_IN}</arg>
<arg>${MAXTIMEOUT}</arg>
<doc>Waits until element specified with `locator` appears on current page.</doc>
<status status="PASS" start="2025-04-10T10:20:04.787896" elapsed="1.758303"/>
</kw>
<kw name="Click Element" owner="AppiumLibrary">
<msg time="2025-04-10T10:20:06.548917" level="INFO">Clicking element '//android.widget.Button[contains(@content-desc,'Sign In')]'.</msg>
<msg time="2025-04-10T10:20:08.143784" level="INFO">xpath criteria: //android.widget.Button[contains(@content-desc,'Sign In')]</msg>
<arg>${${M_TYPE}_BTN_SIGN_IN}</arg>
<doc>Click element identified by `locator`.</doc>
<status status="PASS" start="2025-04-10T10:20:06.546427" elapsed="1.597498"/>
</kw>
<status status="PASS" start="2025-04-10T10:20:04.787554" elapsed="3.356488"/>
</kw>
<kw name="Display sign in page" owner="signin_page">
<kw name="Wait Until Page Contains Element" owner="AppiumLibrary">
<msg time="2025-04-10T10:20:08.503591" level="INFO">xpath criteria: //*[@content-desc="Email"]/following-sibling::android.widget.EditText[1]</msg>
<arg>${${M_TYPE}_TXT_EMAIL}</arg>
<arg>${MAXTIMEOUT}</arg>
<doc>Waits until element specified with `locator` appears on current page.</doc>
<status status="PASS" start="2025-04-10T10:20:08.144684" elapsed="0.359037"/>
</kw>
<kw name="Wait Until Page Contains Element" owner="AppiumLibrary">
<msg time="2025-04-10T10:20:08.793329" level="INFO">xpath criteria: //*[@content-desc="Password"]/following-sibling::android.widget.EditText[1]</msg>
<arg>${${M_TYPE}_TXT_PASSWORD}</arg>
<arg>${MAXTIMEOUT}</arg>
<doc>Waits until element specified with `locator` appears on current page.</doc>
<status status="PASS" start="2025-04-10T10:20:08.503955" elapsed="0.289501"/>
</kw>
<kw name="Wait Until Page Contains Element" owner="AppiumLibrary">
<msg time="2025-04-10T10:20:09.084116" level="INFO">xpath criteria: //android.widget.Button[contains(@content-desc,'Sign In')]</msg>
<arg>${${M_TYPE}_BTN_SIGN_IN}</arg>
<arg>${MAXTIMEOUT}</arg>
<doc>Waits until element specified with `locator` appears on current page.</doc>
<status status="PASS" start="2025-04-10T10:20:08.793696" elapsed="0.290562"/>
</kw>
<status status="PASS" start="2025-04-10T10:20:08.144315" elapsed="0.940079"/>
</kw>
<kw name="Input signin email textbox" owner="signin_page">
<kw name="Wait Until Page Contains Element" owner="AppiumLibrary">
<msg time="2025-04-10T10:20:09.406722" level="INFO">xpath criteria: //*[@content-desc="Email"]/following-sibling::android.widget.EditText[1]</msg>
<arg>${${M_TYPE}_TXT_EMAIL}</arg>
<arg>${MAXTIMEOUT}</arg>
<doc>Waits until element specified with `locator` appears on current page.</doc>
<status status="PASS" start="2025-04-10T10:20:09.085253" elapsed="0.321611"/>
</kw>
<kw name="Click Element" owner="AppiumLibrary">
<msg time="2025-04-10T10:20:09.409796" level="INFO">Clicking element '//*[@content-desc="Email"]/following-sibling::android.widget.EditText[1]'.</msg>
<msg time="2025-04-10T10:20:10.079394" level="INFO">xpath criteria: //*[@content-desc="Email"]/following-sibling::android.widget.EditText[1]</msg>
<arg>${${M_TYPE}_TXT_EMAIL}</arg>
<doc>Click element identified by `locator`.</doc>
<status status="PASS" start="2025-04-10T10:20:09.407190" elapsed="0.672345"/>
</kw>
<kw name="Handle loading before input action" owner="general">
<kw name="Sleep" owner="BuiltIn">
<msg time="2025-04-10T10:20:11.080587" level="INFO">Slept 1 second.</msg>
<arg>${LOADING_INPUT_TIME}</arg>
<doc>Pauses the test executed for the given time.</doc>
<status status="PASS" start="2025-04-10T10:20:10.080229" elapsed="1.000559"/>
</kw>
<status status="PASS" start="2025-04-10T10:20:10.079847" elapsed="1.001094"/>
</kw>
<kw name="Input Text" owner="AppiumLibrary">
<msg time="2025-04-10T10:20:11.083845" level="INFO">Typing text 'testerrekeningku+01@gmail.com' into text field '//*[@content-desc="Email"]/following-sibling::android.widget.EditText[1]'</msg>
<msg time="2025-04-10T10:20:11.660886" level="INFO">xpath criteria: //*[@content-desc="Email"]/following-sibling::android.widget.EditText[1]</msg>
<arg>${${M_TYPE}_TXT_EMAIL}</arg>
<arg>${email}</arg>
<doc>Types the given `text` into text field identified by `locator`.</doc>
<status status="PASS" start="2025-04-10T10:20:11.081212" elapsed="0.579828"/>
</kw>
<kw name="Hide Keyboard" owner="AppiumLibrary">
<doc>Hides the software keyboard on the device. (optional) In iOS, use `key_name` to press
a particular key, ex. `Done`. In Android, no parameters are used.</doc>
<status status="PASS" start="2025-04-10T10:20:11.661279" elapsed="1.365283"/>
</kw>
<arg>${${ENV}_VERIFIED_USER_EMAIL}</arg>
<status status="PASS" start="2025-04-10T10:20:09.084719" elapsed="3.941995"/>
</kw>
<kw name="Input signin password textbox" owner="signin_page">
<if>
<branch type="IF" condition="(&quot;${M_TYPE}&quot;==&quot;ANDROID&quot;)">
<kw name="Wait Until Page Contains Element" owner="AppiumLibrary">
<msg time="2025-04-10T10:20:13.477980" level="INFO">xpath criteria: //*[@content-desc="Password"]/following-sibling::android.widget.EditText[1]</msg>
<arg>${${M_TYPE}_TXT_PASSWORD}</arg>
<arg>${MAXTIMEOUT}</arg>
<doc>Waits until element specified with `locator` appears on current page.</doc>
<status status="PASS" start="2025-04-10T10:20:13.027826" elapsed="0.450281"/>
</kw>
<kw name="Click Element" owner="AppiumLibrary">
<msg time="2025-04-10T10:20:13.480854" level="INFO">Clicking element '//*[@content-desc="Password"]/following-sibling::android.widget.EditText[1]'.</msg>
<msg time="2025-04-10T10:20:14.160793" level="INFO">xpath criteria: //*[@content-desc="Password"]/following-sibling::android.widget.EditText[1]</msg>
<arg>${${M_TYPE}_TXT_PASSWORD}</arg>
<doc>Click element identified by `locator`.</doc>
<status status="PASS" start="2025-04-10T10:20:13.478341" elapsed="0.682588"/>
</kw>
<kw name="Handle loading before input action" owner="general">
<kw name="Sleep" owner="BuiltIn">
<msg time="2025-04-10T10:20:15.162065" level="INFO">Slept 1 second.</msg>
<arg>${LOADING_INPUT_TIME}</arg>
<doc>Pauses the test executed for the given time.</doc>
<status status="PASS" start="2025-04-10T10:20:14.161724" elapsed="1.000509"/>
</kw>
<status status="PASS" start="2025-04-10T10:20:14.161356" elapsed="1.001000"/>
</kw>
<kw name="Input Text" owner="AppiumLibrary">
<msg time="2025-04-10T10:20:15.165115" level="INFO">Typing text 'Tester12345.' into text field '//*[@content-desc="Password"]/following-sibling::android.widget.EditText[1]'</msg>
<msg time="2025-04-10T10:20:15.724330" level="INFO">xpath criteria: //*[@content-desc="Password"]/following-sibling::android.widget.EditText[1]</msg>
<arg>${${M_TYPE}_TXT_PASSWORD}</arg>
<arg>${password}</arg>
<doc>Types the given `text` into text field identified by `locator`.</doc>
<status status="PASS" start="2025-04-10T10:20:15.162552" elapsed="0.561904"/>
</kw>
<kw name="Hide Keyboard" owner="AppiumLibrary">
<doc>Hides the software keyboard on the device. (optional) In iOS, use `key_name` to press
a particular key, ex. `Done`. In Android, no parameters are used.</doc>
<status status="PASS" start="2025-04-10T10:20:15.724696" elapsed="2.225936"/>
</kw>
<status status="PASS" start="2025-04-10T10:20:13.027573" elapsed="4.923149"/>
</branch>
<branch type="ELSE">
<kw name="Wait Until Page Contains Element" owner="AppiumLibrary">
<arg>${${M_TYPE}_BTN_SHOW_PASS}</arg>
<arg>${MAXTIMEOUT}</arg>
<doc>Waits until element specified with `locator` appears on current page.</doc>
<status status="NOT RUN" start="2025-04-10T10:20:17.950992" elapsed="0.000032"/>
</kw>
<kw name="Click Element" owner="AppiumLibrary">
<arg>${${M_TYPE}_BTN_SHOW_PASS}</arg>
<doc>Click element identified by `locator`.</doc>
<status status="NOT RUN" start="2025-04-10T10:20:17.951182" elapsed="0.000045"/>
</kw>
<kw name="Wait Until Page Contains Element" owner="AppiumLibrary">
<arg>${${M_TYPE}_TXT_PASSWORD}</arg>
<arg>${MAXTIMEOUT}</arg>
<doc>Waits until element specified with `locator` appears on current page.</doc>
<status status="NOT RUN" start="2025-04-10T10:20:17.951443" elapsed="0.000032"/>
</kw>
<kw name="Click Element" owner="AppiumLibrary">
<arg>${${M_TYPE}_TXT_PASSWORD}</arg>
<doc>Click element identified by `locator`.</doc>
<status status="NOT RUN" start="2025-04-10T10:20:17.951597" elapsed="0.000023"/>
</kw>
<kw name="Handle loading before input action" owner="general">
<status status="NOT RUN" start="2025-04-10T10:20:17.951839" elapsed="0.000034"/>
</kw>
<kw name="Input Text" owner="AppiumLibrary">
<arg>${${M_TYPE}_TXT_PASSWORD}</arg>
<arg>${password}</arg>
<doc>Types the given `text` into text field identified by `locator`.</doc>
<status status="NOT RUN" start="2025-04-10T10:20:17.951984" elapsed="0.000023"/>
</kw>
<kw name="Hide Keyboard" owner="AppiumLibrary">
<doc>Hides the software keyboard on the device. (optional) In iOS, use `key_name` to press
a particular key, ex. `Done`. In Android, no parameters are used.</doc>
<status status="NOT RUN" start="2025-04-10T10:20:17.952120" elapsed="0.000077"/>
</kw>
<status status="NOT RUN" start="2025-04-10T10:20:17.950771" elapsed="0.001509"/>
</branch>
<status status="PASS" start="2025-04-10T10:20:13.027544" elapsed="4.924765"/>
</if>
<arg>${${ENV}_VERIFIED_USER_PASSWORD}</arg>
<status status="PASS" start="2025-04-10T10:20:13.027156" elapsed="4.925226"/>
</kw>
<kw name="Click signin action button" owner="signin_page">
<kw name="Wait Until Page Contains Element" owner="AppiumLibrary">
<msg time="2025-04-10T10:20:18.449277" level="INFO">xpath criteria: //android.widget.Button[contains(@content-desc,'Sign In')]</msg>
<arg>${${M_TYPE}_BTN_SIGN_IN_2}</arg>
<arg>${MAXTIMEOUT}</arg>
<doc>Waits until element specified with `locator` appears on current page.</doc>
<status status="PASS" start="2025-04-10T10:20:17.952881" elapsed="0.496533"/>
</kw>
<kw name="Click Element" owner="AppiumLibrary">
<msg time="2025-04-10T10:20:18.452132" level="INFO">Clicking element '//android.widget.Button[contains(@content-desc,'Sign In')]'.</msg>
<msg time="2025-04-10T10:20:19.013176" level="INFO">xpath criteria: //android.widget.Button[contains(@content-desc,'Sign In')]</msg>
<arg>${${M_TYPE}_BTN_SIGN_IN_2}</arg>
<doc>Click element identified by `locator`.</doc>
<status status="PASS" start="2025-04-10T10:20:18.449645" elapsed="0.563666"/>
</kw>
<status status="PASS" start="2025-04-10T10:20:17.952546" elapsed="1.060894"/>
</kw>
<kw name="Display pin verification page" owner="signin_page">
<kw name="Wait Until Page Contains Element" owner="AppiumLibrary">
<msg time="2025-04-10T10:20:21.960037" level="INFO">xpath criteria: //*[contains(@content-desc,'Authentication Code')]
xpath criteria: //*[contains(@content-desc,'Authentication Code')]
xpath criteria: //*[contains(@content-desc,'Authentication Code')]
xpath criteria: //*[contains(@content-desc,'Authentication Code')]</msg>
<arg>${${M_TYPE}_LBL_PIN_VERIFICATION_PAGE}</arg>
<arg>${MAXTIMEOUT}</arg>
<doc>Waits until element specified with `locator` appears on current page.</doc>
<status status="PASS" start="2025-04-10T10:20:19.014079" elapsed="2.946087"/>
</kw>
<kw name="Wait Until Page Contains Element" owner="AppiumLibrary">
<msg time="2025-04-10T10:20:22.340055" level="INFO">xpath criteria: //*[@content-desc="Enter Authenticator Code"]/following-sibling::android.widget.EditText[1]</msg>
<arg>${${M_TYPE}_TXT_VERIFICATION}</arg>
<arg>${MAXTIMEOUT}</arg>
<doc>Waits until element specified with `locator` appears on current page.</doc>
<status status="PASS" start="2025-04-10T10:20:21.960402" elapsed="0.379799"/>
</kw>
<status status="PASS" start="2025-04-10T10:20:19.013708" elapsed="3.326633"/>
</kw>
<kw name="Input pin verification textbox" owner="signin_page">
<kw name="Wait Until Page Contains Element" owner="AppiumLibrary">
<msg time="2025-04-10T10:20:22.591462" level="INFO">xpath criteria: //*[@content-desc="Enter Authenticator Code"]/following-sibling::android.widget.EditText[1]</msg>
<arg>${${M_TYPE}_TXT_VERIFICATION}</arg>
<arg>${MAXTIMEOUT}</arg>
<doc>Waits until element specified with `locator` appears on current page.</doc>
<status status="PASS" start="2025-04-10T10:20:22.341175" elapsed="0.250423"/>
</kw>
<kw name="Click Element" owner="AppiumLibrary">
<msg time="2025-04-10T10:20:22.594435" level="INFO">Clicking element '//*[@content-desc="Enter Authenticator Code"]/following-sibling::android.widget.EditText[1]'.</msg>
<msg time="2025-04-10T10:20:23.271991" level="INFO">xpath criteria: //*[@content-desc="Enter Authenticator Code"]/following-sibling::android.widget.EditText[1]</msg>
<arg>${${M_TYPE}_TXT_VERIFICATION}</arg>
<doc>Click element identified by `locator`.</doc>
<status status="PASS" start="2025-04-10T10:20:22.591860" elapsed="0.680277"/>
</kw>
<kw name="Handle loading before input action" owner="general">
<kw name="Sleep" owner="BuiltIn">
<msg time="2025-04-10T10:20:24.273245" level="INFO">Slept 1 second.</msg>
<arg>${LOADING_INPUT_TIME}</arg>
<doc>Pauses the test executed for the given time.</doc>
<status status="PASS" start="2025-04-10T10:20:23.272836" elapsed="1.000581"/>
</kw>
<status status="PASS" start="2025-04-10T10:20:23.272466" elapsed="1.001075"/>
</kw>
<kw name="Input Text" owner="AppiumLibrary">
<msg time="2025-04-10T10:20:24.276279" level="INFO">Typing text '888888' into text field '//*[@content-desc="Enter Authenticator Code"]/following-sibling::android.widget.EditText[1]'</msg>
<msg time="2025-04-10T10:20:25.626729" level="INFO">xpath criteria: //*[@content-desc="Enter Authenticator Code"]/following-sibling::android.widget.EditText[1]</msg>
<arg>${${M_TYPE}_TXT_VERIFICATION}</arg>
<arg>${pin}</arg>
<doc>Types the given `text` into text field identified by `locator`.</doc>
<status status="PASS" start="2025-04-10T10:20:24.273737" elapsed="1.353133"/>
</kw>
<kw name="Hide Keyboard" owner="AppiumLibrary">
<doc>Hides the software keyboard on the device. (optional) In iOS, use `key_name` to press
a particular key, ex. `Done`. In Android, no parameters are used.</doc>
<status status="PASS" start="2025-04-10T10:20:25.627117" elapsed="0.367676"/>
</kw>
<arg>${${ENV}_VERIFIED_USER_PIN}</arg>
<status status="PASS" start="2025-04-10T10:20:22.340664" elapsed="3.654341"/>
</kw>
<kw name="Display home page" owner="signin_page">
<kw name="Wait Until Page Does Not Contain Element" owner="AppiumLibrary">
<msg time="2025-04-10T10:20:28.037410" level="INFO">xpath criteria: //*[@content-desc="Enter Authenticator Code"]/following-sibling::android.widget.EditText[1]
xpath criteria: //*[@content-desc="Enter Authenticator Code"]/following-sibling::android.widget.EditText[1]
xpath criteria: //*[@content-desc="Enter Authenticator Code"]/following-sibling::android.widget.EditText[1]</msg>
<arg>${${M_TYPE}_TXT_VERIFICATION}</arg>
<arg>${MAXTIMEOUT}</arg>
<doc>Waits until element specified with `locator` disappears from current page.</doc>
<status status="PASS" start="2025-04-10T10:20:25.995656" elapsed="2.041892"/>
</kw>
<kw name="Wait Until Page Contains Element" owner="AppiumLibrary">
<msg time="2025-04-10T10:20:30.170277" level="INFO">xpath criteria: //*[contains(@content-desc,'Portfolio Value')]</msg>
<arg>${${M_TYPE}_LBL_PORTFOLIO_VALUE}</arg>
<arg>${MAXTIMEOUT}</arg>
<doc>Waits until element specified with `locator` appears on current page.</doc>
<status status="PASS" start="2025-04-10T10:20:28.037824" elapsed="2.132591"/>
</kw>
<status status="PASS" start="2025-04-10T10:20:25.995287" elapsed="4.175256"/>
</kw>
<kw name="Check coachmark popup if showup" owner="signin_page">
<kw name="Run Keyword And Return Status" owner="BuiltIn">
<kw name="Element Should Be Visible" owner="AppiumLibrary">
<kw name="Capture Page Screenshot" owner="AppiumLibrary">
<msg time="2025-04-10T10:20:32.281891" level="INFO" html="true">&lt;/td&gt;&lt;/tr&gt;&lt;tr&gt;&lt;td colspan="3"&gt;&lt;img src="data:image/png;base64, iVBORw0KGgoAAAANSUhEUgAABDgAAAlgCAYAAABtGofVAAABK2lDQ1BTa2lhAAAokX2QP0vDQBjG
f5aCf6iD6OiQsYtSFbqoSxWLTlIjWJ3SNEmFtoYkpQhufgE/hODsKEJnBwVBcBQ/gji4xicJki71
Pd673z33cHfvC4UZFMUK9PpR0KjXjJPmqTH9yZRGGpYd+kwOuX7eM+/byj++STHbdkJb65eyHehx
XWmKl7yMOwm3Mr5KeBj5kfgm4cBs7IhvxWVvjFtjbPtB4n8Wb/W6Azv/NyWnf3ykdU+5zC7nhPh0
sbjE4JANzXXtegyIxEM5IjqikIZOaiKTQI6+FBdHTNK/7InrD9gexXH8mGsHI7ivwtxDrpU3YaEE
Ty+5lvfUtwIrlYrKguvC9x3MN2HxVfec/TVyQm1GWludCw1PtTlS9vVfm1XROhXWqP4CIJRN+z20
bgYAAAAEc0JJVAgICAh8CGSIAAAgAElEQVR4nOy9+5cUVZ7u/ey9IyIzK+t+5SIgCAgo2tLQNmB7
QRAFp1WwX7vVnp5pZ2ads96z1jvnx/f8De/7y5k5Z828Z6anT7dtt7Zt373brQgoiNiCgIoCUkBR
1D0rb3HZe78/RGRUZmVWVlaRdf9+1nJJRkZGREZmRsV+9vf7PCw5PKRt24btOCAIgiAIgiAIgsjx
VcouuZwBsDhD1OBoNA302i7SngIAdMRMRDgves2g6yHCORylMeR40FN54AQxQ9xQY2HYkxhy5Jjr
cAa0Ry1EOEO/42HYHXvd2cKKeAQAkPIk+m0PKlgeExztUbPi7bhKY8iVEAwwOYNgDK7SqDfFdR1f
xLIQiURgJIaHr2tDBEEQBEEQBEHMT9qjJgYcD64qlCMinKE9ZoEBGHA9pAJxo94UJcUNqXUw4Jv9
Azli8jAA9ZaAwVi4bMiR8PTCkLMYgLRUZcUNAIhwDpP5ol9yDogbgC9s2Eoj6cpQnIxyjpaIMaHt
mJyhddRrkq6LDGeICf/a4SgNCSDGWYktlMZ2HNiOg+KrD0EQBEEQBEEQBPzZ2Y6oWTRocLWGCgat
DYY/8yoYQ6NVerDjqIUxwF3o1FsCjaaBWkOE/1U+RJ37aAD9tjfueiZnuJZ1MeTIkpVMDaYx6wbq
vbZfaZI73pjg6IiZEKyyTzgjFRxZ+jogNdBne8hKhWtZF1czDlypSq47HrPtvBEEQRAEQRAEMYsQ
jCEiCocNUgNeIHL0OR4szrA4ZpYdzJoVDoSIuYlgDHVGcZvB5Iap85uE61dDjMZgDItjFhT0rD5v
DBhTzMxHA0h6ElczDnqzLowy6oPUGt1ZFxmpwADUlvgu5fCC604p4XRi9SQEQRAEQRAEQSw44sHI
RDCGtCehAKQ9BU9ruFJjUcwELyNgxASHiBroyrjTdMTEdCMYwEZJXJ7WkAukPaUatEYNWJwh4xXL
G60RA8Ougq1mXvoQjMEK2keySqEn40LB/w4AgMU5YoIj6clQhIgJMeY1whIMdt7bigiOsbpTNIC+
rAdPazSXEFlI4CAIgiAIgiAIoixxQyAezKhKrZGRCklXot4y0GKJMQcjOVyl0V2BuGEyhnpLYCDP
xJCYG7hKo9d2EREcBgMAhmwwGI9yjlpToM92yVy2BJwBzZZvzpuRqsizxGQMMSFQYwgMuxKDM2zS
GzN8s+CkJ5FyZfhbzXWgZKRCZlSLiVR++0mjZYTiSI5GU8BT/nXF4iOtbhmpoILrTVZqtEYNJBwJ
WyksCjyARkMCB0EQBEEQBEEQFeEpDUdp31wwahSYSZaj13bHFSwinKEtasJWs7s8nyiNRumBLYdf
mSAYQ1aJOWOqOZ1EOEfc8MWNvhIeHpz5bSEMvpEvGDBQgdfHVJHy5ISTXxytAalhehLa4Bi0JTpi
fvoKA4OjVNDqZgEAujNuKJDlyImkTSVEkhwkcBAEQRAEQRAEURESGk2WP5NcibQhtUZP1i1rMioY
Q70pUGcIpKXEgDNzAzei+kQED40oG02BjKeobWUUUmtcSjtjnpfRS+sNgZQrZ8y893p2m3AlEoE4
kpUKUcGR8DxIDdQYHFJr9NtekbiRQzAWtsyVggQOgiAIgiAIgiAqIsI5IhOIKUhLVdJMMYfJWJjE
4GmNAUdijKAFYo5i5M2057wbMvQhFzCeUOEq38skv2KKg6FY+phbSK2R8CQGg1jdYXf8ypCYwcsm
t5DAQRAEQRAEQRDElFBu4GYyhvboSMxkbhBHzC9GtxKYnCFDXSoTgjOG/DG9hh/VPNfxBc3i98FR
On2Hwa8CKgcJHARBEARBEARBVB0NID3GbKzIq9zIXzb356SJ0UR4YcnPbPt8jaCqJC1nr/NL3Azq
NTTAmO91kqvoaI+Z4AAupZ2ZPswJM1rcEIyhKWIgLjgcpXAt6xWsExXlqzcAEjgIgiAIgiAIgpgC
erOljUUZgKaIUTRQMTlDVPAik0pi7iIYgzmqgsOZRZ9v3BBosgR6s7PT94UBaAgMNbuzvsGmYCys
jGqNGjAZQ8qb+yUxOTPaaCCIWZyjJWLgWnYkfamc90YOEjgIgiAIgiAIgqgqUmu4SheVmjP4M/o1
onigwuCbDJLAMX+QWuNaxkVdECU8aEvYSqPBMhAVDCZjEIzBVeWNJaeCXCIJA4piWWcKgzFo+OeN
Aai3BGKCjapk8P/fZBlhdcx88DRpsEbEjRzZvGuBYAyxvOuG1BoaI+kyPBBMSeAgCIIgCIIgCKKq
CMawKGbB1QopTyHpSpicod7yy8/HIu2RuDHfyCiFTHbkc2UAGgwOllfBMxPeK/6g2B8Yd0RNXMk4
M9o+wxnQFjUx7EkkXYkaQyDKeYG4YTCGesv3oKgzRrwoRGVpzbMaWyqkg3YhDWDQ8QrEzlqThyJG
0pMYciQ87YuonDHUmQL1piCBgyAIgiAIgiCI6sMZEGEcEYujwRTj9s7nqj6I+Y0G0Od4qDcNuEoh
6apprdwA/O9ms2XAYAye0hh0vRkVNxiAlogJVymkAt+alCeR9mTBcTVHDMQED6s8XK0xaHvwNBAL
fCvmajFHWqoxfVAEY2g0fekiKxUGbC+sDFMAlNYYdDxwRhUcBEEQBEEQBEFMMeOJG7ZSGLTlrGkV
IKaWlKeQ8mbOFLPOFDA5R0/WhT1DokDOUJcFx+MqhYRTKGjoUevnYlQ1AC9IHdIA2qMmYoLjSsaZ
l0lEtaZf9ZWr7Bgtg5ic++KQp0jgIAiCIAiCIAhi5kh6Ev32zM6gEwsHzoCspzHkzGzqiIYv/DVH
DDhKYWiUuFFq/VL+NHFDhN4UJmPQzPeyiQiO3qw7539XDEBMCHja92mx86q8/Oc4TMEw7IBaVAiC
IAiCIAiCmDkyUpG4QUwrSgO2nj1eL4OOd12tWVkpobQAD8QSwBdOBpz58bsyGEPak0h5qqA6hQFo
tAzUGQI9tota0xd6SOAgCIIgCIIgCGJGyJXbE0Ql+GaabN60YUitr7s9RmpfKIwbIz43WaUw7M79
6FgAcLWGO+q9CMbQZAnEDQGpNTjzU2UAP26WIAiCIAiCIAhiWlGBqWj+wIwgxiLKOVoiJozgq2Iy
FqZqLHQGHImU9EUAFRiPtkXNefm74gBaIgbiQYqM0iPiRu55giAIgiAIgiCIaYUzhsUxE02WAJ9/
4zCiSjD43grtMROO0rCVhskZOmIjYkelWJyhMUhPmUtEOEODZYwpWEit0Zv1cCnt4ErGb9cQjEFr
jRrB55XQ0RAkyeQwOSt4fyRwEARBEARBEAQxI3DGMORKioclSpKbrW+yDGSlwpDjAQAaLAOemlis
sMkY6i0DdQYPvSrmAvWmQHvUQqMpxh28+6kqGjHBYUuFlqiJlogRtPbMfQzGUB9UbowFCRwEQRAE
QRAEQcwIjtLzxiuAqC4MQHPQiqC0b8ap4Vcz1AiOocC/RTCGmOAYbwzvao3erIt+R/rJG3OgqiEm
OBotA5wBrtJwK/AeyVVv1JkCNYJj0JVwRglBc7ViKnfcaozzMOR6JHAQBEEQBEEQBDEzDAYz8uUQ
DHNiMEpUl7gpQp+FIc+DozQY/OqNrFTISgWDMXRETcQNXrFZrcEZUt7sSVEph6MUujMOpNYYqOC3
whnQaI5Upwy6XpGAaDCGetMAA1AjeHiO5wKe1hh0PVzJuOjOuAVCR8KVGHIkpagQBEEQBEEQBDH9
aA1YgsESBgyGcAY+6SpklQIHEBUcluBIexJRxmErRakrC4Ssp5ARChk5kggiGIPFGaT2hY5ag0Nq
jX57/MF/jqEKhILZgtR+20nKU7DV+KJMhI9UsqQ9hYRTLG60RU1YnKHB9IWNqxmn2oc9ZSgNDAXv
SWqNpKdQb/pJKsmgoocEDoIgCIIgCIIgph02arY5R9L1B3KNlgGLM7haoyNqIi0VsvbcmHknrh9P
a/Rk3QJBy+K+YaZggMX9AXrClaizBBypkZHz8/uRdCXGsxvJmbECfkxsr+0WiYENloCV158y7ErY
c9j/JuFKxA2Oa1kXrtbgIIGDIAiCIAiCIIhZRkvEQG1QOh8B4CmNgQnM0hPzg9FD77hZ7LCQiwhV
hi+KcObP9HdnnXFFgblCJd4bFueIBukiQ7YsOncMKEiPcZXG0Bz3v5Fa41J6pAKFM0YCB0EQBEEQ
BEEQs4f2mFlgGCm1RnfWRSVz842WAaU1EnN84EaUJlLGHZMzwAoG8POzjqM8ZiBupDyJbIl2Fo0R
wSj3m5IVCCdzDRI4CIIgCIIgCIKYNeQPYV2l0We78MYZiEW4HwHKGdCToUqP+cqgK2FxBoMxmIyB
M3/WfjQaurj8Y4IIxlBrcmQ8VZRCMhtJex6iHGXNSBOOBLeAQUdCBJUunDEwYNzf2FygwRIkcBAE
QRAEQRAEMfvQGui13bKDS878KNEY5+i1PWQlmZDOZ5J5lTkM/uffEbVgjqrscJSGxkjULGMMvVl3
QvtaHDMhGIPJJHrnQHuU0hj3OLNKocfWaIsasBhH0pOIGwK9tgtPzu1fDme+ySrFxBIEQRAEQRAE
MaOUGloNeR7cMuKGxRmWxCwwMFxOO8iQuLGg0PBTRkq1Y7hBpGxr1EStIaC1/7jSsOFaU0AElSFm
YGw6H4gJjkVR009bYUCdKWCryhJaZjtaA/22RxUcBEEQBEEQBEHMHEprdGVcGIyhNWpAMAaldRgH
ORYNpr+u1mpBei4QAAcQ48Vz9q7WaI4aqAl8KWoNgVpDoDvjlhRE8hGMoSEwuM1Ihd4K/V9mOzHB
0RYt9LcZ9uSEInZnMxq+2EUCB0EQBEEQBEEQM4arNbzgv6sZFxZnFXkexAx/8Dre4LPS7RFzD4Mz
aPi+E0lPYmnMAmcMLVbxMFdrwBlH3DAYQ1vUgMEZUlJiwPbmvLjB4FdqNOWdE0dpDDp+S9d8gwQO
giAIgiAIgiBmDIMxcPhChad1xV4AUmsYjMEbp42lPWoWREkS8wepgasZJxQhShmO5uhzxhYrWPDa
lqgJKxA3erPzo7Kh0TJQb4rwccKVGHS8edvORQIHQRAEQRAEQRBzjn7bg8EZ0p5EgyVge7qg/cCf
jTcr9l0g5h6jY04HXQ+u1OCcodk0kNM7XKWR8opbnhiAqOCotwSiQatL0pNlk0jmCjmD1VpjRNwY
dL1xW7/mMrUmpagQBEEQBEEQBDGD2EEFhmCsYMDKUD7pMyMVIP1oyEbTQJdXWKVRY3AYgZ8HsTAI
B+8ScKXCopgFoDA6lQMQnKHG4KgzRIGB6HzypIgIHhisAmCA1hpZb/b8Fhh8EbLBEkh5yv89X+f2
ag1OAgdBEARBEARBEDNHjHMsqbHQnXEhAUQ4Q50pwBiDrRQcT8NWxQkpDECDZaDBFHCkKkhcYRjx
6Mh1vOTaYIiFga00Eq6EgkZWKpiMoc4SiHAOixfX9Qw4Hobd+VHdwAA0WwYGXQ9JV0EwgION60Ey
XVicodEyEAtMYA3OkM1cXwoSZwxDjiSBgyAIgiAIgiCImYMxQIChIWIgwhmMvBn1GsGRZBK2XTgw
40HEZUPgLdBrF3oKmJwhErQcpKRErelHhaa82THAI6aHXOVGrspnLPocD8kJihscAAv8YwRjcLUu
apmZKThj6Mm6cIPj8UW+2XFsDECTZSAqRtJvIpwjJjjS11HFIbVGRmoSOAiCIAiCIAiCmHniojju
s5QhYkxwNJgCkWD9QdcLB3I5Gi0j9N6oNwwAfhQtsfBoDKp8xqLf8ZCaoLjBALTHTJiMhcamntK4
knFmhYwgtcZsrEVhAFoiZoG4AfgeKdVKdCGBgyAIgiAIgiCIWUdWKgzliRtxQ6DJKvRMKGWaGBU8
LH0H/GqPfkfCmyWz68T0EeUc9cbY4gYA1Bp+hGpWKvRk3UCw0CgX5hPhPKwQyjFaZLteTMbQYBlw
lEJinrTORAVH3CgWMpOerFr7WPHWCYIgCIIgCIIgZpikpwoGPbUGLxA3+p3SiRC1owa0GakmPENP
zA9crXEt6xa0jow2nbU4A8NIpPDimImacUQRU4x8D5UGUoE5abUkjnpTYFHMRNzgqCkhCMxFIpyj
JVK6vqLG4FVLO6IKDoIgCIIgCIIgZh21JkdWqnBwmmsFUFqj1/ZKpi4IxooGhEm3erPDxNxCBr4Y
jtJQWmHQkeAMWBykq+QjGIMQrCJBLO0pAH4kbSkD3OuhJqgoyR3/wDxIdeEMaIwUVl/lcJTGgC2r
dg5J4CAIgiAIgiAIYtYRDWZ8E0GVRm7SfCxxw+/vNwpmgqWuXm8/MXfpzbqhyMXh222WqhhIuBLD
rkSdZWDIGVtYkFqPm7iSizkeHX88HrZU6HM8MPhtWvnpQHOVGkMgOqqlJyMVhl2JrKyuQEQCB0EQ
BEEQBEEQs5KY4IjFRgZGWalKihtAsfeGBtCVcal6gyj4DmjtG4KaJaJiaw2BelPAURrDACzOETM4
Up6EMwGhocEyUGf4FUgGZ7g6AYNbqfWEE11mM5wxNI0yeR1yZYG/TlX3NwXbJAiCIAiCIAiCqDpj
iRsAUDtqEDXgeLMmtpOYPWgA/WO0feQ0j6Qn0WAZ6IiZqDcFGoOWEcEY6q3SrRY5ooKj0fTXMTmf
Fy0m10ODJcL2MsD/XU6VuAFQBQdBEARBEAQxC5FaQ2l/wFFuMEEsLMqV6+eqN5QGEp43bgsBsXDJ
KoXujIuOmBk+7s96UNDQGogZAvXWiGAWExytEQNR4RvdutJFpkTMCoNfvQH4xqO9VRQ3YoKjzhTo
ybqzIoq2EkzGEOUMWalgK42sp6ruWTIaEjgIgiAIgiCIWUVaqmCGVYOBocESRckYxMKknMCRk8H6
HDcwgSSIsXGUP9geciRsOZLYIxhDg1l8vYkH1yCtx/4e1pkCUc7Qa7vIVPE7KBgL/GUYGPOPweIM
grGyVU0zTdTg6LU9eEpPmyhDAgdBEARBEAQxa/C0Rr+d31qg0Wd7SLkKDZZAVFCH9UJlvG6TfsdD
2lPUlkJUhALQky1uY1Jaw1EKJi8tqnq69GA9whmaLAO2VEhVWWDLiRkaQEwI1JkcEc7RPQFvj8nC
gXFNV0thMAZP6Wk3SSWBgyCIqqG1hudJaO1f1BnjMAwBNs9Li5VSkFIB161NMwjBwTndvBMEsfBw
lIbJgGFPlhygZpWCnVVoi5oFRpLEwoEF7UreGAIGtaQQE6XUtUYDGHAkYoIXeEfkMDjDoqgJD35C
z7ArEeUczRF/aJ1RU1NRoTWgodEa7GfYk8hO0b7yabSMCYuGubbCmaguYVeuXCKJkyCI6yabzeLE
iRP45JNTGBgYAAC0trbi1ltvxcaNt8KyivPG5wOZTAYHDhzAl1+eg+M40GP8AahE5LEsCytXrsTd
d38L8Xi82odKEAQxaxlyJQYrmB2Mco72mAkGv0TcUQqcsTzvBY1+R0IwoN4sbwRIzE2U1kh4EklX
ooQFAkFUDZMxRA2OJtNApZcSqTWuZtwxRbjJkoucBfxqDg425eIGAxA3BRpNUfF7YvBNVqGnTugZ
9xhI4CCImUdrjUwmg8HBQdi2jXQ6XfB8TU0NIpEIGhsbEYvFZl1FhOu6eOmlX+Pjj0/A8wpL5SzL
wk03rcJdd92Fm266aV5VJziOg2ef/Rk+//xzqCpdxDnnuOmmm/DXf/19RCKRqmyTIAhiMtjBdS0y
xddtR2l0Z5yyUZ4xwREVHHWGgKs1+m0XbmBC2mgZaDAFPKXRY7thlGOuZ52qPeYn17JuODtsMgaX
2lJmPdlMBteuXsW1ri7YdhbdXV3IZjLh89FYDB2LFyMSiaJ98WK0L1qEaCw2Y8fL4F9f6kyB8+fO
4fXX3yi7/q4HdqF28bJpqaqYDnKCctqTsIPr6nhVUgx+LOxMtolRiwpBzCCu6+LKlS709vaiv78f
3d3dSKVSSCQSBevV19cjHo+jo6MDzc3NaG1txZIli2Ga5gwdeSGvvfY6jh8/XrJ6wXEcnDnzKb78
8hw2brwVjzzyCKLR6AwcZfX56quv8Omnn1Z1m0opnD17FufPX8C6dTdXddsEQRCV4ipd0Jteawo0
WwbKyeu55ArBGGoNUXbdfAaCuEDO/G2MJiY42qNmsA+Na1mnYOZ+2PVgSwVH6YKbaqk1Bh0PkahZ
ssycmNvEDY64wUNPlstpp2yjqGAMTZZARmqkPGplmS6GBgdx9vRpfH7mNDovnB93/bNnThc8Xnbj
SqxdvwFrNmxAQ2PjVB1mSeotAyZnuJJ2kJUK586dK7t+VioY80TcAPyWMAbfXDUOoNce3+9Do3Tb
z3RCAgdBzACu66G3twednZ04ceIkOjs7kclTsEfT09MT/jsWi2HZsmW47baNWL58OVpaWmGaM/dT
7unpwbFjx0Jxo6mpCdu2bUUkEsWxY8dw5coVeJ4Hx3Hw4YfHce7ceXzjG9/Ali2bUVdXN+uqUSbC
8HByyradSAxN2bYJgpg/pKSEIzWarOr9HVBaoyfrhjepBmPjihtSa3Rn/KoKFrymksqJlFQwOEOj
ZUJqoLdE/KGrNDytYTCGXtsrakuQeuw+b0dpDLoSzVU8P8TsIJ6XquNpjRpDFAkXgjE0RQQGbYm2
qAmLM0SFRlZSe8tUc/H8eRx773CRYDFROi+cR+eF83jrlT9izfoN2Lx1G5avXFmloyyPyYE+24XU
QMKR0EDZ66Bgha0kc52sVLiWddEWMZGScs4kE9HVfh7iOA6uXLkCwG8PWLJkSdn1tdb46quLOHv2
LC5fvoxkMgkhBJqbm7FixQqsX78ODQ0NVT/OqdzvwMAAzpz5FJ2dF9HX1w8pJerq6rB06RKsWbMG
K1asmLGBdTabxblz53D8+Ec4e/ZsWWGjFJlMBp9//jk6Ozuxdu1a3HHH17Bq1aoZq4oYGhpCNpsN
H5umiRUrVuDGG2/Exo234v33j+CDDz7AwMAAtNYYGBjAa6+9hpMnT2LXrp1YvXr1nG3FGMtvY7Zv
myCI+cGQKzEUVD+4SodVDqPxtA5FAldpuFKDMaA1YhRVNmSVwoDtheX+nAHNkfLihqP8SNfcayKc
w2AMA0GihcEYakx/We55HmwwLjjigRByrYS4kTv+qxkXjZYAZ36SwERmCIddCYuzgphZDcCWak4m
sgy5sijCUgbC0kKtVDFKvO8o52iK+IkWdaaAFXzp/Eqf6T7ChcPF8+dx8E9vVVStMVHOnjmNs2dO
Y9mNK3HXjvunXOj4zcuvFTxOexKcMZiclfzOvf3mW1i2ciUyUsGWCstXrpo2MWYq0PDF40tpu2wL
4WyDPDjmGd3d3XjxxV/hq6++AgDcfPPNeOaZH465fm9vL37729/hs88+G3MdwzDx4IMPYPv27RCi
Ohn0U7Vf13Xx9ttv409/+jOkHLv8cM2aNXj00UfQ1tY24WOfLFprJJNJnDlzBocPvxeKUPkwxsqa
VJZ6bunSpdi69ZtYv349amtrp124OXPmDH784/9dcGzt7e34/ve/j46Odkgp0d/fj0OHDuHIkaMF
n0skEsFNN92Ee++9FytWLJ9z1Rwffngczz///JRse//+fbjzzjunZNsEQcwPXKWRUQpZT4ExhrZI
4byVrRR6sx5UEGk4+i9IgyXQmFcBOOh64SxlPvktIqPpdzwk3ZHXGIxhSY2FPtstiknMXeGX1lhF
5p+9tjdu20DuOGylcHWC0YgtEaNA4BgOBirxOSZwSK3Rm/XQERv5PAZdD8OORI0h0BKZ+blLV2kI
Nv1iS2dqZBBWZwo0mQZ6gpL63PdXao2ujDvjJfTzkWwmg5d//dJ1V2xMhI13fB07Hnqo6j4dF8+f
x89/9G8lnzMYR1T48adgpcU1pYF0cL+7/b4duGvH/VU9PqI8M38VJKqC1hoffPABfvvb38N1nYpe
09nZif/4jx8jmSxfZu95Lv7whz/i4sVOfPe7T8Awru9rM1X7TSQS+OlPnw3FnXKcPXsW//2//xO+
+90ncMstt0zo+CdLMpnE8ePH8e67B4s8NnKUm7Uf67nLly/j9dffQDabxR133IG6urqqHG+llPIB
uXbtGn7yk5/giSeewPLly9DW1oa9e/fi1ltvxTvvHMAXX3wBKSVs28aZM2dw8eJFfO1rX8Pdd38L
jdPcX1ktotEo1q9fBz5GZvp4aK1w5synE67oIQhi4WJyBoDDYRpNln/tkVrDVhppzy8nLjeMS7kK
UaGQlQopV5V0yI9yjgar+LpmB1UbzijTDM6AtKeKlgO+wBLlvEjcSHkS6RLiRs7BPyo4Inkzpgys
4jLwBkugzhDgYP6sqlLIeAqe0lgcm3vpXsOehKt1+DkPOyMxkWqGB+0ZqZAIjqfBFGic5ragjpiF
hCthchZWuDRHjPB7kxOHSNyoPt1dXfj5j/4ddnZ672FOfvQhPj9zGt/74TPoWLy4ats9+Ke3xnxO
a420p6Gg8fDu3Vi35ibYUuFH/+t/hSJu7lpqMIYjb/+ZBI5phgSOecDw8DB+//s/4C9/+UvFrxka
GsJPfvLTIpEhEomgra0Nw8PDGBoq9AA4ceIE2tpasXv37pLb1FpjeDgJyzLHbJeYiv0CQDqdxrPP
/qykuNHR0QHTNNHT0wPbtsPltm3j2Wd/hr/927/B2rVrx9x2Nchmszhz5kxZcWOi5Fd0JBIJHDjw
LqLRKG677bZZYeLZ09OD5557Dk8//RSWLl0K0zSxevVqrF69GidPnsTvf/8HDA0NhZUtBw8exJEj
R7F37x58/eub5lzbSkNDA/bv3z/pOFzXdfHP//w/SOAgCKJiPK3RnXXREjEgGMPVjAtHlRc1Rr/+
WqZ0Wwjgexy0lqgIyEiFnjHaSRylyxrRRY3CiomUlOizvZLbqjNFkbeIDPxBKn2PDMCgK5FyCytT
GAA1bkf97CMXjVrKUFPP4HvxzV9HPndTTP+xWJwVfV9z4obO84ghqsvJ48fx8q9/NWP7t7MZ/Ph/
/jP2PLYfGzdtqlCj3ikAACAASURBVMo2y7XX5K4kd+24Hzt37cSQ46FGazywaxfeeMNPWZGBJ8zc
qg+bP5DAMcf58ssv8eKLv0JfX9+EXvfaa68XCAn19Q145JG/wvr168NKie7ubrz22uv45JNPwvXe
eutP2LJlC5qbmwu2l0wm8ctfvogzZ84AAHbv3o0dO+4rajmo9n5zvPrqa7hw4ULBsl27duLOO+9E
fX09AN/Y8+zZz/HHP74cmnZKKfGLXzyPf/zH/ytcr9q4rodz587h8OH3kEgkwDmHEEbFlTZjkRM3
TNOClB4SiQTee+991NbWYs2atTNiPOpHwt6EL774Eq7roL+/H88//wIef/xxLF++LPw+bNzoG6Qe
PfoBjh07hsHBQWit4boO/vCHP+Djjz/Gtm1bsW7dujkndBAEQUwHbiAkWJwhwhmuZd0w1nU88j0s
xhruRTlHi2VAB6XWjtKwOIPSwKBTWpCohJwPAuALJQN2cUsMg5/aMroCICNVaPhXKYNO6bYXDcyp
nnKg0Dti9CngABqsmRtO5Z9LizPUVKmluRr4prkeiRtTwMsvvYSTH30404cBAHj517+Cnc1i87Zt
Vd3u9374dyV9NBj8VBGpNBbFLOzatRO7du0EAJw7dw7/8i//CsC/VhPTCwlLcxTX9fDGG2/iX//1
/5uwuJFIDOOjjz4KH5umhR/+8G+wcePGgjaQjo4OPPnk94qqG06ePFm0zbfeeisUNwDgtddew+ef
n53y/QL+ReT9998vWPbEE09g165dBaKFaRrYsGED/uEf/r7AeyOZTI6ba3099Pb24Pjxj3DlyhVw
ztHY2Ii1a9cgVoV+wVgshtWrV6GxsRGcc1y+fBnHj3+E3t6e8V88BRiGgfvuuw933bU9FDO6u7vx
wgsv4KuvLhas29DQgPvv34G//uvvY9OmTYjH4wAAz/Nw/vx5PP/8L/HrX/8aly5dgud50/5eCIIg
Ziu5yg1HaahgNj8jVUU3dZWmreSsKXpsF722h4Qr0Wt76He8SQsDgrFQ4EgH7vyl2gWigheltoys
P8mdlyDnTzJbGX1oo4siOIL43oiBG+IRRPjM3dYbbKSFKGbwsrUkQ67EoDN9f9f7HS9s4yGqx8nj
x2eNuJHjrVf+iJPHj0/LvnLmzgOXLgbtgqVxlJ8AVWYVosqQwDFH0Vrh1KlTBcs6Ojrwve99b9zX
1tfX4b/9t/8bjzzyCDo6OnDvvfeMmbRiGAa+9a1vFSy7dq148HzuXHEpV1dX15TvFwDeeedAweMd
O+7D178+dolaQ0MDnnrqyYJlR48eLYhirRau66KzsxNnz/piTzwex6ZNd+DBBx/E7bffjtra2klv
u7a2Frfffjv27NmLTZvuCAWCs2fP4tKlS3DdmREFTNPAzp3347777gUPbrZ6enrw4osvorv7WsG6
nHMsXboU+/btw/e//zSWLVsWPud5Lj766C/40Y/+Ay+//ApSqdS0vg+CIIjZiKMKI1xtpaDg39C1
Rs2ShncGY2i0DCyNWTB5ZQkkac93zh8rfnUy1Jr+34QBx0P/GG0sHCiKdE16Er3ZiZmKVoIMZvbL
TbBKrZGq4jkYC1f5STGDrhdGM46ubcmfCbY4w6KYhRbLQJ0hZrTRRmqNAceDp7UvuhilqzeSnsSl
tINBxxfMxjOVrQZK6yKzW6I6XJyClJRqMJ3H5WQzOPfZmYJlo6+vcYNjaY2F6AwKkOXwnZzmF/Pt
/SwYLMvCY489Fj7esmUL/vN//k9YtaqyKKK6ujps374N//W//iPuvvtbZddtbm4qeFzKQ2LJkmJj
n9bWlinfb09PT0HlSCQSwfbt28tu1z/eJdi2bWvBshMnSleIXA9XrnThxImTyGQyEEJg2bJl2L59
Ozo62rF79wO46667JtWCYRgGtm/fjt27H0BHRzu2b9+OZcuWQQiBTCaDU6dOo7v7atXfT6WYpon7
79+Ju+++G4bhm5Beu3YNP/3pT3HhwldFhqmmaWDVqlX4wQ9+gBtvvDFcnvPnOHz4MP7lX/4VBw8e
KoiknSucOXMGb7zxBt54440iYZIgCKJScv4TOQNPFvzHmW+wGOUcukTzSKNloMEUMDjDsFvZoLLa
LRw1gqPOEOjOukgEPhKliBr+cQL++72Wdcf06KgGWaWQKTO732t7iE7x1KvWQE/QYjTkSHRnXSit
i8SqRPDZGcwXN8rNGlcTpX1RqhTDnsSVtBMeW3vMKjpupTWuZhwkHImWiIE6U0ADSLpTLzxwxiqu
WiImxt59+9G2qHrGntWgbdFi7N23f9r2d/DPfwLg/4ZTUqI74+JS2ikyTR5wPKSnQSidKBHOsCRW
nGo11yGBYw6zYsVy7Nq1C0888QQef3w/ampqJrwNzvm4A+x8Y04AiMeL97Nz504sWrQofLxlyxZs
2LBhyvc7ug1m69atFaeIjI7gnIhJayVordHb24vOzk4AQFNTEzZsWB9WWtTU1ODWW2/F8uV+PGo0
GkU0Gi2ZFmMYRvg8YwwNDQ1Yv35d+JnH43Fs2LAeTU2+KHT+/Hl0d18rm8oy1ZimgQce2IV77vlW
gcjxy1/+EhcvdhYdm+u6OHz4EC5eHGllycUDK6XQ3d2N3/3ud/jRj/4DX375JVy3+rN5U8Xp02fw
xhtv4o033sQnn5DAQRDE5Ei4Ep72rSQbLIHFMQsdMQsdURMWZ0h4xcKBwRhiQW+DpzXsGbjJrhEc
9ZZAT9Ydtx+dwW9H6bU9dGXcqlaQjLU/o8S9vQwG5QyY8pv/lJRF/hCj/3ynpYItFQzG0B41p61i
w1YKV7NOgaea0hpDrkRXxkG/PdKyVBOk3eSjtS8SxQyBxTUWYoKjyTRQY3BESp34KSA+TssMMXme
/OEzqG9sGn/FaaC+sQlP/vCZadtfNpPBB4cPY9CRuJS20ZsdaYUadv3KOgUgK1XFwvJ0kauU64hZ
MDibU35EDH6CWK0pUG+WrhYjSXOOkzOzmUouXChMJllcIoappaUF/+W//J/o6rqKaDSC9vb2IoPR
qdjvpUudBY9XrVpV8fY7OjrQ0NAQmp52d3cjkUhUzWw0k8mgv78fmUwGjDG0tbViw4YNUEqBc45M
JoPPPvsUZ8+eRW1tLbZu3QqlJC5e7Cxql2lra8Py5cvAucB7772Hvr4+fPHFF2hsbAxFjltuuQWn
Tp1CX19fwb4nI3xVC8MwcM8990BrjQMHDsLz3LBd5Ykn/g/ccMMNAHxPmTfffAtvv/12KHzU1dVh
586dOH/+PE6fPg3H8U1ZL1y4gJ/85KdYv34d7rvvPnR0dMzY+yMIgphOooLDkRp1pkBNQRoJg6d0
ka8BA7AoZoIHf4+HXDntN7IGY2iLmui1XdgVmO2lvOlpXchRY4iS3hX9tgdbabRHp/5WOVli8JMf
2ZsOUmsAYEnMnLbZVqk1em0PWvvihdQaCVciWeJ7xADUl4gT7rFdMIYwthUAGAPaIsUR81OFYAwx
gyMzTmwyMXGisRj2PfkUfv7v/wbbnrkK20gkin1PPoVoFfztKuVQUL2htC76PXhaF1RxlPvesQrW
qTYxQ6DOHIkWn+34lYoMcYOj3hThNbA7U3qykwQOoizJZBLvvPNOwbI1a9aUXNeyLKxYsXxa9/vF
F18WPB7L06MUnHOsW7cOR44cCZddu3atagLH4OAguru7Afjnprm5GUII9PT0oqOjHUNDQzh8+D0Y
hoEbbrihYrHq0qVOnD37Jd555wBWrVpVUMXR3NwMy7Jg2za6u7sxODg4owIHAESjUezcuRNKaRw4
cCCsxnj22Z/hO995HK2trTh06DAOHTocihtNTU149NFHcPPNN2Pz5q/j9OnTOHjwEDo7O6GUQiaT
wfHjH6Gnpxc/+MEPUF9fWdUOQRDEXCYmOGKx4sG4q3zT0dHU5d0IDgdRqdONyRkcpWFX0x20SpSK
oU1JibSrkJYKnDFERXWKnbUGEp6EyRlq8rYptQ5bjvKpDcSCtFTot33himPqq0nC44XfNuMFBomD
juf7vYzxMdZbxUJR0vPTdzqi0ydmjEVbxIRtKAw4suK0IaIyOhYvxt79+/HScz+bsWPYu38/OkpM
hE4V2UwGx947XNG6DAwxwWEJBsGYH13tSGitUW8ZsAJfpP4pbMXLJ8IZWoI4ZVfpMc2eZwM5I+Wo
4IhyDsb8a2JGSkilxzQPphYVYkyklPjtb39XEOu6fv36CYkIU7lf1/UK1hFCoK5uYqaduZaOHNU0
srRtO9xefX09li5diuHhJC5e9CtTPM9DIjGMpqYm3HPP3ZCy/I2nlBKe52HXrl1oaWmGbdsYHh4u
SBhZunRpKNCkUqmiNp+ZwjAM7Nq1C/fee09Y2dPf348f//h/45/+6X/g3XffDWNz4/E4Hn30Eaxb
tw6cc5imidtvvx3PPPNDfPvb3w7bVgCgs7MTL7zwAhTdrBAEsYAZcLyiG1SLMzQGceEZqdB/HdGu
10NGKnRlnIKKhJkmF0Obn9SSa0npzY70yjea1THvzEqFyxnfXLMn6yIbbF+NMaiJcr+NI1e5kfts
p7NP3hc0/P16WiMjxxY3AMCVGklvRDzwK4okmiJGkVdIRqoZSTWJCI46k4Y+U8Ga9Ruw/b4dM7Lv
7fftwJr1Y7fFTwW56o3xiAqOuMHRHjXRaPqGwLFA4GyO+N5IucfTcYVkABoj/nXPC4Tx2XRtzicm
OG6IR9BkGYgJX9xwlEZf1kXSlWXbF6mCgyiJ1hqvvfY6Pv7443CZEAK7dz8wa/Y7uhSusbFxwm0x
o6sbqmlgmUqlQmNUIQRM00R7exva2/2I2tbWVjz55HfBOccNN9yA06dPY+PGjWNu78SJk3BdB7ff
fjsee+xR2LaNG2+8scCzwzTNUABIJBIzkjzCx3CJNk0/QjaZTOHDDz+ElBK2bReIMPX1DXj88f1Y
t+7motdHo1Fs27YVq1atxCuvvIpPP/0UWmt89dVXuHr16pQLbwRBELMRqXXRDWpMcLRFTOT+JCac
2dX/PZMwAE0Rf6AB+Odv2POrNkb7YESus3pDaY3BoKUjf8uMMWSkwqDjlazeMAXDkCsL+vZ5cNzT
QS7+ciKkpV/1wuC3/fh+ISgyaB1wPKQ8hdZpei+jmSpPF5MzcKCiNqz5yl077sfQ4CA++Wh6YloB
4NY7NuGuHfdP2/4A4OL5c+NWb7QvWgQGv2JDaf97p+FfE5KuRJMlEM9LGyp1HZgKDM5gMY6UJzHg
yFlbuQEANSW8czjzq9vK/U1jIIGDGIO3334Hb7/9dsGyhx9+eMoHkRPZ7+iKh9gk+u5Ms7Bscqqi
VS3LKoqEjcViuOWWWwD41Rzt7cVeElrrULT55JNPkE6nsW7dujG9Rmpra2FZVpWPvnIMw0A8PnYV
TSQSwZ49D6G3txfnzp0rev6xxx4pKW7ks2jRItxzz904f/48stksHMehCFmCIBYsgjEsjllISwVH
KlicFdw4LzRyvdoc/kBdo7DHPNciIrVG0lMYKlPZUiqkZND1EBO8pG9H8bqyyFwwJjg4gGu2O2ZF
RClDwpq8md6phgGIm7xADBCMQTA/UaXcjK8GQg8VTwOX0g44gAbLQFYqZKVCc8SoWuvPRFC6+q1S
+dVAgP+ZD42ROLMQuP+hPeju6kLP1a4p31fbosW4/6E9U76f0fz8R/8+7jrRWAzbd+zAwT+9BQC4
ltdC2GwZRddob5oEDgGGYU8W+TXNRrJSo0ZoJDwJpf2KOmiUrSSLCY5myyCBgyjm4MGDeOWVVwqW
3XvvvUWxqjO939ED+VIxsuMxumIjGp14ZGs1MAwDHR3tBcu01vjjH1/GQw89CCEEnn76KQAoqlL5
7LPPEYlYJU1YZyOmaRUJSznq6ibnfyJnYfQWQRDEdMEAxAVHfIxB4zxLABwTDr/sOyY4OGNhJUJP
Xhm2F/Sce1qXvVEuRZ/jIeVKJCCxeJyYVlfpIvPQ3GC4r4y4MRYGY0h5EjWCX7eJ+3ikpcKAPXLs
taZAQxDfm/Ikeu2JDY4U/MoNzoCWSPHgbrrwNFBNm9EIZ2i0RsQaqTXcBX4/Eo3FsP+pp/Ef//xP
U2o6GolEsf+pp6fFVDR/HxfPF0/OHXvvcFjRsXnrNty/Zy8A4KsSE3mCsdDccybIKoWsMze+o1mp
0J1VYXVLVip4qlQQ+gj1QRw6CRxEAYcPv4ff/e73Bcs2b96M3bsfmNI/qJPZbymBw/O8kjGrY5FO
pwseR6PRil87ERzHQTKZRCKRwLVr17B69epxX8MYC8WN3ONSrFmzGowxMMaQTCbDtJHZiOu6ePPN
t3Du3PmSz//iF7/Ad7/7XSxfvmzMbXR3X8O77x4MW1tM05yw98pUkkgM4+zZwvji/FScvr4+fPhh
YfnmmjWrJ1WBRBAEUQnTVf480zSMmhll8Ae0uahXGaQdTOZ8pDwZChYM4/fLD5aoDMkZd06G3Iyr
xf2KnalAaY2kVBjIEzAMxgq8SrKT/C75sZQm4sbMeWBYnCHCRypTOAM42KQ8COIGR4s10gaWDaKN
Z3PJ/3TR0NiI7z3zd/jx//znKdvH9575OzQ0Nk7Z9vPReZ/peNUbt2/eHP6780Lxva7UGmmpCoyG
idJIrQtiz0e3zfHgQqwKlvk/SBI4iJAjR47gN7/5TcGyzZs3Y9++xwqMHWfLfoUQWLJkCa5cuRIu
6+8fCD0uKuHy5csFjxsaGip+7XjE43HU19ejp6cHUkq4rgut9YQMMSs57/meF67rhq079fX1iMfj
Ez/wKUJKiffff78gCtYwTFiWiUwmA601ent78dxzz+Hpp5/C0qVLC0Qdx3Fw8uRJvPTSb0JDUsBv
WZlNUbG1tXFcvHgRR44cKflZX7hwARcuXADgf3abNm3C7bffVvAHlCAIolok3NndZ11NxKh5AFsp
pD2FjpiJnuz1DT7T3sj1nMG/+e7JeuCcIRIkxQjG0GCKMZNRqoHU2k82KVM9MhkcpdBnF3uCNFii
wIg1601u9rc5YlQsbiQ9CYtzWFV8j7mUipzBqx83aSDlSSRKVNpEBS/r16E00Gu7aIkYUPCFq7kx
Lz49dCxejD2P7cfLv/5V1be957HpS0xZduPKcF8fvvde2XVvvmUjWoN283ImpL1ZF5EgEQTwfTHs
BV75M1EsztAUmKUOOb7hqMlYeM0ggYMAABw9ehS/+tVLBcu2bNmCxx57tOKKCM/z0NPTA9M00dra
Oi37XbVqVYHAcenSpYoFDsdx8PnnhTPt7e3tY6w9cSKRSCgwJBIJXL58GZs2bQqX9fT04M0338Ty
5Suwffu2irbZ09OD7u5urF69umS1yeXLl8NWnXg8jkhkZlpuRqOUwqFDh/Dqq6+HA/l4PI7HHnsU
HR0deOedA/joo48gpUR/fz+ef/4FPP7441i+fBk8z8Nnn32GQ4cO4/z58wWiQUdHB77//acnVLUz
1XDOsWfPQ9Ba49ixYwUpN/kIIbB582bs2fMQDMOA605uVo8gCGIsNFA0eJvP5A/Npdbosz20R02k
pbruaFCDMyA4lQp5PfUSSAbrNAQ+DGmprjuZwGAMtabAcJFAxarecuRpjR7bK+kDkC94ZK/jfUUF
R1YqmJyVTYNJeRL9tofmiAGLjz/Jo3SxV4oM2o/MIH4zLRWG8gwVTc7QZBkQjGGghCeH72NTXuDI
PcccCcY0iRsl2LhpE65d7ao4TrUSNm/dho2bNlVte+OxIs/zbtENN+Dpf/hPAIAPDh3CZ6dOFqy7
Zfv28N85741SaKAwRSjvEm1x/3ef8fzWDIbynjcLkbjB0RIx/Qo9raGC85OL1pZak8BBAB988AFe
fLFQYZ2ouDEwMIBnn/0ZOjs7AQDbtm3Ft7/97TETNaq13+XLlxc8PnXqFDZtuqOi1547dx6eNzKo
XLt2bVUFgcbGxrCywHEc9Pf3I5PJhAKHUhrpdCZsKdFaI5vNYng4WSDSJBIJDA0NoaWlBU1NTWhs
bAzPT39/P+rq6mCaJlKpFPr7+8PtdXR0oHGayvfK4boejh49ijfffCs8301NTXj00Uewfv16AMDD
D+8FYwwffPABAKC7uxsvvPACHnhgFz7//Cw+/vjjgtabSCSC1atXY8eO+6padVMtIpEIHnroQXDO
cOTI0SJDXM55KG5QawpBEFNFVqoFU70BFA4EGIBGy4DW/gzfZEh7CvVBv3yN4OOKRQYb8em4HmoM
3yivO+MWfX5NEaOqcbEawNUS+8mR85fQGhi4jjSe3D7qTYFGq/Q93oDjYThInBkvxSUnYNUaAjVB
ZYgKltlKo8kScBQw6MiiAWJLcA6l1kXJObmUnUrNSF2lCo61xhBAIKrktue3Si1M7t+zF91dXSXb
NSbKshtXhv4W08XBP70Vxt8uXTbSPv3BqPVuvmVj+HylEbKjsThDe9T0fTqCJKJS39+FAIffmj/6
ulRnCjSZfuWG1kBv8HvnzI/XdpTyK+tm5KiJWcOxY8fwy1++WLDs61/fNCGRAQBef/2NUNwAfE+N
06dPT/l+165dUyBKnDx5sqjtpBRaa7zzzjsFy+64ozJhpFJisRiam5sRi8WgtUZPTy9OnToVPt/S
0ozvfOc7+OY37wyPKZ1Oo7v7asF2Tpw4ieee+zkuXvTPr2maYetGb29v6EVx6tQp9PT0QmtdsO+Z
RCmFo0eP4tVXXw0NXevq6vDoo49g3bp14Xo1NTV4+OG9+NrXvhYu6+npwfPPv4Bjx44ViBuLFy/G
k08+ie9+9wksWza2V8dME4vF8OCDD+Ib3/hG0XObNm0icYMgiCnH4qwoZm8+k/UUHKXC3m2tNbqz
Yw/ex2PA8cKBaiXeE322VxQJC/j+HxHOYYwSJgRjMDkrWB4THC2WgQFHFg2+60wxppHsZHHyRDCR
V+IN+FUkEc4Csz/nusQyT+uCVJuE65uVespvuel3PCQ9iQjnqBsnMUZqjV7bQ0aqsFXHUxpdGRdp
qVAXzOT22l7R4LDWFGECTk4ANILUnZwoFuE8bGUZDyfP9JDBT3pojZowmZ9mtDhmXXfc8Fxn35NP
oW3R9bWUtC1ajH1PPlWlI5oYz/37v+Hi+fO4eH5skSZXvXHx/Pmy1RvliBuiQLzMKl1Y6bEAEIyh
wTKwLB4pqszKpRUxFrQI2u5IJRUY0lLiasY3kF7Yv7gFzrFjx/DCC78sWLZp0x3Yt2//hEv+89tE
cvT29k35fmtqarBly+aCZa+88uq45f7Hjh3Dl19+GT6ORqNYv35dmVdMHMYYWltbw0H4wMAATp8+
E0aaGoaB+vq6cJDLOUdDQwPWrFlTsJ2bblqFnTt3YtGijqKKmBUrVqCmpgapVAqnT5/BwMAAAGDl
ypXo6Gifcqf1ckgpcfDgQbz22muhCNPQ0IDHH9+PdevWFR1bLBbD3r17sHTp0nCZ53nQWoNzjpaW
Fuzduwd///d/h3Xrbp417TfliEaj+Ku/ehjbtm0NjWDvvPNO7Nv3GIkbBEEAwJT572SkCqI9F47E
YSuNqxkXXRkX3Vm3KqaPfbaL7oyLxCRi5Bn8aoFFMRMdMRMdwewsA9BkGVgcM7Eo6j/H4IsbuZaa
XNRqDpP7/h7VIndeMsEAqs4UWBQ1w4oVAIgZHL1ZDz1ZF3aVPEVSnkJXxsWA4yHlSVzNuriadZDy
JFojJtpjJpqtsWNkfe8TNxQgpPbTarqDZBwjOL/9JWIwOQPq80xohxyJKOdYFDNRG4gq9aaApybn
oRLhHGYgKnbETLRGjLJJOwuFaCyGvfv2IxKZnJF/JBLF3n37pyUxpRSdF87j5z/6tzGFi517Hg6r
NyYrbgB+O2Hue2dLtSDjhpsihh8HCxRc73LiIeC3sXVl3IIWMqk1hpwRcZlaVBYoH374YZHIcMcd
X8P+/Y/DNCf+tVi1aiW6ugozr0vFllZ7vwDwrW99C8eOfRhWCHz++ef43e9+j29/+9slt3nmzBm8
9NKvC5bt3r0bNTU1k9p/OZYsWYzbbtuIzs5OZDIZdHZ24tChQ7jvvvtKRqUahlEk8rS1taGlpQWG
YRQJHJFIBK7r4tChQ+js7ISUErFYDLfcsgEdHYuq/n4qRUqJo0c/wKuvvh62pTQ0NOA733kca9eu
LVrf8zxcvnwFL7/8ckEFDmMMNTU12LhxI3buvB/19ZOLkZ1JDMPA3r17wTmH50ns3btnVnmGEAQx
/UjtG1KmPIms0mgZo2R/smSlCvuSi6sJfKd5qeanb0CuQqBaKA1k9eTOVL0lUJuf6sJGRI/8tBel
RrwhbKXCxJR8qtmaMuh6SDh+tYSrNVojfrqJ1kDS9d9rrvqn2jPIoz+b3OO4Ub5qI0fSUwXiw7VR
qTSe1gUpMDn86gwzFByk1mFsrW8Oa4QzxsPe5Ix5Y3kmqvmfVc04fh4LgY7Fi7F3/3689NzPJvza
vfunz1R0Mnx961YAfvXG9bbiSK2Rkf53eOE1psDvOwkYLXImXL9dJ+ONH/ZMd9kLkJyJ42jq6urx
5wr7xrZv316Q0LFjxw709fXj008/BQDs2rULa9cWViJMxX4B38/hwQcfLEhiOXLkCLq6urBt2zYs
XboEQggMDg7ixImTeP/99wtev2LFipJtBNXANE0sW7YMa9aswYkTJ5BKpXDy5Cdobm7G5s2b4Xke
+vr6kEwmcdNNNwHwxYGzZ79Aa2sLWltbxx0M/+Uvf8HJk5+ElSEbNqzH8uUrJi0YXT8a7733Hl5+
+ZXQYLOurg779j1WJG5ordHd3Y2DBw/h9OnTSCaT4XOcc2zYsAH33HMPlixZMoPv5/oxTRMPPeQb
j46ONyYIYmEx6HpoMAw4yk91aI0Wi90TQWkNW+mCwWHC9WfDRw/2GyyBOkMEKSDAkOshNclUDKI8
UcHROOrvFgdDW9QsSgcZ9vyZx2QQRTv6E7E4R6yMp9lEyASGm4AvXsQED9NNemwXWaXA4VeYTNa7
ZKJwhopEwG1LVQAAIABJREFUvnQwq63hCzBuXnvIeNRbAnWjBIj2qBnGSuY+kn7HC+OAJ0IueaUU
tYZvGpkeJXIIxtAcJEEkHDnv2xHWrN+A+x/ai7de+WPFr7n/ob1Ys37DFB7V9bFzz8Phv6+negPI
+cq4UHr8GOr5SspTofg7mPc7nKhh9twdMRCTZrThYY4DBw5UvI0tW7YUCA11dXX427/9GyQSCViW
VbL8fir2m2Pr1m+ir68P7777brjs4sWLuHjxYtntdXR04KmnnpzSwXNraxs2bboDvb29uHLlCvr6
+nDokO8ofdttt6GxsRG1tbXh+pxzLF26JGzB6OrqgtYaHR0dBbGxruvi448/xuHD76Gvrw9KKSxZ
sgS33XYbWlqap+z9lENKiQ8/PI4DBw6E4kbOUPTmm28uWDeRGMaxY8dw9OhRDAwMhGXa/vtfiu3b
t2P9+nXzppWjVMUOQRALB09pDLoSJmfQ0Ei4HhT8aovR3geVkBsQD+aJJFJrDAUeEJwBqbwBVZ0p
CgbcnAGtERMxw4/X67er14awkMmZSmalQnfGRWt0pPKCMcDKm9lXGkh4XnjjPtbprzer11E+2ltC
a18kS3h+1CIDUGcJRAXHNTU96V61phg3GcYLBEGDM7REfPPY0dUbpRCModYsFpsAhOKG1n6kcMKV
k6604IGfyljUmgIZOTLzLBjDoqgZeojwCHAto+ZlVVU+m7dtQ/fVLnzy0fFx1731jk3YvK2ylMGZ
oprVG4AvPC9kMlKhPxAxJyM05iCBg6gajLEZS7RgjGHPnodgWSbeequyapCVK1fiO995fMqTRkzT
wKpVq7Bt21a8/vobSCQS6O7uxjvvHEB/f39RVQpjDHV1deFjw/D/kOd7VqRSKRw6dAgnT36Cvr4+
eJ6H+vp6bNu2FStXrpyxFoh0Oo033ngjFDfi8XhoKJp//GfOfIrf/OY3GBwcLOg/NwwDDz30ILZs
2YJIJDKjHiIEQRDVIitV6AcRNwSu5KVWJFyJlCdRZxoVeyxoAD3ZkR5kpTWGXA/Drm+a2BY1IbXG
YF6pftwoHiQPuh6GHem3rCxAp/5qk0vgMBhDT9YFYyOD6FIMuONXC/gxkdU7RmfUCMpWClcybtjS
VGP4YoDUlVdHVApD8cw0h59QUw4VGAoCQHvUhMFYWPVSDoOVrpjJkfQkslLBlvq632+jJYJkB41B
T8KVOjRL1cFvMX/7DaYIxQ3AN0kseYLmIXv37Ud3Vxd6rnaNuU7bosXYu2//NB7VxKlm9QYxwnAV
os1J4CDmDUII7N69G2vXrsWf//x22C4zmtbWVmzbtg3f/Oad0yYE+Cam65HJZPDuuweRSCTQ09OD
I0eO4sqVLmzYsB633HJLyeqUxsYmABqMMaRSKZw6dQqnT59BZ2cnUqkUlFJobm7G9u3bsH79ekSj
kzNxqgZa61DcqK/PGYr6lRuu6+Grry7gnXcO4Isvviio6InH4/ja127HXXfdhZaWlhk59uslkUjg
N7/5bUGVzUSQUmJoaKjKR0UQxGzA5CwcQI42jwT8WbtBx4MbxFuO9lrIH/NINTLbnqM3T8iIcg4G
oGtU9KctNSLBODI3Y58ITNkUiRslMRkL0z8qweJ+vKPUGvWWQIPhtx+4yo8jdZSCKzUM7gtKlbQH
ccYQFdUT+91RfiL5bUycAQ1BpcNwie/pZIlwhjrTQL/tFp3LiPBTTWyloDSKfDhypqJKA21RI0yc
iXGOmPDTTkql1tSbAnWmKEoRykqFjFRIe2rC8Zu5SqvR+8xV7fTaXsHv21EabVEDg7aEk+8tECTF
AP5gjjN/5jq/gme+ax1P/vAZ/Mv/+//AtrNFz0UiUTz5w2f+f/buPLzVq7oX/3ft/Q6S5Xk4Pudk
PDk5IRMQMkBDAoSEG8I83UuhEwVKoVBaKG1vKdAUWn5caMvQAqWFUsrQ0tICZZ7HTJSQeZ4ISc7g
2bItS++w9/79sV/JkiXZki1Zsr0+z9PnKbYsvbalE++ltb6rA1fVuBNOOqnl3RusdbjAscMMDAzg
Pe9595q3GRsbW/c27bBVj3vgwAEcOHAA09PTOHbsGBYXlxDHEfr6+jE4OIgTTjh+w4fQzejt7cW5
556LdDqNa665FkeOHMHi4iLuvvtuTE5O4vbbb8fw8DCOO+44eJ5XKnbkcjmEYYjDhw9jdnYWU1PT
mJubKxUI9u/fj4svvginn356zQJJJwwMDODFL/4/OHToEJRSmJ2dxXXX/QTXXHNNRWHD8zwcPHgK
LrnkEpx88snbumMjn8/j+uuv7/RlMMa6kEzeSV6MVM0DWVEueUe51xWlrIz5SGG54iBs1mxjjozB
dCGqanUvPzcWV2yy+lxhRwiykWp49juVzI5LolIXxEwhRqA1TNlcfb+wmQyNGPKd0lrTSJsNb+Uw
AKYLUdVzJ+MIaLNywJ4OIgjYsNNWcJPnfkHVHr/wJCGvNGaCGHtW5dHoZM2vNqgY5wAAR9gMjcPL
YUWhIi1Fkj9ju5qKHStSEPKxDd9ttnBAsCNeA66EIMJEPqrIyzCwK4JX368yBpP5ytciwWbhAHYN
cfHd6tVfm5I7O5g0lU7jpa/8LfzbP32sosjh+ym89JW/1bGNKY0qFjcA7t7oRlzgYDvW6OgoRkdH
O30ZJcXRk8c85jHo7e3FDTfciHvvvRf5fB7T09OYmZmB53m49977IIQohVGGYQitNbLZLMIwLI10
pNNpnHnmGXjMYx6DAwcOdKxzQ0oJIUSpcNHf348XvOD5OHToEHK5HK677if46U9/ivn5eeiyPwjG
x8dx+eX/C6eddtq2WPnKGGObkZb2Hee80mtmBxTX3W004LHeqIkydhxmMUmiZ2tLSwFBhCHPQV4Z
RFpDkF0FWuvgKYlKK0iVMaWf9ep3+od9BxkpbffGOr8HAUACWIgVIm1KaxKbZWDDM4shlwJAxpXo
dyUcIhzNh6Xb2g0lrXl+pKXAWMqt6qIop4zBQqgBGCwrhWVFGHQl4qRQZ0wyllKnsFN8vruC0OvY
ro1CUjCpeC008HIqrurtdSWyYYxQG6SkwIAnS0UmAHAlobDqKVDvJ7b6mSKI4BBhKa5+fgD2edTn
CixGO7e4UTS+bx8ue+az8LUv/FfpY5c981lduzGlVpdGt3RvEFB6ju70sNpGcIGDsS2WSqVw6NBp
GBoawmmnHcItt9xaWiMbBAEmJyfX/Pp0Oo0DBw7grLPOxIknnoSRkeGOrh3t7+9HKpUqbXEBCFNT
U7juup/g+uuvx5EjR0pjKwAwODiICy64ABdccH7b80+2s+3czcIYq6/ZMNFWqbU6kzVmzHcwG8QY
9GWp22G1XleURg2qDtewRYUh30GvI5MC0/pFBA3bbeMl3QobNVnWceALwmiSYwHY6w3bEC4ryYaB
zgYxRnynZoBqWgr0OQJHI1vwy4YK+9MelDE4loxYDfv1MzSK1z3gSgx4TqmQEii9oUyZfs/BYBIG
GmqDIc8pjZKU20x9UBmDY4WobidJnyuxGMW7Jmzy0eeei8ljR3H9tdfg/AufiEefe26nL2lN//pP
H8PFl16GEw8cwNXf/15XdG8UNwJ5grAUKRRCLnBwgYOxDnBdB/v27cPo6CjGx/dienoas7OzmJiY
QC6Xw8LCQsXt+/v7kclkMD4+juHhYYyP78H4+N6uWJ06MjKCCy64AD/84Q9hjMHCQhZf/erXqm7n
eR7OPPNMPP/5z0NPT08HrrT1yrfftFpfX3/b7psx1jmSCKkkc6A3aXtfnZfRDZwkb4DIjka04xDc
zcq/W1cQxtMuIm0wE1Z33xDsz2sujLEUq4rDvC8Iva5ET9IREmiNuaCxA2xx3GKjNbFi50ZB2+0o
va7EkOtUbCxZaMMqWIcIe9N2vCev7HaS+bCywJYStjOivJtJwL77vBCq0uvBmGT7ENmxjfJ8GknA
/h6vVKwpskWC6nW7a0lLgQFHlgpUI75TWle5WrDJ0ZFar3VJhLQUWIzUriluFF32zGdhz959XVXc
uOipl+Lq71cvLXj4wZ/j3z7+sabu64STD7TqsqoIACO+A08QDGxwNOMCB2Md5bouTjrpRJx44gnI
5/OYn59HEARl3RBWJpOB7/sYHBxEOp3uunf3r7ji6VhaWsJNN92MOK7846+Ys3HxxRfj4MGDEKJ1
6+467eSTT8Ipp5yCBx98sGL8ZjOEEDjppJNwyint+w8iY6yzBnyJWAv0OhLG1B8r6RSZHFBlErJ5
LL8160K7yeqtM3mlMVWoDskEkkJCjQyG4VUdAIXkPhr5r0Ux96FY3Ai1htfkfz/LN+24wo7brP7r
oX4izMYN+klQaZIvMbequCHIFoxmw8pCj4b9OZYr/1oCkHEkBpMg3tVhvEWSCH2ebHjMq5iLERpt
x2IAFJSBK0xV98hirBC14fWalgK5BjbD7FTdVNwAgIsvvQyAHUHZjBMPHCjdVzvsTXulXB5tDPo8
BwtBvOPXDa+Hjhx5ZLe+lhhjLRQEAW6++WbcdtvtmJubA2BzUM4++2w8+tFnlzJFdpp8Po8f/OCH
uP/++xEEwabuy/d9nHLKKXjKU57cNYGxjLH2WoxV1aGukwjAWMqFLwjLSmM+eTfdJUJ/sgqzVqDi
TkEABj0H/a7EfBSjEBs4AjagssH7EGSLG+UdAIG2q4LjJjphxlIuJAHzgc1NOa6nsf+O2s6NCEtl
OQ4O2U6SXqeyC2K2LOiyFdJSYMR3MF2I62YBSCL4woaLbiTws7j6NdQGvqCaq3gDpXFsjaybci4R
hn0HM0FckU8zkowUFWWjGNmwtUWIYq5LUCeElbF6UkJgJOUgrzQkCD1JUTavki4o2LXkgqoLhzsd
FzgYYy1j18QqmGQNHZGA48iu6zhpNaUUtNalANiNIiIIITqy5YcxtvW0MTi8HHbdwcYlu8a0/LqO
S0YBFiJV9Y78TpISAuPJeMXqsYpGrT4YR9puA2m2U8cVhCgpiEiiqk0i9UwVolKgaFG/KzHkVTdu
z4Vxw1tiGtHn2g0xzQbZ9rsSSw2MlUgi9LoCi6G97Zjvlg525Zp5nqalQKRNxTVLIhyfFJQMgKl8
hHwbwhuLhRrGNsohWrP4OVnWybVb8IgKY6xliKgrckG2mpSSixKMsabkYoW5sLmcgK2yugV/0HMg
YFeIFlfWCgApRyAft2PIoXP6PQllzIa7GgY8ibQUKCiNSBsUlEagzYbGkKKyg68vCLKB4kasDYKy
r0sJgaFkRr+WgtJ2PEOZlhyCmv25EVDKu4j0+tdQ3DJUVO/Zl4sbvw5jgNgYCAIItrhXHC0KtcZs
EFf8TMulhEDGFRAgzEdxxe9sPQRwcYNtmp+MNy1FGp4kpKQodeDlIoWCNkgJgbQjdnRxutzuO4kw
xhhjjHWIMfYdte2yyk8QkJECS7G2q01hD2bjadvR8XBcOZpHaNWS0a2XcWxx4mg+3HAuymZW/NaT
Fnbd6npUEshZ5BBhLOWURjjySdGlPzm85yKFHscG3U7EnclZGSob5fEkId/kjy4f64puGcB+X2sV
DoqlHpP8/4HWkEQY9hxoGCyECr2O7eqYLFRvxCkSBIynV34vRM6aK6BX266vE9ZdcrFCLqlbFDSq
OrJkWebNbrFz0v4YY4wxxrrcslLbprgB2D+Ol5VGNvnjWBJhPMlACGp8H6Op2iMD3U4Soc8VmCpE
XfeuesZd/+eZVxoThQi9yc8+JQT2pt1ScSMbKUwWolJngzIGi7FCv2s7Vmr9LtstJURFCKuoikC1
m1LWalxZ3R2jjKk6yBHsGErx/x/0Vjpaihtyju/x0OMIEAgjKQexMZgK1h4rkqCKlbFpKZDaQUHq
bGdwyD5Pi5uUOrSpfEvxq5AxxhhjbIu0Mu9gK2gDZEObyl8cJ/CEgDHVB89Bz0GPFBjzXbjJlouU
3D5/ak7kq7MrukGxc6Yo1BpLZSMYeaUxWYiQcWRpve+eZAtO6TbJfRS7JXKxRl+yVaVTY0Y9ZYWb
fFJEI6A0UkMAhjy3VJyoRRmD6UIMY2xHRHZVjockYNR3S4WUQd8+R4ujJKE2pbErwG7P8UhgJlh/
3CQyBg8tBxW/i94GilGMbSVP2nXfQ8m/z122tKsteESFMcYYY2wLzIVx13UHrKf4DrYgwojvQBBw
JB/ad7vLChzFUYeisZSbZBoAjyyHXd+O345Vva6gUrbE8iZWgOaVxlwYY8hzMB8pLEYxnKSAtKw0
liMFSYSMFEknikRB6VWFAQOHCH2OhDEGodYYde14xeoCylYh2JGt+TjGYqhKzzFJQIEIQymnlCcQ
6fqdNQWtcTgfQlJlbgnBFjdSUmA2jJFxJHxBmAoqV/WWdxwpYzDbQHGj3EwQIxcpDHgOqEYXCmOd
QkCpyJyNFJYihX7PFkIjY1CI7dhat//73CwucDDGGGOMtVlB65au49xqfa6AS1TaBrK6E6V31ViK
W9beYcdZdtqf0GsTAPamVkZE5gU2lc0Raxt8WhwVCo2pyHvwCSACZiO7HrbPlaUCR5QEjw77DoiA
+UjBSUYpAqU7NjI1G8SYQ2V3UPGa96RWnk+OIIz4Liby9TcOKWOgVj3FiFYOd0Oeg1jbsZPy4kWP
I+GLlZ/TRrbdAEBBG0RBBHCBo2Uk2XKRXrXRiTWu+POzuULA3rQLJ/k3SRmDSBl0f/m5eVzgYIwx
xhhrI2MM5oN4W/4ZSQD6PQdpSWse/hYjhVgbeJJKBxMBu12rz5UIt+n3v1ED3kq4J4DkEL2xAock
wrDvYKpQPyQw1HblcPFnHCmDgtYIlcFCFJdusxgr5CJdCsdcbGLbSKsZrARtpqRYcxQlr5rfOOTR
yv0txwqzQbxqfIVKXUfKGExtsLhRZAssu+lZ3j69rsRwcYRKaUwXIi5ybICG7TCyBURb3NDGIBsp
5GLdls61bsAFDsYYY4yxNjpWsO8ay7J3zraLXlei3xGYDupvkwDsIWT1ik9BwP60Z8c0jN1OsX2+
840j2K6D4s/LGNutsFG+IMTGIFqj02L1z7WgNQr5ldunpcCI5yDSBn099lAfa9Ox8ZTVtLErYons
62MptCsvi50XCxvofik2EeWVripuALYI5QmCgT0Erl6P3PTjAXwIbwFJwKArSyNMkmhX/LvRTq4g
pCWhoPS6/5bvBFzgYIwxxhhrkyApbPT7EgTCbNiZdZwb1ZsUN1YXLxphDBCb4oHFgUOEuRoHzZ3G
AJgqRJAEFEcWNnOgiI3BfNB8B0ORJwRGfAc6yd5whS1w1AtUJdjD/1KkEG/RQSjQpmrFatqx1zwd
NP/uPQEY9h3kanRuAECfK9GXjFUtxgqFTYbLSiIMeLKqkEUAMq7N/tgNz/1W8KUs5csshDGU4b6Y
zep1JaaDGAXVmUDhrcYFDsYYY4yxNvEFYU/KhTIGR/NRVU5Atzua31xBRhuD4iG/RwosJC3SgM3m
0AZbdojeaq0aWbDhmhu7H0mEPSkHkgjTQQRBhEzF/VZKCYHRZE3qfNje3wsBpTGe1QWg4gae6SBu
Or+luAo21KZmccMTK6MpuVhhLilKOEQY9CUCZZrKy0lJgT2+i7mosrjhJ9khDhFmoxhEhF2xwmKT
CMBSrDCzia4nVmkzHWTbERc4GGOMMcbabLqw89uC17MYr3QEpARh0HcwvUauBNs8u5WEEGiN5ViX
QjcjbZCPVwfFSgx5DgwMZtr4eyluduh1JTyyKyyPLFcGiKYdgflwY51DQ74DAdtFs/oV5wuBsaTg
o4zBXDL6kpai9LOCUVhs4vEGPAkDg1xZUcQThLGUXdU7F9qtNxlHbLs10Z2QjxWW+Z8Ftglc4GCM
McYYa5NAa8wHqmObKjqNko6N2TAu5T1IIgz6LrJhvGO7NzqtOGZSDO7MJvknxaDRbFg58uInYyxx
skkkNsZmILT4utJSYDDJviiarBEgmd9gAGJaCvQ5EkdWrSYudoQMebKUhQMALhF6HIGhJNASQHPd
G0IglWxhGfZd5OKVdbcE2yGiDDDgCkwUttd4Wqfszn8pWStxgYMxxhhjrMVibTAXxgi03nZjKa1i
AMwF9lBXHIdwksNfdoPvzrPGCCII2IBNDVPKmFDG1GxXj7TGRD5CZAyUMaVtC6186mYciVG/8uiR
jVTN58FGu536XIlspEqBoZR8rM+VpfWYRZII42kX00GEgtJIS4H5qPGRGAFgNLXy/WQcgcyqdcmO
IAxJAUGEHkciDLk1gbF24wIHY4wxxlgL1Qs23I2KhY3iWMKAJ7FY51DLWkclXTON0rCbVzwieFIg
1Kalz19JhCFPVnws0gbzZdcoALhCIDIaTcZuALCbIlwiTCZBvi4RhlMuUoLqfs18ZDuLcrEtcDQT
Npp2KrtBilZSZ4rrga36S3CrFX8WPcmozi6tkTK2Ic281hhjjDHG2DqWVWsPhztBSgr0uXbLRLes
Jt0qBDs60SO7989uAZslQQQU1MbGQ9a672IeRXkOy1xS3BAEjPoOxtMehn25xj2t/zjTwcoYyHDK
WbO4kYtVxfrZfJMbJvrc6t+nMqZukaT8owK2s8Svc33Dvou9aRcare2iYWwrFP/NW901tVW4g4Mx
xhhjrAUCbd951ht5+3mHyyu9K7s2CEC/JzHoOpjqwgwGgu0y8CRhMdz4KtpaBOyhvs+TcMkWNKQg
u1UkGVEiAKO+i7QUyUpYtaHuDQBVoyVKGywohbQUcFcVEgpKYzbYWGdEcTvKstJYjCIbzGqAyBjk
Yo0Rv/bxKiXJHvqSLS6CCMeWw4rbCNiQVF8QpoIIy7usGMi2P5mMIaalDdWda+NYlkzCe3Oxrhip
4wIHY4wxxtgm5ZXGdBBt+HDGdqZe1xY3tDFdWeAZ9BxomJYXNwBb2MiGCgDhaD7CoCeRceyIUjHI
s8+VpSDU2RbnskwnWSOBFBhLuQCAvNZYCjUKqvnvl1D8fUoQERYLMbQBAmW3tRQ3p9R7z9pucBHI
J8WV2BiEqzplMq6EJwSOFaJdv3WJbT+uEBjzHbiCEOvm1i03q7jSWhKh3zUoKFPq4OICB2OMMcbY
Ji1GCi4JgEzDIYVsZyPY1asAsNzk+MNWyce65Rt+CECPI0vdBwthXOrSWIxVKXcjLe1aWsCuEG5H
twIB6PUkDOza2I0UUAg2z2PAdyrGjNKOxFJkR248QRgu28RSZABoY6AMIAkIlEFkDHocGzwqiWBg
SqMyA67EZJ6LG2z7IQBDnoQrCHmlMRO0bzW6X1bcAGwnh1c2McYFDsYYY4yxTRr17Tu3Ba0xVYia
Psz6QqDPkygojaU2vuvFtlbxwNutv9O1ihsEu42l2UOKIKrI8XCEXcU6WVZgEEApb2M+irGQrLFt
tSHfQUqIprpDih0leaUhiTCacuARgWB/FpII2ShGLvmdCgDjKRcatpAlCfBIQMGu2tUGWEoKOAIA
CNibciFK+QSEsdTKY0Zc3GDbkAEwE8TJc759OVQpYTuyVsfXlK8c5wIHY4wxxtgmFf/YWoyaO6hJ
IvS5Ev2ODXiU6N7DMGuOgc16iAxtu0OrKwRGfcd2HWjTUH5IcVOONjaPpijSBg/ngtKBhwCMplw4
RJgL46ZfM4A95HiSsFDntTLg2deUNsB0IcJyg8UNSXbMpFigGfXdUn7HXBgjH2tkXIn5sPJxDy+H
0ACGPQc9ri3ckLEFi2y4EqyqAPQ5sqy4sUIZwxtT2LbW7s4jSYRh3478RcbAFwLKGGiDinEYLnAw
xhhjjLXAdNBcC7xDhPG0W5E0H/J4y44yFybvaHb6QpoUaY3JQoQhz2ZCrKcYLBgZg7mgOlSw/PtP
SVHqkjDJ/zWKAAz7DjKOhDamZoHDFwKDroNcrDAXqqYOXZ4QpQ0QqZSH8jpELrZFj+yq0MTy7y2b
jKwYAMtx9TYaSYQ+p/ammJkg5tc/Y3UQgD0pFwoG04UYaUcgqxVCbWBWdYxwgYMxxhhjrAWMsbP6
RPZd67WOKv2uRK8jsRQr9EoJRxCWla77jjTbnpo9wHeTHkcg40jk4vrPyWIHUp8jEGiDbI3ixmq9
7soBP27iQO8SYdB34BIhFyvkotplI0GoGIdpRnlfRXlxo3zkZq0rVnWKLqVrgx1jUbHBkOuUHmMp
VnXXyzLGbNEx1BrzSdFyrU5HLnAwxhhjjLXAWMotHX5yscJMncPesOcgJQWO5W1be440XGFzC7br
YZjtLGkpMJwEgNY7SDhEGE+e81OFGIFe//lLsOMlgO12WF2EKK7Vza4aAXGIMOQ7WIxUaR1zPWsV
NiQRhpL7rzU25NZpVim0qLMiSsZQRvyV4oY2prSy1hOEHkeWglgZY1Ze6YZHzbjAwRhjjDHWIsU3
fdNSQNYIaEwJASTvMBf/VIuNQay4tMG6g5OMmwD2UFHvcK+NwUQhqgj3W09KCghCzXdgi2tYC3F1
0cMh2lB4b7m0EBhJNi9ExiCIDQTZENCCtgGgvqxd4dAtyhYoFliKIzZ5pZFNMkj8JPfEEcQFDsZW
aeYVyAUOxhhjjLEWs2vrCPlVhYuC1igE3IrOupcr7PrSWJu6XUiAzZ5Y6+CfcQT6XIlj+ZWA0n7P
jqfMlQVvAiudG7lIVxVMDNbe9tKoPk+W1koOug7grnxuKVZQZmWDSpE2BstKt2yFbZ9rixuzYYxc
rEqdKA4RxpLiC+dwMLY5XOBgjDHGGGuDEd/BfKSQT8IGCXaun88vrJsVlA0YDZTecDiqLwSGPKc0
klLQGoJWxlPyaqV7wxY3HBhjmuoGaUZPWbBpLb2rgj+LWRpLkVr3ZzDiO/CFwNF8uOa7zJ4g9Dp2
Ze3iqu4VkzxmsbBUzhdkr8GgFGDKGKtv/VhkxhhjjDHWNEmEEc9BxrF/bp2Y8Uu5Box1KwM7mrLR
4oaAPfRLIgiiUteGR/Z1oE1lka/Pkxh0ZdsO7q4gjKbc9W8IGw6cixWOLIdQZv22+H7PQa8jSxka
9RTZ04CJAAAgAElEQVSLOKGuHY6ojEEu6RIpX7ErAOxNe9if9jBalvHDGKuP/yvLGGOMMdZGKSkQ
JSe6HilBWPswxNh25kkBVxAibbAQK6jkuS+SgJqFeGXsJS0FBpLuCUFVd7VpaSkwlnJL2TjaGAiq
fiBlDOZCheXY5mEMeg4cAnI1JnQcIsRJt8WAIxFqs+4ITY8jIQmYytfPEbFjMJXdHT3JxpnYGEwU
wvW/YcYYFzgYY4wxxtopXdYeTwQM+Q7m6rzjKwkYcB3kld7QmsvdwheEEd+FIwhHl8OaGzFYZ/iS
sBSrqq6GSBtMB1GpUyEtBfYknRW5WGEhbO2KZIItVBDsata5JE/kuB6v4naRtmGpxUBgl+woSTaq
HKPJuLbTJK80ZoIYGccGpi6vsUYXsAXOUd+pCBauJa6xYrb478ZsEAPG/vvAecSMrY0LHIwxxhhj
W6jPkUgJgUBrRNqUujvSjkBPsn2Fixv1OUQYT3vQxmAyz8WNdvGlAIxB0GRozHKka/5OImMQxfbj
dpuIU+qcyK1TJNgIIiAbxlCmcuyjXC7WmAlWuiokEQZ9B9oAuaTY4AvCnpQLkWxFyobKjt64MtkG
U/+16hBh2HOwHGsUmnxNE+zmFwClLpRA64rQVsZYNS5wMMYYY4xtMVcQXCHXvyGrUsx0mCpETR++
2foEbLfCgCtxdAOH6UYKTkO+A20MjuXX7mrYDG1s50Y5d9V4iqCVnI3iOAsATJZdV5/nQBBBG7ve
WRmD/T0eCMDRfFS1CrpIEmFv2oUxwGzY/FiaLwSKl1u86vlgpRDkCYIxjf28GdtNuMDBGGOMMca2
BUEEVxCO5sNS5wtrDZcIPa5ARkq4gjBVqH9436xcpDa1pWWjVudvFNfGekJgxF8ZZyl2fGQciUwy
JrIQxwi1QTrJ1FlYteq2HAEY9h0UlEY2VGuu062n113ZBaGMXdlbzPpICYGxlIOpQswFDsZW4QIH
Y4wxxliXaUPe4o4w7EsshIqLGy1CsN1E/e7Kth/AhnGu7n5opU6NYAVaIxspDCThncWxkT5XlFa0
FrNDCMBQ0i0UaFuoANBQPo4gwkIYI9AG/Z7cUL7IXKjgCIJLhOkgLl0rARjwHQDExQ3GauACB2OM
McZYl+lxBPJK87aVMpIIAtR0lgGrTRKVugxCrUExkJJ2tWsxCHQnmg9jCAJ6pUQ++T5zkUaoDfKx
LnWtFLs9Im0wVaixTmUNyhgoYzstysdiCHYsppGgUGUMJvMRiAgCtiNkNoiRkgIpQViIVNs6bBjb
zsT6N2GMMcYYY1sp40js7/GQcSQkUUs7OmQSkLjdEFC1maOdBAF92/Dn1AhJhH1pF9oYLEYKC5HC
VBBhMdYwBm0J/ewmAkBOqdIoSkFrLEaVIyfF19xcGG+okCCJMJpySjkxkghjKReeaPz4pWG7aQaS
LhACMOLbcNbVG1cYYxZ3cDDGGGOMdSGHCKPJYSbS9iBa3tVBAPo8iTA2pdn89fRIgQHPQTZs7h3p
blAv76AdCMCo7yIlBRZ34EHSJUJBa8yvGp2ItMZcZBDu8BGgYqFsre/SAJgqxHU3sKzFjrfYTI9A
aXiCMOq7EISmxquKWR5LkUZsDFLCjtLMRxsrujC2G3CBgzHGGGOsi0kiSElISYHZMEY+1iACBpLc
hIm49qYLAUAKQqQNCHb7yKDrYCaM25qvsBP0exLpJFxSJutBd5KC1igUqp8DO3k0pVwj36UdM2n+
9y7IjqYUx8wAYDxZM7sU1w8mraXfkwj1SgEz1BpHlnk1MmNr4QIHY4wxxtg2Mew5UK4pbX+oxyHC
kO9Akl15OZxyS9sgIi5urCktBfodO5oS640dcll7EexzvNsO+gRg2HORceymlfkgxnDKrpnNK43Z
oLHOKQLQ48jS83A5yQYpjqwwxurjAgdjjDHG2DayurjhSULxzXgBIONKDHv2T7zFSGHYd0rFDVab
AEBEcAgY810Uf8SLOzyLotulhMCgLzFVqBzJ6PcklAGiLhkfItjXpScIPck2msXYbkFJCVvsaCQ/
hgD4QmDAk0iVvWY9Qcg3kkzKGOMCB2OMMcbYdtbjCCzFCr4QGPQceIIqPldeEFmO9Y7PV2iWADCa
cuESgQil4sZ0EGF5l4xsdKO0FBj1bY5FeddCxhHocySO5WuPZm214vPHE1R6rRkDRMpgyLdHLWUM
+lyJgtIorLEdKSUFxlJuVaiwJwn57qjlMNb1uMDBGGOMMbaN+ULg+B6/5qaV8uKGMgaz4dZtIdku
Bj2nlLdRNBfGuyaPohsRgAFPJitrVek56wnCgOsgV7bOtdN6XFn1/CECel1ZKjampEBK2uLMsXxU
yuEgrASdSqJSMOlqrd2jxNjOxgUOxhhjjLFtrpHjz2KsuuZQ2C1cImQcAWUMckl4ayHWpXDI9RAA
sQNDSDvNANDGdm4U16GmhEC/JzEdRF3VhdTr1B7/ytT4+HKsS8WNtBDo9SRmgxja2G4PV9R+Jdfv
+WCMrcYFDsYYY4yxHS7SBrlI78iNIJvhCEJOacwHcUObNcoRgLGUi4WQC0ftMBPE6HVtfkVaCgx5
TtcVNyQRfGELGZOFCHtSbtVtlFkJBV6ONdJSoNeV6JEiWRlr4AuBHlG7UKKMwXLE3USMNYoTpxhj
jDHGdrBQG0wUIgx6sua7yruZNgZzTRQ3BOz2DsCGuaalaGrtJ2ucMgbZUMFPsjhmg7irihsA0Ofa
LSfKmJrXFmmDibKskGHfwZ6Ui57iRiNjoAww6DuotRjJAJguxPwcY6wJ/F85xhhjjLEdLNIG+9Iu
Mo6sCCBlQKBNU83/IykXggBfEIaSwy0fPdsrJQXySiPQ3dfFUCwYLscactVLK9QaE4UI6bLbrB5B
WY41hj0Hfp3X5XwYo9CF3zdj3YxHVBhjjDHGdrDyro0eRyIVKRS67J3w7SDjSPiCIEAYTTml7A0e
T2mvxUjBoLlC1FYg2G4eA1uISDuy9DljgNkghiRgwJXIRjG8VSMooTJISUJv2deVW441FrtkDS5j
2wl3cDDGGGOM7RIEu9Ky15V1Aw1ZNQIw6EkQCONptyJTgbWXMgYe2TGVHtk9RxdJBG1scUMDSCUt
HHmlcTgfQhkg7QgczUdYjHRV95S3RnEDAHxJELXmVhhja+IODsYYY4yxXUQSYcRzYAwwFUQNbwzZ
[...]
<arg>http://${TESTINGBOT_KEY}:${TESTINGBOT_SECRET}@hub.testingbot.com/wd/hub</arg>
<arg>platformName=${M_TYPE}</arg>
<arg>deviceName=${CD_DEVICE}</arg>
<arg>version=${CD_OS}</arg>
<arg>app=${CD_APP_URL}</arg>
<arg>realDevice=true</arg>
<arg>build=[${TIME_STAMP}][${ENV}][VERS_COMP] REKENINGKU FLUTTER</arg>
<arg>name=${TEST_NAME}</arg>
<arg>autoGrantPermissions=true</arg>
<arg>automationName=UiAutomator2</arg>
<doc>Opens a new application to given Appium server.
Capabilities of appium server, Android and iOS,
Please check https://appium.io/docs/en/2.1/cli/args/
| *Option*            | *Man.* | *Description*     |
| remote_url          | Yes    | Appium server url |
| alias               | no     | alias             |
| strict_ssl          | No     | allows you to send commands to an invalid certificate host like a self-signed one. |</doc>
<status status="FAIL" start="2025-04-10T10:46:33.050437" elapsed="283.397641">ProtocolError: ('Connection aborted.', ConnectionResetError(104, 'Connection reset by peer'))</status>
</kw>
<kw name="Click signin button" owner="signin_page">
<status status="NOT RUN" start="2025-04-10T10:51:16.448478" elapsed="0.000046"/>
</kw>
<kw name="Display sign in page" owner="signin_page">
<status status="NOT RUN" start="2025-04-10T10:51:16.448694" elapsed="0.000028"/>
</kw>
<kw name="Input signin email textbox" owner="signin_page">
<arg>${${ENV}_VERIFIED_USER_EMAIL}</arg>
<status status="NOT RUN" start="2025-04-10T10:51:16.448868" elapsed="0.000028"/>
</kw>
<kw name="Input signin password textbox" owner="signin_page">
<arg>${${ENV}_VERIFIED_USER_PASSWORD}</arg>
<status status="NOT RUN" start="2025-04-10T10:51:16.449177" elapsed="0.000028"/>
</kw>
<kw name="Click signin action button" owner="signin_page">
<status status="NOT RUN" start="2025-04-10T10:51:16.449349" elapsed="0.000027"/>
</kw>
<kw name="Display pin verification page" owner="signin_page">
<status status="NOT RUN" start="2025-04-10T10:51:16.449506" elapsed="0.000025"/>
</kw>
<kw name="Input pin verification textbox" owner="signin_page">
<arg>${${ENV}_VERIFIED_USER_PIN}</arg>
<status status="NOT RUN" start="2025-04-10T10:51:16.449674" elapsed="0.000029"/>
</kw>
<kw name="Display home page" owner="signin_page">
<status status="NOT RUN" start="2025-04-10T10:51:16.449835" elapsed="0.000025"/>
</kw>
<kw name="Check coachmark popup if showup" owner="signin_page">
<status status="NOT RUN" start="2025-04-10T10:51:16.449993" elapsed="0.000026"/>
</kw>
<kw name="Check navbar home is selected" owner="signin_page">
<status status="NOT RUN" start="2025-04-10T10:51:16.450163" elapsed="0.000025"/>
</kw>
<kw name="Click profile menu button" owner="signin_page">
<status status="NOT RUN" start="2025-04-10T10:51:16.450384" elapsed="0.000027"/>
</kw>
<kw name="Check profile page" owner="signin_page">
<status status="NOT RUN" start="2025-04-10T10:51:16.450573" elapsed="0.000026"/>
</kw>
<kw name="Close Application" owner="AppiumLibrary">
<doc>Closes the current application and also close webdriver session.</doc>
<status status="NOT RUN" start="2025-04-10T10:51:16.450724" elapsed="0.000023"/>
</kw>
<tag>VERS_COMP</tag>
<status status="FAIL" start="2025-04-10T10:46:33.036380" elapsed="283.414562">ProtocolError: ('Connection aborted.', ConnectionResetError(104, 'Connection reset by peer'))</status>
</test>
<test id="s1-s1-s1-t11" name="IOS - v16.3 - iPhone XR" line="316">
<kw name="Set Global Variable" owner="BuiltIn">
<msg time="2025-04-10T10:51:16.452063" level="INFO">${M_TYPE} = IOS</msg>
<arg>${M_TYPE}</arg>
<arg>IOS</arg>
<doc>Makes a variable available globally in all tests and suites.</doc>
<status status="PASS" start="2025-04-10T10:51:16.451801" elapsed="0.000317"/>
</kw>
<kw name="Set Global Variable" owner="BuiltIn">
<msg time="2025-04-10T10:51:16.452444" level="INFO">${CD_DEVICE} = iPhone XR</msg>
<arg>${CD_DEVICE}</arg>
<arg>iPhone XR</arg>
<doc>Makes a variable available globally in all tests and suites.</doc>
<status status="PASS" start="2025-04-10T10:51:16.452245" elapsed="0.000246"/>
</kw>
<kw name="Set Global Variable" owner="BuiltIn">
<msg time="2025-04-10T10:51:16.452803" level="INFO">${CD_OS} = 16.3</msg>
<arg>${CD_OS}</arg>
<arg>16.3</arg>
<doc>Makes a variable available globally in all tests and suites.</doc>
<status status="PASS" start="2025-04-10T10:51:16.452613" elapsed="0.000237"/>
</kw>
<kw name="Set Global Variable" owner="BuiltIn">
<msg time="2025-04-10T10:51:16.453231" level="INFO">${CD_APP_URL} = tb://2aa2cac76cac23405c7a857e</msg>
<arg>${CD_APP_URL}</arg>
<arg>${CD_APP_URL_IPA}</arg>
<doc>Makes a variable available globally in all tests and suites.</doc>
<status status="PASS" start="2025-04-10T10:51:16.452997" elapsed="0.000282"/>
</kw>
<kw name="Set data environment and device" owner="general">
<kw name="Log" owner="BuiltIn">
<msg time="2025-04-10T10:51:16.454266" level="INFO">
LOG AutomatedTest</msg>
<arg>\nLOG AutomatedTest</arg>
<doc>Logs the given message with the given level.</doc>
<status status="PASS" start="2025-04-10T10:51:16.454142" elapsed="0.000179"/>
</kw>
<kw name="Log To Console" owner="BuiltIn">
<arg>\nLOG AutomatedTest</arg>
<doc>Logs the given message to the console.</doc>
<status status="PASS" start="2025-04-10T10:51:16.454438" elapsed="0.000163"/>
</kw>
<kw name="Log" owner="BuiltIn">
<msg time="2025-04-10T10:51:16.455002" level="INFO">Run on Environment	: PROD</msg>
<arg>Run on Environment\t: ${ENV}</arg>
<doc>Logs the given message with the given level.</doc>
<status status="PASS" start="2025-04-10T10:51:16.454784" elapsed="0.000291"/>
</kw>
<kw name="Log To Console" owner="BuiltIn">
<arg>Run on Environment\t: ${ENV}</arg>
<doc>Logs the given message to the console.</doc>
<status status="PASS" start="2025-04-10T10:51:16.455225" elapsed="0.000196"/>
</kw>
<kw name="Set Global Variable" owner="BuiltIn">
<msg time="2025-04-10T10:51:16.455930" level="INFO">${ENV} = PROD</msg>
<arg>${ENV}</arg>
<arg>${ENV}</arg>
<doc>Makes a variable available globally in all tests and suites.</doc>
<status status="PASS" start="2025-04-10T10:51:16.455615" elapsed="0.000366"/>
</kw>
<kw name="Log" owner="BuiltIn">
<msg time="2025-04-10T10:51:16.456245" level="INFO">TAG TEST		: VERS_COMP</msg>
<arg>TAG TEST\t\t: ${TAG_TEST}</arg>
<doc>Logs the given message with the given level.</doc>
<status status="PASS" start="2025-04-10T10:51:16.456099" elapsed="0.000199"/>
</kw>
<kw name="Log To Console" owner="BuiltIn">
<arg>TAG TEST\t\t: ${TAG_TEST}</arg>
<doc>Logs the given message to the console.</doc>
<status status="PASS" start="2025-04-10T10:51:16.456415" elapsed="0.000192"/>
</kw>
<kw name="Set Global Variable" owner="BuiltIn">
<msg time="2025-04-10T10:51:16.457158" level="INFO">${TAG_TEST} = VERS_COMP</msg>
<arg>${TAG_TEST}</arg>
<arg>${TAG_TEST}</arg>
<doc>Makes a variable available globally in all tests and suites.</doc>
<status status="PASS" start="2025-04-10T10:51:16.456807" elapsed="0.000407"/>
</kw>
<kw name="Log" owner="BuiltIn">
<msg time="2025-04-10T10:51:16.457504" level="INFO">Mobile Device Type	: IOS</msg>
<arg>Mobile Device Type\t: ${M_TYPE}</arg>
<doc>Logs the given message with the given level.</doc>
<status status="PASS" start="2025-04-10T10:51:16.457351" elapsed="0.000204"/>
</kw>
<kw name="Log To Console" owner="BuiltIn">
<arg>Mobile Device Type\t: ${M_TYPE}</arg>
<doc>Logs the given message to the console.</doc>
<status status="PASS" start="2025-04-10T10:51:16.457670" elapsed="0.000191"/>
</kw>
<kw name="Set Global Variable" owner="BuiltIn">
<msg time="2025-04-10T10:51:16.458375" level="INFO">${M_TYPE} = IOS</msg>
<arg>${M_TYPE}</arg>
<arg>${M_TYPE}</arg>
<doc>Makes a variable available globally in all tests and suites.</doc>
<status status="PASS" start="2025-04-10T10:51:16.458053" elapsed="0.000376"/>
</kw>
<kw name="Get Variables" owner="BuiltIn">
<arg>${DEVICE}</arg>
<doc>Returns a dictionary containing all variables in the current scope.</doc>
<status status="PASS" start="2025-04-10T10:51:16.458550" elapsed="0.000433"/>
</kw>
<kw name="Log" owner="BuiltIn">
<msg time="2025-04-10T10:51:16.459249" level="INFO">Run with Cloud Device	: TESTINGBOT</msg>
<arg>Run with Cloud Device\t: ${DEVICE}</arg>
<doc>Logs the given message with the given level.</doc>
<status status="PASS" start="2025-04-10T10:51:16.459107" elapsed="0.000192"/>
</kw>
<kw name="Log To Console" owner="BuiltIn">
<arg>Run with Cloud Device\t: ${DEVICE}</arg>
<doc>Logs the given message to the console.</doc>
<status status="PASS" start="2025-04-10T10:51:16.459414" elapsed="0.000191"/>
</kw>
<kw name="Set Global Variable" owner="BuiltIn">
<msg time="2025-04-10T10:51:16.460126" level="INFO">${DEVICE} = TESTINGBOT</msg>
<arg>${DEVICE}</arg>
<arg>${DEVICE}</arg>
<doc>Makes a variable available globally in all tests and suites.</doc>
<status status="PASS" start="2025-04-10T10:51:16.459799" elapsed="0.000379"/>
</kw>
<if>
<branch type="IF" condition="('${DEVICE}'=='BROWSERSTACK')">
<kw name="Log" owner="BuiltIn">
<arg>CD_DEVICE\t\t: ${CD_DEVICE}</arg>
<doc>Logs the given message with the given level.</doc>
<status status="NOT RUN" start="2025-04-10T10:51:16.460505" elapsed="0.000026"/>
</kw>
<kw name="Log To Console" owner="BuiltIn">
<arg>CD_DEVICE\t\t: ${CD_DEVICE}</arg>
<doc>Logs the given message to the console.</doc>
<status status="NOT RUN" start="2025-04-10T10:51:16.460646" elapsed="0.000023"/>
</kw>
<kw name="Set Global Variable" owner="BuiltIn">
<arg>${CD_DEVICE}</arg>
<arg>${CD_DEVICE}</arg>
<doc>Makes a variable available globally in all tests and suites.</doc>
<status status="NOT RUN" start="2025-04-10T10:51:16.460843" elapsed="0.000024"/>
</kw>
<kw name="Log" owner="BuiltIn">
<arg>CD_OS\t\t\t: ${CD_OS}</arg>
<doc>Logs the given message with the given level.</doc>
<status status="NOT RUN" start="2025-04-10T10:51:16.460996" elapsed="0.000024"/>
</kw>
<kw name="Log To Console" owner="BuiltIn">
<arg>CD_OS\t\t\t: ${CD_OS}</arg>
<doc>Logs the given message to the console.</doc>
<status status="NOT RUN" start="2025-04-10T10:51:16.461128" elapsed="0.000028"/>
</kw>
<kw name="Set Global Variable" owner="BuiltIn">
<arg>${CD_OS}</arg>
<arg>${CD_OS}</arg>
<doc>Makes a variable available globally in all tests and suites.</doc>
<status status="NOT RUN" start="2025-04-10T10:51:16.461267" elapsed="0.000022"/>
</kw>
<kw name="Log" owner="BuiltIn">
<arg>CD_APP_URL\t\t: ${CD_APP_URL}</arg>
<doc>Logs the given message with the given level.</doc>
<status status="NOT RUN" start="2025-04-10T10:51:16.461396" elapsed="0.000021"/>
</kw>
<kw name="Log To Console" owner="BuiltIn">
<arg>CD_APP_URL\t\t: ${CD_APP_URL}</arg>
<doc>Logs the given message to the console.</doc>
<status status="NOT RUN" start="2025-04-10T10:51:16.461519" elapsed="0.000021"/>
</kw>
<kw name="Set Global Variable" owner="BuiltIn">
<arg>${CD_APP_URL}</arg>
<arg>${CD_APP_URL}</arg>
<doc>Makes a variable available globally in all tests and suites.</doc>
<status status="NOT RUN" start="2025-04-10T10:51:16.461646" elapsed="0.000021"/>
</kw>
<status status="NOT RUN" start="2025-04-10T10:51:16.460281" elapsed="0.001421"/>
</branch>
<status status="PASS" start="2025-04-10T10:51:16.460250" elapsed="0.001483"/>
</if>
<if>
<branch type="IF" condition="('${DEVICE}'=='TESTINGBOT')">
<kw name="Log" owner="BuiltIn">
<msg time="2025-04-10T10:51:16.462151" level="INFO">CD_DEVICE		: iPhone XR</msg>
<arg>CD_DEVICE\t\t: ${CD_DEVICE}</arg>
<doc>Logs the given message with the given level.</doc>
<status status="PASS" start="2025-04-10T10:51:16.461992" elapsed="0.000213"/>
</kw>
<kw name="Log To Console" owner="BuiltIn">
<arg>CD_DEVICE\t\t: ${CD_DEVICE}</arg>
<doc>Logs the given message to the console.</doc>
<status status="PASS" start="2025-04-10T10:51:16.462321" elapsed="0.000200"/>
</kw>
<kw name="Set Global Variable" owner="BuiltIn">
<msg time="2025-04-10T10:51:16.463060" level="INFO">${CD_DEVICE} = iPhone XR</msg>
<arg>${CD_DEVICE}</arg>
<arg>${CD_DEVICE}</arg>
<doc>Makes a variable available globally in all tests and suites.</doc>
<status status="PASS" start="2025-04-10T10:51:16.462717" elapsed="0.000395"/>
</kw>
<kw name="Log" owner="BuiltIn">
<msg time="2025-04-10T10:51:16.463376" level="INFO">CD_OS			: 16.3</msg>
<arg>CD_OS\t\t\t: ${CD_OS}</arg>
<doc>Logs the given message with the given level.</doc>
<status status="PASS" start="2025-04-10T10:51:16.463232" elapsed="0.000195"/>
</kw>
<kw name="Log To Console" owner="BuiltIn">
<arg>CD_OS\t\t\t: ${CD_OS}</arg>
<doc>Logs the given message to the console.</doc>
<status status="PASS" start="2025-04-10T10:51:16.463539" elapsed="0.000190"/>
</kw>
<kw name="Set Global Variable" owner="BuiltIn">
<msg time="2025-04-10T10:51:16.464237" level="INFO">${CD_OS} = 16.3</msg>
<arg>${CD_OS}</arg>
<arg>${CD_OS}</arg>
<doc>Makes a variable available globally in all tests and suites.</doc>
<status status="PASS" start="2025-04-10T10:51:16.463920" elapsed="0.000367"/>
</kw>
<kw name="Log" owner="BuiltIn">
<msg time="2025-04-10T10:51:16.464543" level="INFO">CD_APP_URL		: tb://2aa2cac76cac23405c7a857e</msg>
<arg>CD_APP_URL\t\t: ${CD_APP_URL}</arg>
<doc>Logs the given message with the given level.</doc>
<status status="PASS" start="2025-04-10T10:51:16.464403" elapsed="0.000189"/>
</kw>
<kw name="Log To Console" owner="BuiltIn">
<arg>CD_APP_URL\t\t: ${CD_APP_URL}</arg>
<doc>Logs the given message to the console.</doc>
<status status="PASS" start="2025-04-10T10:51:16.464703" elapsed="0.000196"/>
</kw>
<kw name="Set Global Variable" owner="BuiltIn">
<msg time="2025-04-10T10:51:16.465439" level="INFO">${CD_APP_URL} = tb://2aa2cac76cac23405c7a857e</msg>
<arg>${CD_APP_URL}</arg>
<arg>${CD_APP_URL}</arg>
<doc>Makes a variable available globally in all tests and suites.</doc>
<status status="PASS" start="2025-04-10T10:51:16.465109" elapsed="0.000381"/>
</kw>
<status status="PASS" start="2025-04-10T10:51:16.461800" elapsed="0.003731"/>
</branch>
<status status="PASS" start="2025-04-10T10:51:16.461781" elapsed="0.003783"/>
</if>
<status status="PASS" start="2025-04-10T10:51:16.453867" elapsed="0.011763"/>
</kw>
<kw name="Open Application" owner="AppiumLibrary">
<kw name="Capture Page Screenshot" owner="AppiumLibrary">
<msg time="2025-04-10T10:56:00.025255" level="FAIL">No application is open</msg>
<doc>Takes a screenshot of the current page and embeds it into the log.</doc>
<status status="FAIL" start="2025-04-10T10:56:00.024842" elapsed="0.000834">No application is open</status>
</kw>
<msg time="2025-04-10T10:56:00.027935" level="WARN">Keyword 'Capture Page Screenshot' could not be run on failure: No application is open</msg>
<msg time="2025-04-10T10:56:00.028134" level="FAIL">ProtocolError: ('Connection aborted.', ConnectionResetError(104, 'Connection reset by peer'))</msg>
<arg>http://${TESTINGBOT_KEY}:${TESTINGBOT_SECRET}@hub.testingbot.com/wd/hub</arg>
<arg>platformName=${M_TYPE}</arg>
<arg>deviceName=${CD_DEVICE}</arg>
<arg>version=${CD_OS}</arg>
<arg>app=${CD_APP_URL}</arg>
<arg>realDevice=true</arg>
<arg>build=[${TIME_STAMP}][${ENV}][VERS_COMP] REKENINGKU FLUTTER</arg>
<arg>name=${TEST_NAME}</arg>
<arg>autoAcceptAlerts=true</arg>
<arg>automationName=XCUITest</arg>
<doc>Opens a new application to given Appium server.
Capabilities of appium server, Android and iOS,
Please check https://appium.io/docs/en/2.1/cli/args/
| *Option*            | *Man.* | *Description*     |
| remote_url          | Yes    | Appium server url |
| alias               | no     | alias             |
| strict_ssl          | No     | allows you to send commands to an invalid certificate host like a self-signed one. |</doc>
<status status="FAIL" start="2025-04-10T10:51:16.465758" elapsed="283.562838">ProtocolError: ('Connection aborted.', ConnectionResetError(104, 'Connection reset by peer'))</status>
</kw>
<kw name="Click signin button" owner="signin_page">
<status status="NOT RUN" start="2025-04-10T10:56:00.028912" elapsed="0.000041"/>
</kw>
<kw name="Display sign in page" owner="signin_page">
<status status="NOT RUN" start="2025-04-10T10:56:00.029130" elapsed="0.000028"/>
</kw>
<kw name="Input signin email textbox" owner="signin_page">
<arg>${${ENV}_VERIFIED_USER_EMAIL}</arg>
<status status="NOT RUN" start="2025-04-10T10:56:00.029304" elapsed="0.000027"/>
</kw>
<kw name="Input signin password textbox" owner="signin_page">
<arg>${${ENV}_VERIFIED_USER_PASSWORD}</arg>
<status status="NOT RUN" start="2025-04-10T10:56:00.029765" elapsed="0.000030"/>
</kw>
<kw name="Click signin action button" owner="signin_page">
<status status="NOT RUN" start="2025-04-10T10:56:00.029943" elapsed="0.000027"/>
</kw>
<kw name="Display pin verification page" owner="signin_page">
<status status="NOT RUN" start="2025-04-10T10:56:00.030106" elapsed="0.000026"/>
</kw>
<kw name="Input pin verification textbox" owner="signin_page">
<arg>${${ENV}_VERIFIED_USER_PIN}</arg>
<status status="NOT RUN" start="2025-04-10T10:56:00.030272" elapsed="0.000025"/>
</kw>
<kw name="Display home page" owner="signin_page">
<status status="NOT RUN" start="2025-04-10T10:56:00.030429" elapsed="0.000025"/>
</kw>
<kw name="Check coachmark popup if showup" owner="signin_page">
<status status="NOT RUN" start="2025-04-10T10:56:00.030580" elapsed="0.000025"/>
</kw>
<kw name="Check navbar home is selected" owner="signin_page">
<status status="NOT RUN" start="2025-04-10T10:56:00.030735" elapsed="0.000025"/>
</kw>
<kw name="Click profile menu button" owner="signin_page">
<status status="NOT RUN" start="2025-04-10T10:56:00.030953" elapsed="0.000026"/>
</kw>
<kw name="Check profile page" owner="signin_page">
<status status="NOT RUN" start="2025-04-10T10:56:00.031195" elapsed="0.000028"/>
</kw>
<kw name="Close Application" owner="AppiumLibrary">
<doc>Closes the current application and also close webdriver session.</doc>
<status status="NOT RUN" start="2025-04-10T10:56:00.031338" elapsed="0.000023"/>
</kw>
<tag>VERS_COMP</tag>
<status status="FAIL" start="2025-04-10T10:51:16.451248" elapsed="283.580273">ProtocolError: ('Connection aborted.', ConnectionResetError(104, 'Connection reset by peer'))</status>
</test>
<status status="FAIL" start="2025-04-10T10:15:01.800502" elapsed="2458.231641"/>
</suite>
<status status="FAIL" start="2025-04-10T10:15:01.797655" elapsed="2458.235370"/>
</suite>
<status status="FAIL" start="2025-04-10T10:15:01.765716" elapsed="2458.268125"/>
</suite>
<statistics>
<total>
<stat pass="3" fail="8" skip="0">All Tests</stat>
</total>
<tag>
<stat pass="3" fail="8" skip="0">VERS_COMP</stat>
</tag>
<suite>
<stat name="Suites" id="s1" pass="3" fail="8" skip="0">Suites</stat>
<stat name="Compatibility" id="s1-s1" pass="3" fail="8" skip="0">Suites.Compatibility</stat>
<stat name="Version Compatibility Test" id="s1-s1-s1" pass="3" fail="8" skip="0">Suites.Compatibility.Version Compatibility Test</stat>
</suite>
</statistics>
<errors>
<msg time="2025-04-10T10:19:45.680190" level="WARN">Keyword 'Capture Page Screenshot' could not be run on failure: No application is open</msg>
<msg time="2025-04-10T10:25:35.636612" level="WARN">Keyword 'Capture Page Screenshot' could not be run on failure: No application is open</msg>
<msg time="2025-04-10T10:30:19.393645" level="WARN">Keyword 'Capture Page Screenshot' could not be run on failure: No application is open</msg>
<msg time="2025-04-10T10:37:06.393221" level="WARN">Keyword 'Capture Page Screenshot' could not be run on failure: No application is open</msg>
<msg time="2025-04-10T10:41:49.726709" level="WARN">Keyword 'Capture Page Screenshot' could not be run on failure: No application is open</msg>
<msg time="2025-04-10T10:46:33.032794" level="WARN">Keyword 'Capture Page Screenshot' could not be run on failure: No application is open</msg>
<msg time="2025-04-10T10:51:16.447339" level="WARN">Keyword 'Capture Page Screenshot' could not be run on failure: No application is open</msg>
<msg time="2025-04-10T10:56:00.027935" level="WARN">Keyword 'Capture Page Screenshot' could not be run on failure: No application is open</msg>
</errors>
</robot>
