<?xml version="1.0" encoding="UTF-8"?>
<robot generator="Robot 7.2.2 (Python 3.8.0 on linux)" generated="2025-04-09T07:00:47.431502" rpa="false" schemaversion="5">
<suite id="s1" name="Suites" source="/home/runner/work/reku-robot/reku-robot/suites">
<suite id="s1-s1" name="Compatibility" source="/home/runner/work/reku-robot/reku-robot/suites/compatibility">
<suite id="s1-s1-s1" name="Version Compatibility Test" source="/home/runner/work/reku-robot/reku-robot/suites/compatibility/version_compatibility_test.robot">
<test id="s1-s1-s1-t1" name="ANDROID - v15.0 - Pixel 9 (Emulator)" line="6">
<kw name="Set Global Variable" owner="BuiltIn">
<msg time="2025-04-09T07:00:47.665937" level="INFO">${M_TYPE} = ANDROID</msg>
<arg>${M_TYPE}</arg>
<arg>ANDROID</arg>
<doc>Makes a variable available globally in all tests and suites.</doc>
<status status="PASS" start="2025-04-09T07:00:47.664619" elapsed="0.001394"/>
</kw>
<kw name="Set Global Variable" owner="BuiltIn">
<msg time="2025-04-09T07:00:47.667462" level="INFO">${CD_DEVICE} = Pixel 9</msg>
<arg>${CD_DEVICE}</arg>
<arg>Pixel 9</arg>
<doc>Makes a variable available globally in all tests and suites.</doc>
<status status="PASS" start="2025-04-09T07:00:47.666192" elapsed="0.001326"/>
</kw>
<kw name="Set Global Variable" owner="BuiltIn">
<msg time="2025-04-09T07:00:47.668819" level="INFO">${CD_OS} = 15.0</msg>
<arg>${CD_OS}</arg>
<arg>15.0</arg>
<doc>Makes a variable available globally in all tests and suites.</doc>
<status status="PASS" start="2025-04-09T07:00:47.667653" elapsed="0.001220"/>
</kw>
<kw name="Set Global Variable" owner="BuiltIn">
<msg time="2025-04-09T07:00:47.670362" level="INFO">${CD_APP_URL} = tb://8b01876066524052a5f30645</msg>
<arg>${CD_APP_URL}</arg>
<arg>${CD_APP_URL_APK}</arg>
<doc>Makes a variable available globally in all tests and suites.</doc>
<status status="PASS" start="2025-04-09T07:00:47.669003" elapsed="0.001414"/>
</kw>
<kw name="Set data environment and device" owner="general">
<kw name="Log" owner="BuiltIn">
<msg time="2025-04-09T07:00:47.671337" level="INFO">
LOG AutomatedTest</msg>
<arg>\nLOG AutomatedTest</arg>
<doc>Logs the given message with the given level.</doc>
<status status="PASS" start="2025-04-09T07:00:47.671206" elapsed="0.000191"/>
</kw>
<kw name="Log To Console" owner="BuiltIn">
<arg>\nLOG AutomatedTest</arg>
<doc>Logs the given message to the console.</doc>
<status status="PASS" start="2025-04-09T07:00:47.671521" elapsed="0.000172"/>
</kw>
<kw name="Log" owner="BuiltIn">
<msg time="2025-04-09T07:00:47.672228" level="INFO">Run on Environment	: PROD</msg>
<arg>Run on Environment\t: ${ENV}</arg>
<doc>Logs the given message with the given level.</doc>
<status status="PASS" start="2025-04-09T07:00:47.671888" elapsed="0.000416"/>
</kw>
<kw name="Log To Console" owner="BuiltIn">
<arg>Run on Environment\t: ${ENV}</arg>
<doc>Logs the given message to the console.</doc>
<status status="PASS" start="2025-04-09T07:00:47.672429" elapsed="0.000200"/>
</kw>
<kw name="Set Global Variable" owner="BuiltIn">
<msg time="2025-04-09T07:00:47.673125" level="INFO">${ENV} = PROD</msg>
<arg>${ENV}</arg>
<arg>${ENV}</arg>
<doc>Makes a variable available globally in all tests and suites.</doc>
<status status="PASS" start="2025-04-09T07:00:47.672823" elapsed="0.000354"/>
</kw>
<kw name="Log" owner="BuiltIn">
<msg time="2025-04-09T07:00:47.673455" level="INFO">TAG TEST		: VERS_COMP</msg>
<arg>TAG TEST\t\t: ${TAG_TEST}</arg>
<doc>Logs the given message with the given level.</doc>
<status status="PASS" start="2025-04-09T07:00:47.673306" elapsed="0.000200"/>
</kw>
<kw name="Log To Console" owner="BuiltIn">
<arg>TAG TEST\t\t: ${TAG_TEST}</arg>
<doc>Logs the given message to the console.</doc>
<status status="PASS" start="2025-04-09T07:00:47.673622" elapsed="0.000192"/>
</kw>
<kw name="Set Global Variable" owner="BuiltIn">
<msg time="2025-04-09T07:00:47.674339" level="INFO">${TAG_TEST} = VERS_COMP</msg>
<arg>${TAG_TEST}</arg>
<arg>${TAG_TEST}</arg>
<doc>Makes a variable available globally in all tests and suites.</doc>
<status status="PASS" start="2025-04-09T07:00:47.674005" elapsed="0.000387"/>
</kw>
<kw name="Log" owner="BuiltIn">
<msg time="2025-04-09T07:00:47.674664" level="INFO">Mobile Device Type	: ANDROID</msg>
<arg>Mobile Device Type\t: ${M_TYPE}</arg>
<doc>Logs the given message with the given level.</doc>
<status status="PASS" start="2025-04-09T07:00:47.674516" elapsed="0.000200"/>
</kw>
<kw name="Log To Console" owner="BuiltIn">
<arg>Mobile Device Type\t: ${M_TYPE}</arg>
<doc>Logs the given message to the console.</doc>
<status status="PASS" start="2025-04-09T07:00:47.674832" elapsed="0.000193"/>
</kw>
<kw name="Set Global Variable" owner="BuiltIn">
<msg time="2025-04-09T07:00:47.675521" level="INFO">${M_TYPE} = ANDROID</msg>
<arg>${M_TYPE}</arg>
<arg>${M_TYPE}</arg>
<doc>Makes a variable available globally in all tests and suites.</doc>
<status status="PASS" start="2025-04-09T07:00:47.675219" elapsed="0.000354"/>
</kw>
<kw name="Get Variables" owner="BuiltIn">
<arg>${DEVICE}</arg>
<doc>Returns a dictionary containing all variables in the current scope.</doc>
<status status="PASS" start="2025-04-09T07:00:47.675693" elapsed="0.000441"/>
</kw>
<kw name="Log" owner="BuiltIn">
<msg time="2025-04-09T07:00:47.676407" level="INFO">Run with Cloud Device	: TESTINGBOT</msg>
<arg>Run with Cloud Device\t: ${DEVICE}</arg>
<doc>Logs the given message with the given level.</doc>
<status status="PASS" start="2025-04-09T07:00:47.676263" elapsed="0.000195"/>
</kw>
<kw name="Log To Console" owner="BuiltIn">
<arg>Run with Cloud Device\t: ${DEVICE}</arg>
<doc>Logs the given message to the console.</doc>
<status status="PASS" start="2025-04-09T07:00:47.676572" elapsed="0.000198"/>
</kw>
<kw name="Set Global Variable" owner="BuiltIn">
<msg time="2025-04-09T07:00:47.677265" level="INFO">${DEVICE} = TESTINGBOT</msg>
<arg>${DEVICE}</arg>
<arg>${DEVICE}</arg>
<doc>Makes a variable available globally in all tests and suites.</doc>
<status status="PASS" start="2025-04-09T07:00:47.676963" elapsed="0.000359"/>
</kw>
<if>
<branch type="IF" condition="('${DEVICE}'=='BROWSERSTACK')">
<kw name="Log" owner="BuiltIn">
<arg>CD_DEVICE\t\t: ${CD_DEVICE}</arg>
<doc>Logs the given message with the given level.</doc>
<status status="NOT RUN" start="2025-04-09T07:00:47.677642" elapsed="0.000025"/>
</kw>
<kw name="Log To Console" owner="BuiltIn">
<arg>CD_DEVICE\t\t: ${CD_DEVICE}</arg>
<doc>Logs the given message to the console.</doc>
<status status="NOT RUN" start="2025-04-09T07:00:47.677779" elapsed="0.000024"/>
</kw>
<kw name="Set Global Variable" owner="BuiltIn">
<arg>${CD_DEVICE}</arg>
<arg>${CD_DEVICE}</arg>
<doc>Makes a variable available globally in all tests and suites.</doc>
<status status="NOT RUN" start="2025-04-09T07:00:47.677915" elapsed="0.000024"/>
</kw>
<kw name="Log" owner="BuiltIn">
<arg>CD_OS\t\t\t: ${CD_OS}</arg>
<doc>Logs the given message with the given level.</doc>
<status status="NOT RUN" start="2025-04-09T07:00:47.678077" elapsed="0.000028"/>
</kw>
<kw name="Log To Console" owner="BuiltIn">
<arg>CD_OS\t\t\t: ${CD_OS}</arg>
<doc>Logs the given message to the console.</doc>
<status status="NOT RUN" start="2025-04-09T07:00:47.678219" elapsed="0.000023"/>
</kw>
<kw name="Set Global Variable" owner="BuiltIn">
<arg>${CD_OS}</arg>
<arg>${CD_OS}</arg>
<doc>Makes a variable available globally in all tests and suites.</doc>
<status status="NOT RUN" start="2025-04-09T07:00:47.678352" elapsed="0.000022"/>
</kw>
<kw name="Log" owner="BuiltIn">
<arg>CD_APP_URL\t\t: ${CD_APP_URL}</arg>
<doc>Logs the given message with the given level.</doc>
<status status="NOT RUN" start="2025-04-09T07:00:47.678491" elapsed="0.000022"/>
</kw>
<kw name="Log To Console" owner="BuiltIn">
<arg>CD_APP_URL\t\t: ${CD_APP_URL}</arg>
<doc>Logs the given message to the console.</doc>
<status status="NOT RUN" start="2025-04-09T07:00:47.678617" elapsed="0.000022"/>
</kw>
<kw name="Set Global Variable" owner="BuiltIn">
<arg>${CD_APP_URL}</arg>
<arg>${CD_APP_URL}</arg>
<doc>Makes a variable available globally in all tests and suites.</doc>
<status status="NOT RUN" start="2025-04-09T07:00:47.678746" elapsed="0.000022"/>
</kw>
<status status="NOT RUN" start="2025-04-09T07:00:47.677424" elapsed="0.001379"/>
</branch>
<status status="PASS" start="2025-04-09T07:00:47.677392" elapsed="0.001475"/>
</if>
<if>
<branch type="IF" condition="('${DEVICE}'=='TESTINGBOT')">
<kw name="Log" owner="BuiltIn">
<msg time="2025-04-09T07:00:47.679286" level="INFO">CD_DEVICE		: Pixel 9</msg>
<arg>CD_DEVICE\t\t: ${CD_DEVICE}</arg>
<doc>Logs the given message with the given level.</doc>
<status status="PASS" start="2025-04-09T07:00:47.679128" elapsed="0.000210"/>
</kw>
<kw name="Log To Console" owner="BuiltIn">
<arg>CD_DEVICE\t\t: ${CD_DEVICE}</arg>
<doc>Logs the given message to the console.</doc>
<status status="PASS" start="2025-04-09T07:00:47.679453" elapsed="0.000196"/>
</kw>
<kw name="Set Global Variable" owner="BuiltIn">
<msg time="2025-04-09T07:00:47.680151" level="INFO">${CD_DEVICE} = Pixel 9</msg>
<arg>${CD_DEVICE}</arg>
<arg>${CD_DEVICE}</arg>
<doc>Makes a variable available globally in all tests and suites.</doc>
<status status="PASS" start="2025-04-09T07:00:47.679841" elapsed="0.000363"/>
</kw>
<kw name="Log" owner="BuiltIn">
<msg time="2025-04-09T07:00:47.680472" level="INFO">CD_OS			: 15.0</msg>
<arg>CD_OS\t\t\t: ${CD_OS}</arg>
<doc>Logs the given message with the given level.</doc>
<status status="PASS" start="2025-04-09T07:00:47.680327" elapsed="0.000196"/>
</kw>
<kw name="Log To Console" owner="BuiltIn">
<arg>CD_OS\t\t\t: ${CD_OS}</arg>
<doc>Logs the given message to the console.</doc>
<status status="PASS" start="2025-04-09T07:00:47.680642" elapsed="0.000193"/>
</kw>
<kw name="Set Global Variable" owner="BuiltIn">
<msg time="2025-04-09T07:00:47.681327" level="INFO">${CD_OS} = 15.0</msg>
<arg>${CD_OS}</arg>
<arg>${CD_OS}</arg>
<doc>Makes a variable available globally in all tests and suites.</doc>
<status status="PASS" start="2025-04-09T07:00:47.681028" elapsed="0.000351"/>
</kw>
<kw name="Log" owner="BuiltIn">
<msg time="2025-04-09T07:00:47.681649" level="INFO">CD_APP_URL		: tb://8b01876066524052a5f30645</msg>
<arg>CD_APP_URL\t\t: ${CD_APP_URL}</arg>
<doc>Logs the given message with the given level.</doc>
<status status="PASS" start="2025-04-09T07:00:47.681505" elapsed="0.000194"/>
</kw>
<kw name="Log To Console" owner="BuiltIn">
<arg>CD_APP_URL\t\t: ${CD_APP_URL}</arg>
<doc>Logs the given message to the console.</doc>
<status status="PASS" start="2025-04-09T07:00:47.681813" elapsed="0.000190"/>
</kw>
<kw name="Set Global Variable" owner="BuiltIn">
<msg time="2025-04-09T07:00:47.682523" level="INFO">${CD_APP_URL} = tb://8b01876066524052a5f30645</msg>
<arg>${CD_APP_URL}</arg>
<arg>${CD_APP_URL}</arg>
<doc>Makes a variable available globally in all tests and suites.</doc>
<status status="PASS" start="2025-04-09T07:00:47.682211" elapsed="0.000363"/>
</kw>
<status status="PASS" start="2025-04-09T07:00:47.678942" elapsed="0.003671"/>
</branch>
<status status="PASS" start="2025-04-09T07:00:47.678923" elapsed="0.003716"/>
</if>
<status status="PASS" start="2025-04-09T07:00:47.670869" elapsed="0.011825"/>
</kw>
<kw name="Open Application" owner="AppiumLibrary">
<kw name="Capture Page Screenshot" owner="AppiumLibrary">
<msg time="2025-04-09T07:05:42.855834" level="FAIL">No application is open</msg>
<doc>Takes a screenshot of the current page and embeds it into the log.</doc>
<status status="FAIL" start="2025-04-09T07:05:42.855467" elapsed="0.002287">No application is open</status>
</kw>
<msg time="2025-04-09T07:05:42.860154" level="WARN">Keyword 'Capture Page Screenshot' could not be run on failure: No application is open</msg>
<msg time="2025-04-09T07:05:42.860373" level="FAIL">ProtocolError: ('Connection aborted.', ConnectionResetError(104, 'Connection reset by peer'))</msg>
<arg>http://${TESTINGBOT_KEY}:${TESTINGBOT_SECRET}@hub.testingbot.com/wd/hub</arg>
<arg>platformName=${M_TYPE}</arg>
<arg>deviceName=${CD_DEVICE}</arg>
<arg>version=${CD_OS}</arg>
<arg>app=${CD_APP_URL}</arg>
<arg>realDevice=true</arg>
<arg>build=[${TIME_STAMP}][${ENV}][VERS_COMP] REKENINGKU FLUTTER</arg>
<arg>name=${TEST_NAME}</arg>
<arg>autoGrantPermissions=true</arg>
<arg>automationName=UiAutomator2</arg>
<doc>Opens a new application to given Appium server.
Capabilities of appium server, Android and iOS,
Please check https://appium.io/docs/en/2.1/cli/args/
| *Option*            | *Man.* | *Description*     |
| remote_url          | Yes    | Appium server url |
| alias               | no     | alias             |
| strict_ssl          | No     | allows you to send commands to an invalid certificate host like a self-signed one. |</doc>
<status status="FAIL" start="2025-04-09T07:00:47.682810" elapsed="295.178033">ProtocolError: ('Connection aborted.', ConnectionResetError(104, 'Connection reset by peer'))</status>
</kw>
<kw name="Click signin button" owner="signin_page">
<status status="NOT RUN" start="2025-04-09T07:05:42.861139" elapsed="0.000044"/>
</kw>
<kw name="Display sign in page" owner="signin_page">
<status status="NOT RUN" start="2025-04-09T07:05:42.861341" elapsed="0.000028"/>
</kw>
<kw name="Input signin email textbox" owner="signin_page">
<arg>${${ENV}_VERIFIED_USER_EMAIL}</arg>
<status status="NOT RUN" start="2025-04-09T07:05:42.861520" elapsed="0.000028"/>
</kw>
<kw name="Input signin password textbox" owner="signin_page">
<arg>${${ENV}_VERIFIED_USER_PASSWORD}</arg>
<status status="NOT RUN" start="2025-04-09T07:05:42.861818" elapsed="0.000028"/>
</kw>
<kw name="Click signin action button" owner="signin_page">
<status status="NOT RUN" start="2025-04-09T07:05:42.861986" elapsed="0.000026"/>
</kw>
<kw name="Display pin verification page" owner="signin_page">
<status status="NOT RUN" start="2025-04-09T07:05:42.862188" elapsed="0.000028"/>
</kw>
<kw name="Input pin verification textbox" owner="signin_page">
<arg>${${ENV}_VERIFIED_USER_PIN}</arg>
<status status="NOT RUN" start="2025-04-09T07:05:42.862363" elapsed="0.000030"/>
</kw>
<kw name="Display home page" owner="signin_page">
<status status="NOT RUN" start="2025-04-09T07:05:42.862528" elapsed="0.000027"/>
</kw>
<kw name="Check coachmark popup if showup" owner="signin_page">
<status status="NOT RUN" start="2025-04-09T07:05:42.862685" elapsed="0.000026"/>
</kw>
<kw name="Check navbar home is selected" owner="signin_page">
<status status="NOT RUN" start="2025-04-09T07:05:42.862854" elapsed="0.000027"/>
</kw>
<kw name="Click profile menu button" owner="signin_page">
<status status="NOT RUN" start="2025-04-09T07:05:42.863072" elapsed="0.000027"/>
</kw>
<kw name="Check profile page" owner="signin_page">
<status status="NOT RUN" start="2025-04-09T07:05:42.863255" elapsed="0.000025"/>
</kw>
<kw name="Close Application" owner="AppiumLibrary">
<doc>Closes the current application and also close webdriver session.</doc>
<status status="NOT RUN" start="2025-04-09T07:05:42.863396" elapsed="0.000024"/>
</kw>
<tag>VERS_COMP</tag>
<status status="FAIL" start="2025-04-09T07:00:47.663127" elapsed="295.200476">ProtocolError: ('Connection aborted.', ConnectionResetError(104, 'Connection reset by peer'))</status>
</test>
<test id="s1-s1-s1-t2" name="ANDROID - v14.0 - Pixel 8 (Emulator)" line="37">
<kw name="Set Global Variable" owner="BuiltIn">
<msg time="2025-04-09T07:05:42.864837" level="INFO">${M_TYPE} = ANDROID</msg>
<arg>${M_TYPE}</arg>
<arg>ANDROID</arg>
<doc>Makes a variable available globally in all tests and suites.</doc>
<status status="PASS" start="2025-04-09T07:05:42.864505" elapsed="0.000405"/>
</kw>
<kw name="Set Global Variable" owner="BuiltIn">
<msg time="2025-04-09T07:05:42.865388" level="INFO">${CD_DEVICE} = Pixel 8</msg>
<arg>${CD_DEVICE}</arg>
<arg>Pixel 8</arg>
<doc>Makes a variable available globally in all tests and suites.</doc>
<status status="PASS" start="2025-04-09T07:05:42.865093" elapsed="0.000362"/>
</kw>
<kw name="Set Global Variable" owner="BuiltIn">
<msg time="2025-04-09T07:05:42.865934" level="INFO">${CD_OS} = 14.0</msg>
<arg>${CD_OS}</arg>
<arg>14.0</arg>
<doc>Makes a variable available globally in all tests and suites.</doc>
<status status="PASS" start="2025-04-09T07:05:42.865632" elapsed="0.000375"/>
</kw>
<kw name="Set Global Variable" owner="BuiltIn">
<msg time="2025-04-09T07:05:42.866545" level="INFO">${CD_APP_URL} = tb://8b01876066524052a5f30645</msg>
<arg>${CD_APP_URL}</arg>
<arg>${CD_APP_URL_APK}</arg>
<doc>Makes a variable available globally in all tests and suites.</doc>
<status status="PASS" start="2025-04-09T07:05:42.866209" elapsed="0.000402"/>
</kw>
<kw name="Set data environment and device" owner="general">
<kw name="Log" owner="BuiltIn">
<msg time="2025-04-09T07:05:42.867803" level="INFO">
LOG AutomatedTest</msg>
<arg>\nLOG AutomatedTest</arg>
<doc>Logs the given message with the given level.</doc>
<status status="PASS" start="2025-04-09T07:05:42.867642" elapsed="0.000483"/>
</kw>
<kw name="Log To Console" owner="BuiltIn">
<arg>\nLOG AutomatedTest</arg>
<doc>Logs the given message to the console.</doc>
<status status="PASS" start="2025-04-09T07:05:42.868298" elapsed="0.000195"/>
</kw>
<kw name="Log" owner="BuiltIn">
<msg time="2025-04-09T07:05:42.868886" level="INFO">Run on Environment	: PROD</msg>
<arg>Run on Environment\t: ${ENV}</arg>
<doc>Logs the given message with the given level.</doc>
<status status="PASS" start="2025-04-09T07:05:42.868677" elapsed="0.000287"/>
</kw>
<kw name="Log To Console" owner="BuiltIn">
<arg>Run on Environment\t: ${ENV}</arg>
<doc>Logs the given message to the console.</doc>
<status status="PASS" start="2025-04-09T07:05:42.869142" elapsed="0.000284"/>
</kw>
<kw name="Set Global Variable" owner="BuiltIn">
<msg time="2025-04-09T07:05:42.869908" level="INFO">${ENV} = PROD</msg>
<arg>${ENV}</arg>
<arg>${ENV}</arg>
<doc>Makes a variable available globally in all tests and suites.</doc>
<status status="PASS" start="2025-04-09T07:05:42.869627" elapsed="0.000333"/>
</kw>
<kw name="Log" owner="BuiltIn">
<msg time="2025-04-09T07:05:42.870274" level="INFO">TAG TEST		: VERS_COMP</msg>
<arg>TAG TEST\t\t: ${TAG_TEST}</arg>
<doc>Logs the given message with the given level.</doc>
<status status="PASS" start="2025-04-09T07:05:42.870117" elapsed="0.000209"/>
</kw>
<kw name="Log To Console" owner="BuiltIn">
<arg>TAG TEST\t\t: ${TAG_TEST}</arg>
<doc>Logs the given message to the console.</doc>
<status status="PASS" start="2025-04-09T07:05:42.870446" elapsed="0.000199"/>
</kw>
<kw name="Set Global Variable" owner="BuiltIn">
<msg time="2025-04-09T07:05:42.871167" level="INFO">${TAG_TEST} = VERS_COMP</msg>
<arg>${TAG_TEST}</arg>
<arg>${TAG_TEST}</arg>
<doc>Makes a variable available globally in all tests and suites.</doc>
<status status="PASS" start="2025-04-09T07:05:42.870839" elapsed="0.000381"/>
</kw>
<kw name="Log" owner="BuiltIn">
<msg time="2025-04-09T07:05:42.871494" level="INFO">Mobile Device Type	: ANDROID</msg>
<arg>Mobile Device Type\t: ${M_TYPE}</arg>
<doc>Logs the given message with the given level.</doc>
<status status="PASS" start="2025-04-09T07:05:42.871345" elapsed="0.000201"/>
</kw>
<kw name="Log To Console" owner="BuiltIn">
<arg>Mobile Device Type\t: ${M_TYPE}</arg>
<doc>Logs the given message to the console.</doc>
<status status="PASS" start="2025-04-09T07:05:42.871664" elapsed="0.000195"/>
</kw>
<kw name="Set Global Variable" owner="BuiltIn">
<msg time="2025-04-09T07:05:42.872345" level="INFO">${M_TYPE} = ANDROID</msg>
<arg>${M_TYPE}</arg>
<arg>${M_TYPE}</arg>
<doc>Makes a variable available globally in all tests and suites.</doc>
<status status="PASS" start="2025-04-09T07:05:42.872054" elapsed="0.000342"/>
</kw>
<kw name="Get Variables" owner="BuiltIn">
<arg>${DEVICE}</arg>
<doc>Returns a dictionary containing all variables in the current scope.</doc>
<status status="PASS" start="2025-04-09T07:05:42.872520" elapsed="0.000430"/>
</kw>
<kw name="Log" owner="BuiltIn">
<msg time="2025-04-09T07:05:42.873225" level="INFO">Run with Cloud Device	: TESTINGBOT</msg>
<arg>Run with Cloud Device\t: ${DEVICE}</arg>
<doc>Logs the given message with the given level.</doc>
<status status="PASS" start="2025-04-09T07:05:42.873077" elapsed="0.000199"/>
</kw>
<kw name="Log To Console" owner="BuiltIn">
<arg>Run with Cloud Device\t: ${DEVICE}</arg>
<doc>Logs the given message to the console.</doc>
<status status="PASS" start="2025-04-09T07:05:42.873397" elapsed="0.000190"/>
</kw>
<kw name="Set Global Variable" owner="BuiltIn">
<msg time="2025-04-09T07:05:42.874096" level="INFO">${DEVICE} = TESTINGBOT</msg>
<arg>${DEVICE}</arg>
<arg>${DEVICE}</arg>
<doc>Makes a variable available globally in all tests and suites.</doc>
<status status="PASS" start="2025-04-09T07:05:42.873790" elapsed="0.000360"/>
</kw>
<if>
<branch type="IF" condition="('${DEVICE}'=='BROWSERSTACK')">
<kw name="Log" owner="BuiltIn">
<arg>CD_DEVICE\t\t: ${CD_DEVICE}</arg>
<doc>Logs the given message with the given level.</doc>
<status status="NOT RUN" start="2025-04-09T07:05:42.874471" elapsed="0.000027"/>
</kw>
<kw name="Log To Console" owner="BuiltIn">
<arg>CD_DEVICE\t\t: ${CD_DEVICE}</arg>
<doc>Logs the given message to the console.</doc>
<status status="NOT RUN" start="2025-04-09T07:05:42.874611" elapsed="0.000023"/>
</kw>
<kw name="Set Global Variable" owner="BuiltIn">
<arg>${CD_DEVICE}</arg>
<arg>${CD_DEVICE}</arg>
<doc>Makes a variable available globally in all tests and suites.</doc>
<status status="NOT RUN" start="2025-04-09T07:05:42.874745" elapsed="0.000023"/>
</kw>
<kw name="Log" owner="BuiltIn">
<arg>CD_OS\t\t\t: ${CD_OS}</arg>
<doc>Logs the given message with the given level.</doc>
<status status="NOT RUN" start="2025-04-09T07:05:42.874877" elapsed="0.000023"/>
</kw>
<kw name="Log To Console" owner="BuiltIn">
<arg>CD_OS\t\t\t: ${CD_OS}</arg>
<doc>Logs the given message to the console.</doc>
<status status="NOT RUN" start="2025-04-09T07:05:42.875005" elapsed="0.000023"/>
</kw>
<kw name="Set Global Variable" owner="BuiltIn">
<arg>${CD_OS}</arg>
<arg>${CD_OS}</arg>
<doc>Makes a variable available globally in all tests and suites.</doc>
<status status="NOT RUN" start="2025-04-09T07:05:42.875136" elapsed="0.000022"/>
</kw>
<kw name="Log" owner="BuiltIn">
<arg>CD_APP_URL\t\t: ${CD_APP_URL}</arg>
<doc>Logs the given message with the given level.</doc>
<status status="NOT RUN" start="2025-04-09T07:05:42.875263" elapsed="0.000023"/>
</kw>
<kw name="Log To Console" owner="BuiltIn">
<arg>CD_APP_URL\t\t: ${CD_APP_URL}</arg>
<doc>Logs the given message to the console.</doc>
<status status="NOT RUN" start="2025-04-09T07:05:42.875388" elapsed="0.000022"/>
</kw>
<kw name="Set Global Variable" owner="BuiltIn">
<arg>${CD_APP_URL}</arg>
<arg>${CD_APP_URL}</arg>
<doc>Makes a variable available globally in all tests and suites.</doc>
<status status="NOT RUN" start="2025-04-09T07:05:42.875516" elapsed="0.000022"/>
</kw>
<status status="NOT RUN" start="2025-04-09T07:05:42.874245" elapsed="0.001328"/>
</branch>
<status status="PASS" start="2025-04-09T07:05:42.874216" elapsed="0.001385"/>
</if>
<if>
<branch type="IF" condition="('${DEVICE}'=='TESTINGBOT')">
<kw name="Log" owner="BuiltIn">
<msg time="2025-04-09T07:05:42.876012" level="INFO">CD_DEVICE		: Pixel 8</msg>
<arg>CD_DEVICE\t\t: ${CD_DEVICE}</arg>
<doc>Logs the given message with the given level.</doc>
<status status="PASS" start="2025-04-09T07:05:42.875851" elapsed="0.000212"/>
</kw>
<kw name="Log To Console" owner="BuiltIn">
<arg>CD_DEVICE\t\t: ${CD_DEVICE}</arg>
<doc>Logs the given message to the console.</doc>
<status status="PASS" start="2025-04-09T07:05:42.876177" elapsed="0.000202"/>
</kw>
<kw name="Set Global Variable" owner="BuiltIn">
<msg time="2025-04-09T07:05:42.876863" level="INFO">${CD_DEVICE} = Pixel 8</msg>
<arg>${CD_DEVICE}</arg>
<arg>${CD_DEVICE}</arg>
<doc>Makes a variable available globally in all tests and suites.</doc>
<status status="PASS" start="2025-04-09T07:05:42.876579" elapsed="0.000335"/>
</kw>
<kw name="Log" owner="BuiltIn">
<msg time="2025-04-09T07:05:42.877182" level="INFO">CD_OS			: 14.0</msg>
<arg>CD_OS\t\t\t: ${CD_OS}</arg>
<doc>Logs the given message with the given level.</doc>
<status status="PASS" start="2025-04-09T07:05:42.877034" elapsed="0.000198"/>
</kw>
<kw name="Log To Console" owner="BuiltIn">
<arg>CD_OS\t\t\t: ${CD_OS}</arg>
<doc>Logs the given message to the console.</doc>
<status status="PASS" start="2025-04-09T07:05:42.877350" elapsed="0.000195"/>
</kw>
<kw name="Set Global Variable" owner="BuiltIn">
<msg time="2025-04-09T07:05:42.878011" level="INFO">${CD_OS} = 14.0</msg>
<arg>${CD_OS}</arg>
<arg>${CD_OS}</arg>
<doc>Makes a variable available globally in all tests and suites.</doc>
<status status="PASS" start="2025-04-09T07:05:42.877738" elapsed="0.000350"/>
</kw>
<kw name="Log" owner="BuiltIn">
<msg time="2025-04-09T07:05:42.878404" level="INFO">CD_APP_URL		: tb://8b01876066524052a5f30645</msg>
<arg>CD_APP_URL\t\t: ${CD_APP_URL}</arg>
<doc>Logs the given message with the given level.</doc>
<status status="PASS" start="2025-04-09T07:05:42.878250" elapsed="0.000206"/>
</kw>
<kw name="Log To Console" owner="BuiltIn">
<arg>CD_APP_URL\t\t: ${CD_APP_URL}</arg>
<doc>Logs the given message to the console.</doc>
<status status="PASS" start="2025-04-09T07:05:42.878575" elapsed="0.000194"/>
</kw>
<kw name="Set Global Variable" owner="BuiltIn">
<msg time="2025-04-09T07:05:42.879254" level="INFO">${CD_APP_URL} = tb://8b01876066524052a5f30645</msg>
<arg>${CD_APP_URL}</arg>
<arg>${CD_APP_URL}</arg>
<doc>Makes a variable available globally in all tests and suites.</doc>
<status status="PASS" start="2025-04-09T07:05:42.878964" elapsed="0.000340"/>
</kw>
<status status="PASS" start="2025-04-09T07:05:42.875664" elapsed="0.003692"/>
</branch>
<status status="PASS" start="2025-04-09T07:05:42.875646" elapsed="0.003736"/>
</if>
<status status="PASS" start="2025-04-09T07:05:42.867266" elapsed="0.012170"/>
</kw>
<kw name="Open Application" owner="AppiumLibrary">
<arg>http://${TESTINGBOT_KEY}:${TESTINGBOT_SECRET}@hub.testingbot.com/wd/hub</arg>
<arg>platformName=${M_TYPE}</arg>
<arg>deviceName=${CD_DEVICE}</arg>
<arg>version=${CD_OS}</arg>
<arg>app=${CD_APP_URL}</arg>
<arg>realDevice=true</arg>
<arg>build=[${TIME_STAMP}][${ENV}][VERS_COMP] REKENINGKU FLUTTER</arg>
<arg>name=${TEST_NAME}</arg>
<arg>autoGrantPermissions=true</arg>
<arg>automationName=UiAutomator2</arg>
<doc>Opens a new application to given Appium server.
Capabilities of appium server, Android and iOS,
Please check https://appium.io/docs/en/2.1/cli/args/
| *Option*            | *Man.* | *Description*     |
| remote_url          | Yes    | Appium server url |
| alias               | no     | alias             |
| strict_ssl          | No     | allows you to send commands to an invalid certificate host like a self-signed one. |</doc>
<status status="PASS" start="2025-04-09T07:05:42.879549" elapsed="16.534960"/>
</kw>
<kw name="Click signin button" owner="signin_page">
<kw name="Wait Until Page Contains Element" owner="AppiumLibrary">
<msg time="2025-04-09T07:06:01.591216" level="INFO">xpath criteria: //android.widget.Button[contains(@content-desc,'Sign In')]
xpath criteria: //android.widget.Button[contains(@content-desc,'Sign In')]</msg>
<arg>${${M_TYPE}_BTN_SIGN_IN}</arg>
<arg>${MAXTIMEOUT}</arg>
<doc>Waits until element specified with `locator` appears on current page.</doc>
<status status="PASS" start="2025-04-09T07:05:59.415210" elapsed="2.176151"/>
</kw>
<kw name="Click Element" owner="AppiumLibrary">
<msg time="2025-04-09T07:06:01.594174" level="INFO">Clicking element '//android.widget.Button[contains(@content-desc,'Sign In')]'.</msg>
<msg time="2025-04-09T07:06:03.274312" level="INFO">xpath criteria: //android.widget.Button[contains(@content-desc,'Sign In')]</msg>
<arg>${${M_TYPE}_BTN_SIGN_IN}</arg>
<doc>Click element identified by `locator`.</doc>
<status status="PASS" start="2025-04-09T07:06:01.591622" elapsed="1.682835"/>
</kw>
<status status="PASS" start="2025-04-09T07:05:59.414855" elapsed="3.859730"/>
</kw>
<kw name="Display sign in page" owner="signin_page">
<kw name="Wait Until Page Contains Element" owner="AppiumLibrary">
<msg time="2025-04-09T07:06:03.657606" level="INFO">xpath criteria: //*[@content-desc="Email"]/following-sibling::android.widget.EditText[1]</msg>
<arg>${${M_TYPE}_TXT_EMAIL}</arg>
<arg>${MAXTIMEOUT}</arg>
<doc>Waits until element specified with `locator` appears on current page.</doc>
<status status="PASS" start="2025-04-09T07:06:03.275276" elapsed="0.382465"/>
</kw>
<kw name="Wait Until Page Contains Element" owner="AppiumLibrary">
<msg time="2025-04-09T07:06:03.958487" level="INFO">xpath criteria: //*[@content-desc="Password"]/following-sibling::android.widget.EditText[1]</msg>
<arg>${${M_TYPE}_TXT_PASSWORD}</arg>
<arg>${MAXTIMEOUT}</arg>
<doc>Waits until element specified with `locator` appears on current page.</doc>
<status status="PASS" start="2025-04-09T07:06:03.657979" elapsed="0.300636"/>
</kw>
<kw name="Wait Until Page Contains Element" owner="AppiumLibrary">
<msg time="2025-04-09T07:06:04.225283" level="INFO">xpath criteria: //android.widget.Button[contains(@content-desc,'Sign In')]</msg>
<arg>${${M_TYPE}_BTN_SIGN_IN}</arg>
<arg>${MAXTIMEOUT}</arg>
<doc>Waits until element specified with `locator` appears on current page.</doc>
<status status="PASS" start="2025-04-09T07:06:03.958857" elapsed="0.266571"/>
</kw>
<status status="PASS" start="2025-04-09T07:06:03.274888" elapsed="0.950675"/>
</kw>
<kw name="Input signin email textbox" owner="signin_page">
<kw name="Wait Until Page Contains Element" owner="AppiumLibrary">
<msg time="2025-04-09T07:06:04.587790" level="INFO">xpath criteria: //*[@content-desc="Email"]/following-sibling::android.widget.EditText[1]</msg>
<arg>${${M_TYPE}_TXT_EMAIL}</arg>
<arg>${MAXTIMEOUT}</arg>
<doc>Waits until element specified with `locator` appears on current page.</doc>
<status status="PASS" start="2025-04-09T07:06:04.226392" elapsed="0.361526"/>
</kw>
<kw name="Click Element" owner="AppiumLibrary">
<msg time="2025-04-09T07:06:04.590700" level="INFO">Clicking element '//*[@content-desc="Email"]/following-sibling::android.widget.EditText[1]'.</msg>
<msg time="2025-04-09T07:06:05.357396" level="INFO">xpath criteria: //*[@content-desc="Email"]/following-sibling::android.widget.EditText[1]</msg>
<arg>${${M_TYPE}_TXT_EMAIL}</arg>
<doc>Click element identified by `locator`.</doc>
<status status="PASS" start="2025-04-09T07:06:04.588149" elapsed="0.769387"/>
</kw>
<kw name="Handle loading before input action" owner="general">
<kw name="Sleep" owner="BuiltIn">
<msg time="2025-04-09T07:06:06.358692" level="INFO">Slept 1 second.</msg>
<arg>${LOADING_INPUT_TIME}</arg>
<doc>Pauses the test executed for the given time.</doc>
<status status="PASS" start="2025-04-09T07:06:05.358309" elapsed="1.000556"/>
</kw>
<status status="PASS" start="2025-04-09T07:06:05.357866" elapsed="1.001123"/>
</kw>
<kw name="Input Text" owner="AppiumLibrary">
<msg time="2025-04-09T07:06:06.361758" level="INFO">Typing text 'testerrekeningku+01@gmail.com' into text field '//*[@content-desc="Email"]/following-sibling::android.widget.EditText[1]'</msg>
<msg time="2025-04-09T07:06:07.014906" level="INFO">xpath criteria: //*[@content-desc="Email"]/following-sibling::android.widget.EditText[1]</msg>
<arg>${${M_TYPE}_TXT_EMAIL}</arg>
<arg>${email}</arg>
<doc>Types the given `text` into text field identified by `locator`.</doc>
<status status="PASS" start="2025-04-09T07:06:06.359211" elapsed="0.655829"/>
</kw>
<kw name="Hide Keyboard" owner="AppiumLibrary">
<doc>Hides the software keyboard on the device. (optional) In iOS, use `key_name` to press
a particular key, ex. `Done`. In Android, no parameters are used.</doc>
<status status="PASS" start="2025-04-09T07:06:07.015274" elapsed="1.192476"/>
</kw>
<arg>${${ENV}_VERIFIED_USER_EMAIL}</arg>
<status status="PASS" start="2025-04-09T07:06:04.225875" elapsed="3.982013"/>
</kw>
<kw name="Input signin password textbox" owner="signin_page">
<if>
<branch type="IF" condition="(&quot;${M_TYPE}&quot;==&quot;ANDROID&quot;)">
<kw name="Wait Until Page Contains Element" owner="AppiumLibrary">
<msg time="2025-04-09T07:06:08.675282" level="INFO">xpath criteria: //*[@content-desc="Password"]/following-sibling::android.widget.EditText[1]</msg>
<arg>${${M_TYPE}_TXT_PASSWORD}</arg>
<arg>${MAXTIMEOUT}</arg>
<doc>Waits until element specified with `locator` appears on current page.</doc>
<status status="PASS" start="2025-04-09T07:06:08.208943" elapsed="0.466465"/>
</kw>
<kw name="Click Element" owner="AppiumLibrary">
<msg time="2025-04-09T07:06:08.678191" level="INFO">Clicking element '//*[@content-desc="Password"]/following-sibling::android.widget.EditText[1]'.</msg>
<msg time="2025-04-09T07:06:10.194790" level="INFO">xpath criteria: //*[@content-desc="Password"]/following-sibling::android.widget.EditText[1]</msg>
<arg>${${M_TYPE}_TXT_PASSWORD}</arg>
<doc>Click element identified by `locator`.</doc>
<status status="PASS" start="2025-04-09T07:06:08.675640" elapsed="1.519278"/>
</kw>
<kw name="Handle loading before input action" owner="general">
<kw name="Sleep" owner="BuiltIn">
<msg time="2025-04-09T07:06:11.196019" level="INFO">Slept 1 second.</msg>
<arg>${LOADING_INPUT_TIME}</arg>
<doc>Pauses the test executed for the given time.</doc>
<status status="PASS" start="2025-04-09T07:06:10.195650" elapsed="1.000533"/>
</kw>
<status status="PASS" start="2025-04-09T07:06:10.195282" elapsed="1.001021"/>
</kw>
<kw name="Input Text" owner="AppiumLibrary">
<msg time="2025-04-09T07:06:11.199095" level="INFO">Typing text 'Tester12345.' into text field '//*[@content-desc="Password"]/following-sibling::android.widget.EditText[1]'</msg>
<msg time="2025-04-09T07:06:11.897277" level="INFO">xpath criteria: //*[@content-desc="Password"]/following-sibling::android.widget.EditText[1]</msg>
<arg>${${M_TYPE}_TXT_PASSWORD}</arg>
<arg>${password}</arg>
<doc>Types the given `text` into text field identified by `locator`.</doc>
<status status="PASS" start="2025-04-09T07:06:11.196508" elapsed="0.700896"/>
</kw>
<kw name="Hide Keyboard" owner="AppiumLibrary">
<doc>Hides the software keyboard on the device. (optional) In iOS, use `key_name` to press
a particular key, ex. `Done`. In Android, no parameters are used.</doc>
<status status="PASS" start="2025-04-09T07:06:11.897640" elapsed="2.170590"/>
</kw>
<status status="PASS" start="2025-04-09T07:06:08.208694" elapsed="5.859630"/>
</branch>
<branch type="ELSE">
<kw name="Wait Until Page Contains Element" owner="AppiumLibrary">
<arg>${${M_TYPE}_BTN_SHOW_PASS}</arg>
<arg>${MAXTIMEOUT}</arg>
<doc>Waits until element specified with `locator` appears on current page.</doc>
<status status="NOT RUN" start="2025-04-09T07:06:14.068592" elapsed="0.000032"/>
</kw>
<kw name="Click Element" owner="AppiumLibrary">
<arg>${${M_TYPE}_BTN_SHOW_PASS}</arg>
<doc>Click element identified by `locator`.</doc>
<status status="NOT RUN" start="2025-04-09T07:06:14.068749" elapsed="0.000025"/>
</kw>
<kw name="Wait Until Page Contains Element" owner="AppiumLibrary">
<arg>${${M_TYPE}_TXT_PASSWORD}</arg>
<arg>${MAXTIMEOUT}</arg>
<doc>Waits until element specified with `locator` appears on current page.</doc>
<status status="NOT RUN" start="2025-04-09T07:06:14.068888" elapsed="0.000024"/>
</kw>
<kw name="Click Element" owner="AppiumLibrary">
<arg>${${M_TYPE}_TXT_PASSWORD}</arg>
<doc>Click element identified by `locator`.</doc>
<status status="NOT RUN" start="2025-04-09T07:06:14.069023" elapsed="0.000022"/>
</kw>
<kw name="Handle loading before input action" owner="general">
<status status="NOT RUN" start="2025-04-09T07:06:14.069235" elapsed="0.000033"/>
</kw>
<kw name="Input Text" owner="AppiumLibrary">
<arg>${${M_TYPE}_TXT_PASSWORD}</arg>
<arg>${password}</arg>
<doc>Types the given `text` into text field identified by `locator`.</doc>
<status status="NOT RUN" start="2025-04-09T07:06:14.069378" elapsed="0.000022"/>
</kw>
<kw name="Hide Keyboard" owner="AppiumLibrary">
<doc>Hides the software keyboard on the device. (optional) In iOS, use `key_name` to press
a particular key, ex. `Done`. In Android, no parameters are used.</doc>
<status status="NOT RUN" start="2025-04-09T07:06:14.069507" elapsed="0.000023"/>
</kw>
<status status="NOT RUN" start="2025-04-09T07:06:14.068371" elapsed="0.001189"/>
</branch>
<status status="PASS" start="2025-04-09T07:06:08.208663" elapsed="5.860920"/>
</if>
<arg>${${ENV}_VERIFIED_USER_PASSWORD}</arg>
<status status="PASS" start="2025-04-09T07:06:08.208273" elapsed="5.861379"/>
</kw>
<kw name="Click signin action button" owner="signin_page">
<kw name="Wait Until Page Contains Element" owner="AppiumLibrary">
<msg time="2025-04-09T07:06:14.599186" level="INFO">xpath criteria: //android.widget.Button[contains(@content-desc,'Sign In')]</msg>
<arg>${${M_TYPE}_BTN_SIGN_IN_2}</arg>
<arg>${MAXTIMEOUT}</arg>
<doc>Waits until element specified with `locator` appears on current page.</doc>
<status status="PASS" start="2025-04-09T07:06:14.070156" elapsed="0.529167"/>
</kw>
<kw name="Click Element" owner="AppiumLibrary">
<msg time="2025-04-09T07:06:14.602249" level="INFO">Clicking element '//android.widget.Button[contains(@content-desc,'Sign In')]'.</msg>
<msg time="2025-04-09T07:06:15.412281" level="INFO">xpath criteria: //android.widget.Button[contains(@content-desc,'Sign In')]</msg>
<arg>${${M_TYPE}_BTN_SIGN_IN_2}</arg>
<doc>Click element identified by `locator`.</doc>
<status status="PASS" start="2025-04-09T07:06:14.599558" elapsed="0.812869"/>
</kw>
<status status="PASS" start="2025-04-09T07:06:14.069806" elapsed="1.342752"/>
</kw>
<kw name="Display pin verification page" owner="signin_page">
<kw name="Wait Until Page Contains Element" owner="AppiumLibrary">
<msg time="2025-04-09T07:06:18.223301" level="INFO">xpath criteria: //*[contains(@content-desc,'Authentication Code')]
xpath criteria: //*[contains(@content-desc,'Authentication Code')]
xpath criteria: //*[contains(@content-desc,'Authentication Code')]
xpath criteria: //*[contains(@content-desc,'Authentication Code')]</msg>
<arg>${${M_TYPE}_LBL_PIN_VERIFICATION_PAGE}</arg>
<arg>${MAXTIMEOUT}</arg>
<doc>Waits until element specified with `locator` appears on current page.</doc>
<status status="PASS" start="2025-04-09T07:06:15.413229" elapsed="2.810201"/>
</kw>
<kw name="Wait Until Page Contains Element" owner="AppiumLibrary">
<msg time="2025-04-09T07:06:18.516473" level="INFO">xpath criteria: //*[@content-desc="Enter Authenticator Code"]/following-sibling::android.widget.EditText[1]</msg>
<arg>${${M_TYPE}_TXT_VERIFICATION}</arg>
<arg>${MAXTIMEOUT}</arg>
<doc>Waits until element specified with `locator` appears on current page.</doc>
<status status="PASS" start="2025-04-09T07:06:18.223665" elapsed="0.292978"/>
</kw>
<status status="PASS" start="2025-04-09T07:06:15.412852" elapsed="3.103930"/>
</kw>
<kw name="Input pin verification textbox" owner="signin_page">
<kw name="Wait Until Page Contains Element" owner="AppiumLibrary">
<msg time="2025-04-09T07:06:18.796708" level="INFO">xpath criteria: //*[@content-desc="Enter Authenticator Code"]/following-sibling::android.widget.EditText[1]</msg>
<arg>${${M_TYPE}_TXT_VERIFICATION}</arg>
<arg>${MAXTIMEOUT}</arg>
<doc>Waits until element specified with `locator` appears on current page.</doc>
<status status="PASS" start="2025-04-09T07:06:18.517521" elapsed="0.279327"/>
</kw>
<kw name="Click Element" owner="AppiumLibrary">
<msg time="2025-04-09T07:06:18.799656" level="INFO">Clicking element '//*[@content-desc="Enter Authenticator Code"]/following-sibling::android.widget.EditText[1]'.</msg>
<msg time="2025-04-09T07:06:19.477407" level="INFO">xpath criteria: //*[@content-desc="Enter Authenticator Code"]/following-sibling::android.widget.EditText[1]</msg>
<arg>${${M_TYPE}_TXT_VERIFICATION}</arg>
<doc>Click element identified by `locator`.</doc>
<status status="PASS" start="2025-04-09T07:06:18.797107" elapsed="0.680445"/>
</kw>
<kw name="Handle loading before input action" owner="general">
<kw name="Sleep" owner="BuiltIn">
<msg time="2025-04-09T07:06:20.478703" level="INFO">Slept 1 second.</msg>
<arg>${LOADING_INPUT_TIME}</arg>
<doc>Pauses the test executed for the given time.</doc>
<status status="PASS" start="2025-04-09T07:06:19.478328" elapsed="1.000543"/>
</kw>
<status status="PASS" start="2025-04-09T07:06:19.477896" elapsed="1.001098"/>
</kw>
<kw name="Input Text" owner="AppiumLibrary">
<msg time="2025-04-09T07:06:20.481737" level="INFO">Typing text '888888' into text field '//*[@content-desc="Enter Authenticator Code"]/following-sibling::android.widget.EditText[1]'</msg>
<msg time="2025-04-09T07:06:21.315587" level="INFO">xpath criteria: //*[@content-desc="Enter Authenticator Code"]/following-sibling::android.widget.EditText[1]</msg>
<arg>${${M_TYPE}_TXT_VERIFICATION}</arg>
<arg>${pin}</arg>
<doc>Types the given `text` into text field identified by `locator`.</doc>
<status status="PASS" start="2025-04-09T07:06:20.479193" elapsed="0.836534"/>
</kw>
<kw name="Hide Keyboard" owner="AppiumLibrary">
<doc>Hides the software keyboard on the device. (optional) In iOS, use `key_name` to press
a particular key, ex. `Done`. In Android, no parameters are used.</doc>
<status status="PASS" start="2025-04-09T07:06:21.315989" elapsed="0.436623"/>
</kw>
<arg>${${ENV}_VERIFIED_USER_PIN}</arg>
<status status="PASS" start="2025-04-09T07:06:18.517055" elapsed="3.235800"/>
</kw>
<kw name="Display home page" owner="signin_page">
<kw name="Wait Until Page Does Not Contain Element" owner="AppiumLibrary">
<msg time="2025-04-09T07:06:23.670488" level="INFO">xpath criteria: //*[@content-desc="Enter Authenticator Code"]/following-sibling::android.widget.EditText[1]
xpath criteria: //*[@content-desc="Enter Authenticator Code"]/following-sibling::android.widget.EditText[1]
xpath criteria: //*[@content-desc="Enter Authenticator Code"]/following-sibling::android.widget.EditText[1]</msg>
<arg>${${M_TYPE}_TXT_VERIFICATION}</arg>
<arg>${MAXTIMEOUT}</arg>
<doc>Waits until element specified with `locator` disappears from current page.</doc>
<status status="PASS" start="2025-04-09T07:06:21.753487" elapsed="1.917130"/>
</kw>
<kw name="Wait Until Page Contains Element" owner="AppiumLibrary">
<msg time="2025-04-09T07:06:24.669577" level="INFO">xpath criteria: //*[contains(@content-desc,'Portfolio Value')]</msg>
<arg>${${M_TYPE}_LBL_PORTFOLIO_VALUE}</arg>
<arg>${MAXTIMEOUT}</arg>
<doc>Waits until element specified with `locator` appears on current page.</doc>
<status status="PASS" start="2025-04-09T07:06:23.670858" elapsed="0.998861"/>
</kw>
<status status="PASS" start="2025-04-09T07:06:21.753128" elapsed="2.916721"/>
</kw>
<kw name="Check coachmark popup if showup" owner="signin_page">
<kw name="Run Keyword And Return Status" owner="BuiltIn">
<kw name="Element Should Be Visible" owner="AppiumLibrary">
<msg time="2025-04-09T07:06:28.251890" level="INFO">xpath criteria: //*[contains(@content-desc,'Welcome to Reku!')]</msg>
<arg>${${M_TYPE}_LBL_COACHMARK_TITLE}</arg>
<doc>Verifies that element identified with locator is visible.</doc>
<status status="PASS" start="2025-04-09T07:06:24.670774" elapsed="3.581252"/>
</kw>
<msg time="2025-04-09T07:06:28.252190" level="INFO">${IsElementVisible} = True</msg>
<var>${IsElementVisible}</var>
<arg>Element Should Be Visible</arg>
<arg>${${M_TYPE}_LBL_COACHMARK_TITLE}</arg>
<doc>Runs the given keyword with given arguments and returns the status as a Boolean value.</doc>
<status status="PASS" start="2025-04-09T07:06:24.670572" elapsed="3.581650"/>
</kw>
<kw name="Run Keyword If" owner="BuiltIn">
<kw name="Handle coachmark popup" owner="signin_page">
<kw name="Wait Until Page Contains Element" owner="AppiumLibrary">
<msg time="2025-04-09T07:06:30.273225" level="INFO">xpath criteria: //*[contains(@content-desc,'Skip')]</msg>
<arg>${${M_TYPE}_BTN_SKIP_COACHMARK}</arg>
<arg>${MAXTIMEOUT}</arg>
<doc>Waits until element specified with `locator` appears on current page.</doc>
<status status="PASS" start="2025-04-09T07:06:28.253102" elapsed="2.020266"/>
</kw>
<kw name="Click Element" owner="AppiumLibrary">
<msg time="2025-04-09T07:06:30.276176" level="INFO">Clicking element '//*[contains(@content-desc,'Skip')]'.</msg>
<msg time="2025-04-09T07:06:32.266286" level="INFO">xpath criteria: //*[contains(@content-desc,'Skip')]</msg>
<arg>${${M_TYPE}_BTN_SKIP_COACHMARK}</arg>
<doc>Click element identified by `locator`.</doc>
<status status="PASS" start="2025-04-09T07:06:30.273633" elapsed="1.992793"/>
</kw>
<kw name="Wait Until Page Does Not Contain Element" owner="AppiumLibrary">
<msg time="2025-04-09T07:06:33.337139" level="INFO">xpath criteria: //*[contains(@content-desc,'Welcome to Reku!')]</msg>
<arg>${${M_TYPE}_LBL_COACHMARK_TITLE}</arg>
<doc>Waits until element specified with `locator` disappears from current page.</doc>
<status status="PASS" start="2025-04-09T07:06:32.266675" elapsed="1.070593"/>
</kw>
<status status="PASS" start="2025-04-09T07:06:28.252800" elapsed="5.084581"/>
</kw>
<arg>${IsElementVisible}</arg>
<arg>Handle coachmark popup</arg>
<doc>Runs the given keyword with the given arguments, if ``condition`` is true.</doc>
<status status="PASS" start="2025-04-09T07:06:28.252439" elapsed="5.084999"/>
</kw>
<status status="PASS" start="2025-04-09T07:06:24.670184" elapsed="8.667323"/>
</kw>
<kw name="Check navbar home is selected" owner="signin_page">
<kw name="Wait Until Page Contains Element" owner="AppiumLibrary">
<msg time="2025-04-09T07:06:33.742879" level="INFO">xpath criteria: //*[contains(@content-desc,'Home') and contains(@content-desc,'Tab 1 of 5')]</msg>
<arg>${${M_TYPE}_NAVBAR_HOME}</arg>
<arg>${MAXTIMEOUT}</arg>
<doc>Waits until element specified with `locator` appears on current page.</doc>
<status status="PASS" start="2025-04-09T07:06:33.338151" elapsed="0.404896"/>
</kw>
<kw name="Get Element Attribute" owner="AppiumLibrary">
<msg time="2025-04-09T07:06:34.582363" level="INFO">Element '//*[contains(@content-desc,'Home') and contains(@content-desc,'Tab 1 of 5')]' attribute 'selected' value 'true' </msg>
<msg time="2025-04-09T07:06:34.582484" level="INFO">xpath criteria: //*[contains(@content-desc,'Home') and contains(@content-desc,'Tab 1 of 5')]</msg>
<msg time="2025-04-09T07:06:34.582583" level="INFO">${selected} = true</msg>
<var>${selected}</var>
<arg>${${M_TYPE}_NAVBAR_HOME}</arg>
<arg>selected</arg>
<doc>Get element attribute using given attribute: name, value,...</doc>
<status status="PASS" start="2025-04-09T07:06:33.743330" elapsed="0.839286"/>
</kw>
<kw name="Should Be Equal As Strings" owner="BuiltIn">
<arg>${selected}</arg>
<arg>true</arg>
<doc>Fails if objects are unequal after converting them to strings.</doc>
<status status="PASS" start="2025-04-09T07:06:34.582844" elapsed="0.000266"/>
</kw>
<status status="PASS" start="2025-04-09T07:06:33.337766" elapsed="1.245423"/>
</kw>
<kw name="Click profile menu button" owner="signin_page">
<if>
<branch type="IF" condition="(&quot;${M_TYPE}&quot;==&quot;ANDROID&quot;)">
<kw name="Wait Until Page Contains Element" owner="AppiumLibrary">
<msg time="2025-04-09T07:06:35.079061" level="INFO">xpath criteria: //*[contains(@content-desc,"Favorites") or contains(@name,"Favorites")]/ancestor::android.widget.ScrollView[1]/preceding-sibling::android.view.View[1]/android.widget.ImageView[4]</msg>
<arg>xpath=//*[contains(@content-desc,"Favorites") or contains(@name,"Favorites")]/ancestor::android.widget.ScrollView[1]/preceding-sibling::android.view.View[1]/android.widget.ImageView[4]</arg>
<arg>${MAXTIMEOUT}</arg>
<doc>Waits until element specified with `locator` appears on current page.</doc>
<status status="PASS" start="2025-04-09T07:06:34.583928" elapsed="0.495263"/>
</kw>
<kw name="Click Element" owner="AppiumLibrary">
<msg time="2025-04-09T07:06:35.081841" level="INFO">Clicking element 'xpath=//*[contains(@content-desc,"Favorites") or contains(@name,"Favorites")]/ancestor::android.widget.ScrollView[1]/preceding-sibling::android.view.View[1]/android.widget.ImageView[4]'.</msg>
<msg time="2025-04-09T07:06:36.880130" level="INFO">xpath criteria: //*[contains(@content-desc,"Favorites") or contains(@name,"Favorites")]/ancestor::android.widget.ScrollView[1]/preceding-sibling::android.view.View[1]/android.widget.ImageView[4]</msg>
<arg>xpath=//*[contains(@content-desc,"Favorites") or contains(@name,"Favorites")]/ancestor::android.widget.ScrollView[1]/preceding-sibling::android.view.View[1]/android.widget.ImageView[4]</arg>
<doc>Click element identified by `locator`.</doc>
<status status="PASS" start="2025-04-09T07:06:35.079424" elapsed="1.800846"/>
</kw>
<status status="PASS" start="2025-04-09T07:06:34.583705" elapsed="2.296634"/>
</branch>
<branch type="ELSE">
<kw name="Wait Until Page Contains Element" owner="AppiumLibrary">
<arg>xpath=//*[contains(@content-desc,"Favorites") or contains(@name,"Favorites")]/ancestor::XCUIElementTypeOther[4]/preceding-sibling::XCUIElementTypeOther[1]/XCUIElementTypeImage[4]</arg>
<arg>${MAXTIMEOUT}</arg>
<doc>Waits until element specified with `locator` appears on current page.</doc>
<status status="NOT RUN" start="2025-04-09T07:06:36.880602" elapsed="0.000031"/>
</kw>
<kw name="Click Element" owner="AppiumLibrary">
<arg>xpath=//*[contains(@content-desc,"Favorites") or contains(@name,"Favorites")]/ancestor::XCUIElementTypeOther[4]/preceding-sibling::XCUIElementTypeOther[1]/XCUIElementTypeImage[4]</arg>
<doc>Click element identified by `locator`.</doc>
<status status="NOT RUN" start="2025-04-09T07:06:36.880752" elapsed="0.000023"/>
</kw>
<status status="NOT RUN" start="2025-04-09T07:06:36.880383" elapsed="0.000488"/>
</branch>
<status status="PASS" start="2025-04-09T07:06:34.583677" elapsed="2.297220"/>
</if>
<status status="PASS" start="2025-04-09T07:06:34.583456" elapsed="2.297514"/>
</kw>
<kw name="Check profile page" owner="signin_page">
<kw name="Wait Until Page Contains Element" owner="AppiumLibrary">
<msg time="2025-04-09T07:06:37.254166" level="INFO">xpath criteria: //*[contains(@content-desc,"Nur Mulyana Mustari") or contains(@name,"Nur Mulyana Mustari")]</msg>
<arg>xpath=//*[contains(@content-desc,"${${ENV}_VERIFIED_USER_NAME}") or contains(@name,"${${ENV}_VERIFIED_USER_NAME}")]</arg>
<arg>${MAXTIMEOUT}</arg>
<doc>Waits until element specified with `locator` appears on current page.</doc>
<status status="PASS" start="2025-04-09T07:06:36.881527" elapsed="0.372766"/>
</kw>
<kw name="Wait Until Page Contains Element" owner="AppiumLibrary">
<msg time="2025-04-09T07:06:37.655153" level="INFO">xpath criteria: //*[contains(@content-desc,"Account Details") or contains(@name,"Account Details")]</msg>
<arg>xpath=//*[contains(@content-desc,"Account Details") or contains(@name,"Account Details")]</arg>
<arg>${MAXTIMEOUT}</arg>
<doc>Waits until element specified with `locator` appears on current page.</doc>
<status status="PASS" start="2025-04-09T07:06:37.254524" elapsed="0.400780"/>
</kw>
<kw name="Wait Until Page Contains Element" owner="AppiumLibrary">
<msg time="2025-04-09T07:06:38.227538" level="INFO">xpath criteria: //*[contains(@content-desc,"App Appearance") or contains(@name,"App Appearance")]</msg>
<arg>xpath=//*[contains(@content-desc,"App Appearance") or contains(@name,"App Appearance")]</arg>
<arg>${MAXTIMEOUT}</arg>
<doc>Waits until element specified with `locator` appears on current page.</doc>
<status status="PASS" start="2025-04-09T07:06:37.655605" elapsed="0.572073"/>
</kw>
<kw name="Wait Until Page Contains Element" owner="AppiumLibrary">
<msg time="2025-04-09T07:06:38.565555" level="INFO">xpath criteria: //*[contains(@content-desc,"Features") or contains(@name,"Features")]</msg>
<arg>xpath=//*[contains(@content-desc,"Features") or contains(@name,"Features")]</arg>
<arg>${MAXTIMEOUT}</arg>
<doc>Waits until element specified with `locator` appears on current page.</doc>
<status status="PASS" start="2025-04-09T07:06:38.227918" elapsed="0.337763"/>
</kw>
<kw name="Swipe Up By Percent" owner="general">
<kw name="Get Window Width" owner="AppiumLibrary">
<msg time="2025-04-09T07:06:38.878176" level="INFO">${width} = 1080</msg>
<var>${width}</var>
<doc>Get current device width.</doc>
<status status="PASS" start="2025-04-09T07:06:38.566409" elapsed="0.311833"/>
</kw>
<kw name="Get Window Height" owner="AppiumLibrary">
<msg time="2025-04-09T07:06:39.217236" level="INFO">${height} = 2142</msg>
<var>${height}</var>
<doc>Get current device height.</doc>
<status status="PASS" start="2025-04-09T07:06:38.878467" elapsed="0.338844"/>
</kw>
<kw name="Evaluate" owner="BuiltIn">
<msg time="2025-04-09T07:06:39.217916" level="INFO">${start_x} = 540.0</msg>
<var>${start_x}</var>
<arg>${width} * 0.5</arg>
<doc>Evaluates the given expression in Python and returns the result.</doc>
<status status="PASS" start="2025-04-09T07:06:39.217578" elapsed="0.000373"/>
</kw>
<kw name="Evaluate" owner="BuiltIn">
<msg time="2025-04-09T07:06:39.218318" level="INFO">${start_y} = 1713.6000000000001</msg>
<var>${start_y}</var>
<arg>${height} * 0.8</arg>
<doc>Evaluates the given expression in Python and returns the result.</doc>
<status status="PASS" start="2025-04-09T07:06:39.218101" elapsed="0.000249"/>
</kw>
<kw name="Evaluate" owner="BuiltIn">
<msg time="2025-04-09T07:06:39.218680" level="INFO">${end_y} = 428.40000000000003</msg>
<var>${end_y}</var>
<arg>${height} * 0.2</arg>
<doc>Evaluates the given expression in Python and returns the result.</doc>
<status status="PASS" start="2025-04-09T07:06:39.218473" elapsed="0.000241"/>
</kw>
<kw name="Swipe" owner="AppiumLibrary">
<arg>${start_x}</arg>
<arg>${start_y}</arg>
<arg>${start_x}</arg>
<arg>${end_y}</arg>
<arg>500</arg>
<doc>Swipe from one point to another point, for an optional duration.</doc>
<status status="PASS" start="2025-04-09T07:06:39.218842" elapsed="1.133900"/>
</kw>
<status status="PASS" start="2025-04-09T07:06:38.566003" elapsed="1.786894"/>
</kw>
<kw name="Swipe Up By Percent" owner="general">
<kw name="Get Window Width" owner="AppiumLibrary">
<msg time="2025-04-09T07:06:40.717514" level="INFO">${width} = 1080</msg>
<var>${width}</var>
<doc>Get current device width.</doc>
<status status="PASS" start="2025-04-09T07:06:40.353561" elapsed="0.364017"/>
</kw>
<kw name="Get Window Height" owner="AppiumLibrary">
<msg time="2025-04-09T07:06:41.129709" level="INFO">${height} = 2142</msg>
<var>${height}</var>
<doc>Get current device height.</doc>
<status status="PASS" start="2025-04-09T07:06:40.717799" elapsed="0.411983"/>
</kw>
<kw name="Evaluate" owner="BuiltIn">
<msg time="2025-04-09T07:06:41.130410" level="INFO">${start_x} = 540.0</msg>
<var>${start_x}</var>
<arg>${width} * 0.5</arg>
<doc>Evaluates the given expression in Python and returns the result.</doc>
<status status="PASS" start="2025-04-09T07:06:41.130070" elapsed="0.000374"/>
</kw>
<kw name="Evaluate" owner="BuiltIn">
<msg time="2025-04-09T07:06:41.130793" level="INFO">${start_y} = 1713.6000000000001</msg>
<var>${start_y}</var>
<arg>${height} * 0.8</arg>
<doc>Evaluates the given expression in Python and returns the result.</doc>
<status status="PASS" start="2025-04-09T07:06:41.130579" elapsed="0.000246"/>
</kw>
<kw name="Evaluate" owner="BuiltIn">
<msg time="2025-04-09T07:06:41.131151" level="INFO">${end_y} = 428.40000000000003</msg>
<var>${end_y}</var>
<arg>${height} * 0.2</arg>
<doc>Evaluates the given expression in Python and returns the result.</doc>
<status status="PASS" start="2025-04-09T07:06:41.130951" elapsed="0.000230"/>
</kw>
<kw name="Swipe" owner="AppiumLibrary">
<arg>${start_x}</arg>
<arg>${start_y}</arg>
<arg>${start_x}</arg>
<arg>${end_y}</arg>
<arg>500</arg>
<doc>Swipe from one point to another point, for an optional duration.</doc>
<status status="PASS" start="2025-04-09T07:06:41.131299" elapsed="1.032909"/>
</kw>
<status status="PASS" start="2025-04-09T07:06:40.353184" elapsed="1.811175"/>
</kw>
<kw name="Verification element with regex" owner="general">
<kw name="Wait Until Page Contains Element" owner="AppiumLibrary">
<msg time="2025-04-09T07:06:42.747119" level="INFO">xpath criteria: //*[contains(@content-desc,"Version") or contains(@name,"Version")]</msg>
<arg>xpath=//*[contains(@content-desc,"${text}") or contains(@name,"${text}")]</arg>
<arg>${MAXTIMEOUT}</arg>
<doc>Waits until element specified with `locator` appears on current page.</doc>
<status status="PASS" start="2025-04-09T07:06:42.165124" elapsed="0.582134"/>
</kw>
<if>
<branch type="IF" condition="(&quot;${M_TYPE}&quot;==&quot;ANDROID&quot;)">
<kw name="Get Element Attribute" owner="AppiumLibrary">
<msg time="2025-04-09T07:06:43.435816" level="INFO">Element 'xpath=//*[contains(@content-desc,"Version")]' attribute 'content-desc' value 'Version 4.2.03' </msg>
<msg time="2025-04-09T07:06:43.435934" level="INFO">xpath criteria: //*[contains(@content-desc,"Version")]</msg>
<msg time="2025-04-09T07:06:43.436032" level="INFO">${element} = Version 4.2.03</msg>
<var>${element}</var>
<arg>xpath=//*[contains(@content-desc,"${text}")]</arg>
<arg>content-desc</arg>
<doc>Get element attribute using given attribute: name, value,...</doc>
<status status="PASS" start="2025-04-09T07:06:42.747747" elapsed="0.688318"/>
</kw>
<status status="PASS" start="2025-04-09T07:06:42.747416" elapsed="0.688717"/>
</branch>
<branch type="ELSE">
<kw name="Get Element Attribute" owner="AppiumLibrary">
<var>${element}</var>
<arg>xpath=//*[contains(@name,"${text}")]</arg>
<arg>name</arg>
<doc>Get element attribute using given attribute: name, value,...</doc>
<status status="NOT RUN" start="2025-04-09T07:06:43.436381" elapsed="0.000031"/>
</kw>
<status status="NOT RUN" start="2025-04-09T07:06:43.436174" elapsed="0.000279"/>
</branch>
<status status="PASS" start="2025-04-09T07:06:42.747375" elapsed="0.689161"/>
</if>
<kw name="Should Match Regexp" owner="BuiltIn">
<arg>${element}</arg>
<arg>${regex}</arg>
<doc>Fails if ``string`` does not match ``pattern`` as a regular expression.</doc>
<status status="PASS" start="2025-04-09T07:06:43.436663" elapsed="0.000395"/>
</kw>
<arg>Version</arg>
<arg>Version\\s+\\d{1}\\.\\d{1}\.\\d{2}</arg>
<status status="PASS" start="2025-04-09T07:06:42.164697" elapsed="1.272441"/>
</kw>
<kw name="Sleep" owner="BuiltIn">
<msg time="2025-04-09T07:06:48.437565" level="INFO">Slept 5 seconds.</msg>
<arg>5s</arg>
<doc>Pauses the test executed for the given time.</doc>
<status status="PASS" start="2025-04-09T07:06:43.437262" elapsed="5.000476"/>
</kw>
<status status="PASS" start="2025-04-09T07:06:36.881205" elapsed="11.556664"/>
</kw>
<kw name="Close Application" owner="AppiumLibrary">
<doc>Closes the current application and also close webdriver session.</doc>
<status status="PASS" start="2025-04-09T07:06:48.438099" elapsed="1.264385"/>
</kw>
<tag>VERS_COMP</tag>
<status status="PASS" start="2025-04-09T07:05:42.863923" elapsed="66.838791"/>
</test>
<test id="s1-s1-s1-t3" name="ANDROID - v13.0 - Pixel 6a (Emulator)" line="68">
<kw name="Set Global Variable" owner="BuiltIn">
<msg time="2025-04-09T07:06:49.703991" level="INFO">${M_TYPE} = ANDROID</msg>
<arg>${M_TYPE}</arg>
<arg>ANDROID</arg>
<doc>Makes a variable available globally in all tests and suites.</doc>
<status status="PASS" start="2025-04-09T07:06:49.703710" elapsed="0.000336"/>
</kw>
<kw name="Set Global Variable" owner="BuiltIn">
<msg time="2025-04-09T07:06:49.704389" level="INFO">${CD_DEVICE} = Pixel 6a</msg>
<arg>${CD_DEVICE}</arg>
<arg>Pixel 6a</arg>
<doc>Makes a variable available globally in all tests and suites.</doc>
<status status="PASS" start="2025-04-09T07:06:49.704181" elapsed="0.000257"/>
</kw>
<kw name="Set Global Variable" owner="BuiltIn">
<msg time="2025-04-09T07:06:49.704764" level="INFO">${CD_OS} = 13.0</msg>
<arg>${CD_OS}</arg>
<arg>13.0</arg>
<doc>Makes a variable available globally in all tests and suites.</doc>
<status status="PASS" start="2025-04-09T07:06:49.704562" elapsed="0.000250"/>
</kw>
<kw name="Set Global Variable" owner="BuiltIn">
<msg time="2025-04-09T07:06:49.705157" level="INFO">${CD_APP_URL} = tb://8b01876066524052a5f30645</msg>
<arg>${CD_APP_URL}</arg>
<arg>${CD_APP_URL_APK}</arg>
<doc>Makes a variable available globally in all tests and suites.</doc>
<status status="PASS" start="2025-04-09T07:06:49.704936" elapsed="0.000268"/>
</kw>
<kw name="Set data environment and device" owner="general">
<kw name="Log" owner="BuiltIn">
<msg time="2025-04-09T07:06:49.706088" level="INFO">
LOG AutomatedTest</msg>
<arg>\nLOG AutomatedTest</arg>
<doc>Logs the given message with the given level.</doc>
<status status="PASS" start="2025-04-09T07:06:49.705922" elapsed="0.000225"/>
</kw>
<kw name="Log To Console" owner="BuiltIn">
<arg>\nLOG AutomatedTest</arg>
<doc>Logs the given message to the console.</doc>
<status status="PASS" start="2025-04-09T07:06:49.706271" elapsed="0.000427"/>
</kw>
<kw name="Log" owner="BuiltIn">
<msg time="2025-04-09T07:06:49.707142" level="INFO">Run on Environment	: PROD</msg>
<arg>Run on Environment\t: ${ENV}</arg>
<doc>Logs the given message with the given level.</doc>
<status status="PASS" start="2025-04-09T07:06:49.706980" elapsed="0.000215"/>
</kw>
<kw name="Log To Console" owner="BuiltIn">
<arg>Run on Environment\t: ${ENV}</arg>
<doc>Logs the given message to the console.</doc>
<status status="PASS" start="2025-04-09T07:06:49.707315" elapsed="0.000292"/>
</kw>
<kw name="Set Global Variable" owner="BuiltIn">
<msg time="2025-04-09T07:06:49.707998" level="INFO">${ENV} = PROD</msg>
<arg>${ENV}</arg>
<arg>${ENV}</arg>
<doc>Makes a variable available globally in all tests and suites.</doc>
<status status="PASS" start="2025-04-09T07:06:49.707764" elapsed="0.000283"/>
</kw>
<kw name="Log" owner="BuiltIn">
<msg time="2025-04-09T07:06:49.708317" level="INFO">TAG TEST		: VERS_COMP</msg>
<arg>TAG TEST\t\t: ${TAG_TEST}</arg>
<doc>Logs the given message with the given level.</doc>
<status status="PASS" start="2025-04-09T07:06:49.708169" elapsed="0.000198"/>
</kw>
<kw name="Log To Console" owner="BuiltIn">
<arg>TAG TEST\t\t: ${TAG_TEST}</arg>
<doc>Logs the given message to the console.</doc>
<status status="PASS" start="2025-04-09T07:06:49.708481" elapsed="0.000310"/>
</kw>
<kw name="Set Global Variable" owner="BuiltIn">
<msg time="2025-04-09T07:06:49.709192" level="INFO">${TAG_TEST} = VERS_COMP</msg>
<arg>${TAG_TEST}</arg>
<arg>${TAG_TEST}</arg>
<doc>Makes a variable available globally in all tests and suites.</doc>
<status status="PASS" start="2025-04-09T07:06:49.708948" elapsed="0.000302"/>
</kw>
<kw name="Log" owner="BuiltIn">
<msg time="2025-04-09T07:06:49.709517" level="INFO">Mobile Device Type	: ANDROID</msg>
<arg>Mobile Device Type\t: ${M_TYPE}</arg>
<doc>Logs the given message with the given level.</doc>
<status status="PASS" start="2025-04-09T07:06:49.709370" elapsed="0.000198"/>
</kw>
<kw name="Log To Console" owner="BuiltIn">
<arg>Mobile Device Type\t: ${M_TYPE}</arg>
<doc>Logs the given message to the console.</doc>
<status status="PASS" start="2025-04-09T07:06:49.709683" elapsed="0.000288"/>
</kw>
<kw name="Set Global Variable" owner="BuiltIn">
<msg time="2025-04-09T07:06:49.710382" level="INFO">${M_TYPE} = ANDROID</msg>
<arg>${M_TYPE}</arg>
<arg>${M_TYPE}</arg>
<doc>Makes a variable available globally in all tests and suites.</doc>
<status status="PASS" start="2025-04-09T07:06:49.710143" elapsed="0.000286"/>
</kw>
<kw name="Get Variables" owner="BuiltIn">
<arg>${DEVICE}</arg>
<doc>Returns a dictionary containing all variables in the current scope.</doc>
<status status="PASS" start="2025-04-09T07:06:49.710548" elapsed="0.000413"/>
</kw>
<kw name="Log" owner="BuiltIn">
<msg time="2025-04-09T07:06:49.711225" level="INFO">Run with Cloud Device	: TESTINGBOT</msg>
<arg>Run with Cloud Device\t: ${DEVICE}</arg>
<doc>Logs the given message with the given level.</doc>
<status status="PASS" start="2025-04-09T07:06:49.711084" elapsed="0.000190"/>
</kw>
<kw name="Log To Console" owner="BuiltIn">
<arg>Run with Cloud Device\t: ${DEVICE}</arg>
<doc>Logs the given message to the console.</doc>
<status status="PASS" start="2025-04-09T07:06:49.711385" elapsed="0.000281"/>
</kw>
<kw name="Set Global Variable" owner="BuiltIn">
<msg time="2025-04-09T07:06:49.712055" level="INFO">${DEVICE} = TESTINGBOT</msg>
<arg>${DEVICE}</arg>
<arg>${DEVICE}</arg>
<doc>Makes a variable available globally in all tests and suites.</doc>
<status status="PASS" start="2025-04-09T07:06:49.711821" elapsed="0.000283"/>
</kw>
<if>
<branch type="IF" condition="('${DEVICE}'=='BROWSERSTACK')">
<kw name="Log" owner="BuiltIn">
<arg>CD_DEVICE\t\t: ${CD_DEVICE}</arg>
<doc>Logs the given message with the given level.</doc>
<status status="NOT RUN" start="2025-04-09T07:06:49.712401" elapsed="0.000024"/>
</kw>
<kw name="Log To Console" owner="BuiltIn">
<arg>CD_DEVICE\t\t: ${CD_DEVICE}</arg>
<doc>Logs the given message to the console.</doc>
<status status="NOT RUN" start="2025-04-09T07:06:49.712536" elapsed="0.000023"/>
</kw>
<kw name="Set Global Variable" owner="BuiltIn">
<arg>${CD_DEVICE}</arg>
<arg>${CD_DEVICE}</arg>
<doc>Makes a variable available globally in all tests and suites.</doc>
<status status="NOT RUN" start="2025-04-09T07:06:49.712665" elapsed="0.000022"/>
</kw>
<kw name="Log" owner="BuiltIn">
<arg>CD_OS\t\t\t: ${CD_OS}</arg>
<doc>Logs the given message with the given level.</doc>
<status status="NOT RUN" start="2025-04-09T07:06:49.712798" elapsed="0.000022"/>
</kw>
<kw name="Log To Console" owner="BuiltIn">
<arg>CD_OS\t\t\t: ${CD_OS}</arg>
<doc>Logs the given message to the console.</doc>
<status status="NOT RUN" start="2025-04-09T07:06:49.712923" elapsed="0.000022"/>
</kw>
<kw name="Set Global Variable" owner="BuiltIn">
<arg>${CD_OS}</arg>
<arg>${CD_OS}</arg>
<doc>Makes a variable available globally in all tests and suites.</doc>
<status status="NOT RUN" start="2025-04-09T07:06:49.713050" elapsed="0.000021"/>
</kw>
<kw name="Log" owner="BuiltIn">
<arg>CD_APP_URL\t\t: ${CD_APP_URL}</arg>
<doc>Logs the given message with the given level.</doc>
<status status="NOT RUN" start="2025-04-09T07:06:49.713176" elapsed="0.000022"/>
</kw>
<kw name="Log To Console" owner="BuiltIn">
<arg>CD_APP_URL\t\t: ${CD_APP_URL}</arg>
<doc>Logs the given message to the console.</doc>
<status status="NOT RUN" start="2025-04-09T07:06:49.713348" elapsed="0.000024"/>
</kw>
<kw name="Set Global Variable" owner="BuiltIn">
<arg>${CD_APP_URL}</arg>
<arg>${CD_APP_URL}</arg>
<doc>Makes a variable available globally in all tests and suites.</doc>
<status status="NOT RUN" start="2025-04-09T07:06:49.713484" elapsed="0.000022"/>
</kw>
<status status="NOT RUN" start="2025-04-09T07:06:49.712197" elapsed="0.001345"/>
</branch>
<status status="PASS" start="2025-04-09T07:06:49.712169" elapsed="0.001401"/>
</if>
<if>
<branch type="IF" condition="('${DEVICE}'=='TESTINGBOT')">
<kw name="Log" owner="BuiltIn">
<msg time="2025-04-09T07:06:49.713960" level="INFO">CD_DEVICE		: Pixel 6a</msg>
<arg>CD_DEVICE\t\t: ${CD_DEVICE}</arg>
<doc>Logs the given message with the given level.</doc>
<status status="PASS" start="2025-04-09T07:06:49.713811" elapsed="0.000201"/>
</kw>
<kw name="Log To Console" owner="BuiltIn">
<arg>CD_DEVICE\t\t: ${CD_DEVICE}</arg>
<doc>Logs the given message to the console.</doc>
<status status="PASS" start="2025-04-09T07:06:49.714162" elapsed="0.000298"/>
</kw>
<kw name="Set Global Variable" owner="BuiltIn">
<msg time="2025-04-09T07:06:49.714867" level="INFO">${CD_DEVICE} = Pixel 6a</msg>
<arg>${CD_DEVICE}</arg>
<arg>${CD_DEVICE}</arg>
<doc>Makes a variable available globally in all tests and suites.</doc>
<status status="PASS" start="2025-04-09T07:06:49.714616" elapsed="0.000301"/>
</kw>
<kw name="Log" owner="BuiltIn">
<msg time="2025-04-09T07:06:49.715181" level="INFO">CD_OS			: 13.0</msg>
<arg>CD_OS\t\t\t: ${CD_OS}</arg>
<doc>Logs the given message with the given level.</doc>
<status status="PASS" start="2025-04-09T07:06:49.715035" elapsed="0.000195"/>
</kw>
<kw name="Log To Console" owner="BuiltIn">
<arg>CD_OS\t\t\t: ${CD_OS}</arg>
<doc>Logs the given message to the console.</doc>
<status status="PASS" start="2025-04-09T07:06:49.715363" elapsed="0.000191"/>
</kw>
<kw name="Set Global Variable" owner="BuiltIn">
<msg time="2025-04-09T07:06:49.716048" level="INFO">${CD_OS} = 13.0</msg>
<arg>${CD_OS}</arg>
<arg>${CD_OS}</arg>
<doc>Makes a variable available globally in all tests and suites.</doc>
<status status="PASS" start="2025-04-09T07:06:49.715806" elapsed="0.000291"/>
</kw>
<kw name="Log" owner="BuiltIn">
<msg time="2025-04-09T07:06:49.716358" level="INFO">CD_APP_URL		: tb://8b01876066524052a5f30645</msg>
<arg>CD_APP_URL\t\t: ${CD_APP_URL}</arg>
<doc>Logs the given message with the given level.</doc>
<status status="PASS" start="2025-04-09T07:06:49.716214" elapsed="0.000194"/>
</kw>
<kw name="Log To Console" owner="BuiltIn">
<arg>CD_APP_URL\t\t: ${CD_APP_URL}</arg>
<doc>Logs the given message to the console.</doc>
<status status="PASS" start="2025-04-09T07:06:49.716521" elapsed="0.000191"/>
</kw>
<kw name="Set Global Variable" owner="BuiltIn">
<msg time="2025-04-09T07:06:49.717241" level="INFO">${CD_APP_URL} = tb://8b01876066524052a5f30645</msg>
<arg>${CD_APP_URL}</arg>
<arg>${CD_APP_URL}</arg>
<doc>Makes a variable available globally in all tests and suites.</doc>
<status status="PASS" start="2025-04-09T07:06:49.716995" elapsed="0.000295"/>
</kw>
<status status="PASS" start="2025-04-09T07:06:49.713631" elapsed="0.003699"/>
</branch>
<status status="PASS" start="2025-04-09T07:06:49.713614" elapsed="0.003743"/>
</if>
<status status="PASS" start="2025-04-09T07:06:49.705645" elapsed="0.011764"/>
</kw>
<kw name="Open Application" owner="AppiumLibrary">
<kw name="Capture Page Screenshot" owner="AppiumLibrary">
<msg time="2025-04-09T07:11:45.300766" level="FAIL">No application is open</msg>
<doc>Takes a screenshot of the current page and embeds it into the log.</doc>
<status status="FAIL" start="2025-04-09T07:11:45.300408" elapsed="0.000768">No application is open</status>
</kw>
<msg time="2025-04-09T07:11:45.303531" level="WARN">Keyword 'Capture Page Screenshot' could not be run on failure: No application is open</msg>
<msg time="2025-04-09T07:11:45.303729" level="FAIL">ProtocolError: ('Connection aborted.', ConnectionResetError(104, 'Connection reset by peer'))</msg>
<arg>http://${TESTINGBOT_KEY}:${TESTINGBOT_SECRET}@hub.testingbot.com/wd/hub</arg>
<arg>platformName=${M_TYPE}</arg>
<arg>deviceName=${CD_DEVICE}</arg>
<arg>version=${CD_OS}</arg>
<arg>app=${CD_APP_URL}</arg>
<arg>realDevice=true</arg>
<arg>build=[${TIME_STAMP}][${ENV}][VERS_COMP] REKENINGKU FLUTTER</arg>
<arg>name=${TEST_NAME}</arg>
<arg>autoGrantPermissions=true</arg>
<arg>automationName=UiAutomator2</arg>
<doc>Opens a new application to given Appium server.
Capabilities of appium server, Android and iOS,
Please check https://appium.io/docs/en/2.1/cli/args/
| *Option*            | *Man.* | *Description*     |
| remote_url          | Yes    | Appium server url |
| alias               | no     | alias             |
| strict_ssl          | No     | allows you to send commands to an invalid certificate host like a self-signed one. |</doc>
<status status="FAIL" start="2025-04-09T07:06:49.717522" elapsed="295.586670">ProtocolError: ('Connection aborted.', ConnectionResetError(104, 'Connection reset by peer'))</status>
</kw>
<kw name="Click signin button" owner="signin_page">
<status status="NOT RUN" start="2025-04-09T07:11:45.304486" elapsed="0.000038"/>
</kw>
<kw name="Display sign in page" owner="signin_page">
<status status="NOT RUN" start="2025-04-09T07:11:45.304675" elapsed="0.000027"/>
</kw>
<kw name="Input signin email textbox" owner="signin_page">
<arg>${${ENV}_VERIFIED_USER_EMAIL}</arg>
<status status="NOT RUN" start="2025-04-09T07:11:45.304851" elapsed="0.000027"/>
</kw>
<kw name="Input signin password textbox" owner="signin_page">
<arg>${${ENV}_VERIFIED_USER_PASSWORD}</arg>
<status status="NOT RUN" start="2025-04-09T07:11:45.305126" elapsed="0.000027"/>
</kw>
<kw name="Click signin action button" owner="signin_page">
<status status="NOT RUN" start="2025-04-09T07:11:45.305288" elapsed="0.000025"/>
</kw>
<kw name="Display pin verification page" owner="signin_page">
<status status="NOT RUN" start="2025-04-09T07:11:45.305439" elapsed="0.000025"/>
</kw>
<kw name="Input pin verification textbox" owner="signin_page">
<arg>${${ENV}_VERIFIED_USER_PIN}</arg>
<status status="NOT RUN" start="2025-04-09T07:11:45.305607" elapsed="0.000025"/>
</kw>
<kw name="Display home page" owner="signin_page">
<status status="NOT RUN" start="2025-04-09T07:11:45.305770" elapsed="0.000026"/>
</kw>
<kw name="Check coachmark popup if showup" owner="signin_page">
<status status="NOT RUN" start="2025-04-09T07:11:45.305923" elapsed="0.000025"/>
</kw>
<kw name="Check navbar home is selected" owner="signin_page">
<status status="NOT RUN" start="2025-04-09T07:11:45.306287" elapsed="0.000028"/>
</kw>
<kw name="Click profile menu button" owner="signin_page">
<status status="NOT RUN" start="2025-04-09T07:11:45.306513" elapsed="0.000027"/>
</kw>
<kw name="Check profile page" owner="signin_page">
<status status="NOT RUN" start="2025-04-09T07:11:45.306699" elapsed="0.000026"/>
</kw>
<kw name="Close Application" owner="AppiumLibrary">
<doc>Closes the current application and also close webdriver session.</doc>
<status status="NOT RUN" start="2025-04-09T07:11:45.306835" elapsed="0.000024"/>
</kw>
<tag>VERS_COMP</tag>
<status status="FAIL" start="2025-04-09T07:06:49.703207" elapsed="295.603816">ProtocolError: ('Connection aborted.', ConnectionResetError(104, 'Connection reset by peer'))</status>
</test>
<test id="s1-s1-s1-t4" name="ANDROID - v12.0 - Pixel 6 (Emulator)" line="99">
<kw name="Set Global Variable" owner="BuiltIn">
<msg time="2025-04-09T07:11:45.308205" level="INFO">${M_TYPE} = ANDROID</msg>
<arg>${M_TYPE}</arg>
<arg>ANDROID</arg>
<doc>Makes a variable available globally in all tests and suites.</doc>
<status status="PASS" start="2025-04-09T07:11:45.307882" elapsed="0.000394"/>
</kw>
<kw name="Set Global Variable" owner="BuiltIn">
<msg time="2025-04-09T07:11:45.308737" level="INFO">${CD_DEVICE} = Pixel 6</msg>
<arg>${CD_DEVICE}</arg>
<arg>Pixel 6</arg>
<doc>Makes a variable available globally in all tests and suites.</doc>
<status status="PASS" start="2025-04-09T07:11:45.308456" elapsed="0.000347"/>
</kw>
<kw name="Set Global Variable" owner="BuiltIn">
<msg time="2025-04-09T07:11:45.309319" level="INFO">${CD_OS} = 12.0</msg>
<arg>${CD_OS}</arg>
<arg>12.0</arg>
<doc>Makes a variable available globally in all tests and suites.</doc>
<status status="PASS" start="2025-04-09T07:11:45.309046" elapsed="0.000336"/>
</kw>
<kw name="Set Global Variable" owner="BuiltIn">
<msg time="2025-04-09T07:11:45.309864" level="INFO">${CD_APP_URL} = tb://8b01876066524052a5f30645</msg>
<arg>${CD_APP_URL}</arg>
<arg>${CD_APP_URL_APK}</arg>
<doc>Makes a variable available globally in all tests and suites.</doc>
<status status="PASS" start="2025-04-09T07:11:45.309554" elapsed="0.000374"/>
</kw>
<kw name="Set data environment and device" owner="general">
<kw name="Log" owner="BuiltIn">
<msg time="2025-04-09T07:11:45.311043" level="INFO">
LOG AutomatedTest</msg>
<arg>\nLOG AutomatedTest</arg>
<doc>Logs the given message with the given level.</doc>
<status status="PASS" start="2025-04-09T07:11:45.310889" elapsed="0.000225"/>
</kw>
<kw name="Log To Console" owner="BuiltIn">
<arg>\nLOG AutomatedTest</arg>
<doc>Logs the given message to the console.</doc>
<status status="PASS" start="2025-04-09T07:11:45.311278" elapsed="0.000175"/>
</kw>
<kw name="Log" owner="BuiltIn">
<msg time="2025-04-09T07:11:45.311838" level="INFO">Run on Environment	: PROD</msg>
<arg>Run on Environment\t: ${ENV}</arg>
<doc>Logs the given message with the given level.</doc>
<status status="PASS" start="2025-04-09T07:11:45.311620" elapsed="0.000294"/>
</kw>
<kw name="Log To Console" owner="BuiltIn">
<arg>Run on Environment\t: ${ENV}</arg>
<doc>Logs the given message to the console.</doc>
<status status="PASS" start="2025-04-09T07:11:45.312087" elapsed="0.000279"/>
</kw>
<kw name="Set Global Variable" owner="BuiltIn">
<msg time="2025-04-09T07:11:45.312837" level="INFO">${ENV} = PROD</msg>
<arg>${ENV}</arg>
<arg>${ENV}</arg>
<doc>Makes a variable available globally in all tests and suites.</doc>
<status status="PASS" start="2025-04-09T07:11:45.312554" elapsed="0.000336"/>
</kw>
<kw name="Log" owner="BuiltIn">
<msg time="2025-04-09T07:11:45.313170" level="INFO">TAG TEST		: VERS_COMP</msg>
<arg>TAG TEST\t\t: ${TAG_TEST}</arg>
<doc>Logs the given message with the given level.</doc>
<status status="PASS" start="2025-04-09T07:11:45.313020" elapsed="0.000200"/>
</kw>
<kw name="Log To Console" owner="BuiltIn">
<arg>TAG TEST\t\t: ${TAG_TEST}</arg>
<doc>Logs the given message to the console.</doc>
<status status="PASS" start="2025-04-09T07:11:45.313333" elapsed="0.000196"/>
</kw>
<kw name="Set Global Variable" owner="BuiltIn">
<msg time="2025-04-09T07:11:45.314066" level="INFO">${TAG_TEST} = VERS_COMP</msg>
<arg>${TAG_TEST}</arg>
<arg>${TAG_TEST}</arg>
<doc>Makes a variable available globally in all tests and suites.</doc>
<status status="PASS" start="2025-04-09T07:11:45.313724" elapsed="0.000399"/>
</kw>
<kw name="Log" owner="BuiltIn">
<msg time="2025-04-09T07:11:45.314398" level="INFO">Mobile Device Type	: ANDROID</msg>
<arg>Mobile Device Type\t: ${M_TYPE}</arg>
<doc>Logs the given message with the given level.</doc>
<status status="PASS" start="2025-04-09T07:11:45.314247" elapsed="0.000203"/>
</kw>
<kw name="Log To Console" owner="BuiltIn">
<arg>Mobile Device Type\t: ${M_TYPE}</arg>
<doc>Logs the given message to the console.</doc>
<status status="PASS" start="2025-04-09T07:11:45.314565" elapsed="0.000190"/>
</kw>
<kw name="Set Global Variable" owner="BuiltIn">
<msg time="2025-04-09T07:11:45.315308" level="INFO">${M_TYPE} = ANDROID</msg>
<arg>${M_TYPE}</arg>
<arg>${M_TYPE}</arg>
<doc>Makes a variable available globally in all tests and suites.</doc>
<status status="PASS" start="2025-04-09T07:11:45.314949" elapsed="0.000436"/>
</kw>
<kw name="Get Variables" owner="BuiltIn">
<arg>${DEVICE}</arg>
<doc>Returns a dictionary containing all variables in the current scope.</doc>
<status status="PASS" start="2025-04-09T07:11:45.315573" elapsed="0.000618"/>
</kw>
<kw name="Log" owner="BuiltIn">
<msg time="2025-04-09T07:11:45.316479" level="INFO">Run with Cloud Device	: TESTINGBOT</msg>
<arg>Run with Cloud Device\t: ${DEVICE}</arg>
<doc>Logs the given message with the given level.</doc>
<status status="PASS" start="2025-04-09T07:11:45.316325" elapsed="0.000206"/>
</kw>
<kw name="Log To Console" owner="BuiltIn">
<arg>Run with Cloud Device\t: ${DEVICE}</arg>
<doc>Logs the given message to the console.</doc>
<status status="PASS" start="2025-04-09T07:11:45.316649" elapsed="0.000196"/>
</kw>
<kw name="Set Global Variable" owner="BuiltIn">
<msg time="2025-04-09T07:11:45.317329" level="INFO">${DEVICE} = TESTINGBOT</msg>
<arg>${DEVICE}</arg>
<arg>${DEVICE}</arg>
<doc>Makes a variable available globally in all tests and suites.</doc>
<status status="PASS" start="2025-04-09T07:11:45.317034" elapsed="0.000346"/>
</kw>
<if>
<branch type="IF" condition="('${DEVICE}'=='BROWSERSTACK')">
<kw name="Log" owner="BuiltIn">
<arg>CD_DEVICE\t\t: ${CD_DEVICE}</arg>
<doc>Logs the given message with the given level.</doc>
<status status="NOT RUN" start="2025-04-09T07:11:45.317685" elapsed="0.000025"/>
</kw>
<kw name="Log To Console" owner="BuiltIn">
<arg>CD_DEVICE\t\t: ${CD_DEVICE}</arg>
<doc>Logs the given message to the console.</doc>
<status status="NOT RUN" start="2025-04-09T07:11:45.317828" elapsed="0.000024"/>
</kw>
<kw name="Set Global Variable" owner="BuiltIn">
<arg>${CD_DEVICE}</arg>
<arg>${CD_DEVICE}</arg>
<doc>Makes a variable available globally in all tests and suites.</doc>
<status status="NOT RUN" start="2025-04-09T07:11:45.317963" elapsed="0.000022"/>
</kw>
<kw name="Log" owner="BuiltIn">
<arg>CD_OS\t\t\t: ${CD_OS}</arg>
<doc>Logs the given message with the given level.</doc>
<status status="NOT RUN" start="2025-04-09T07:11:45.318119" elapsed="0.000025"/>
</kw>
<kw name="Log To Console" owner="BuiltIn">
[...]
</kw>
<kw name="Input Text" owner="AppiumLibrary">
<msg time="2025-04-09T07:40:06.057949" level="INFO">Typing text '888888' into text field '//*[@name="Enter Authenticator Code"]/following-sibling::XCUIElementTypeTextField[1]'</msg>
<msg time="2025-04-09T07:40:07.360831" level="INFO">xpath criteria: //*[@name="Enter Authenticator Code"]/following-sibling::XCUIElementTypeTextField[1]</msg>
<arg>${${M_TYPE}_TXT_VERIFICATION}</arg>
<arg>${pin}</arg>
<doc>Types the given `text` into text field identified by `locator`.</doc>
<status status="PASS" start="2025-04-09T07:40:06.055313" elapsed="1.305646"/>
</kw>
<kw name="Hide Keyboard" owner="AppiumLibrary">
<doc>Hides the software keyboard on the device. (optional) In iOS, use `key_name` to press
a particular key, ex. `Done`. In Android, no parameters are used.</doc>
<status status="PASS" start="2025-04-09T07:40:07.361196" elapsed="0.420359"/>
</kw>
<arg>${${ENV}_VERIFIED_USER_PIN}</arg>
<status status="PASS" start="2025-04-09T07:40:02.870553" elapsed="4.911124"/>
</kw>
<kw name="Display home page" owner="signin_page">
<kw name="Wait Until Page Does Not Contain Element" owner="AppiumLibrary">
<msg time="2025-04-09T07:40:08.957895" level="INFO">xpath criteria: //*[@name="Enter Authenticator Code"]/following-sibling::XCUIElementTypeTextField[1]
xpath criteria: //*[@name="Enter Authenticator Code"]/following-sibling::XCUIElementTypeTextField[1]</msg>
<arg>${${M_TYPE}_TXT_VERIFICATION}</arg>
<arg>${MAXTIMEOUT}</arg>
<doc>Waits until element specified with `locator` disappears from current page.</doc>
<status status="PASS" start="2025-04-09T07:40:07.782298" elapsed="1.175722"/>
</kw>
<kw name="Wait Until Page Contains Element" owner="AppiumLibrary">
<msg time="2025-04-09T07:40:10.570626" level="INFO">xpath criteria: //*[contains(@name,'Portfolio Value')]
xpath criteria: //*[contains(@name,'Portfolio Value')]</msg>
<arg>${${M_TYPE}_LBL_PORTFOLIO_VALUE}</arg>
<arg>${MAXTIMEOUT}</arg>
<doc>Waits until element specified with `locator` appears on current page.</doc>
<status status="PASS" start="2025-04-09T07:40:08.958273" elapsed="1.612491"/>
</kw>
<status status="PASS" start="2025-04-09T07:40:07.781930" elapsed="2.788959"/>
</kw>
<kw name="Check coachmark popup if showup" owner="signin_page">
<kw name="Run Keyword And Return Status" owner="BuiltIn">
<kw name="Element Should Be Visible" owner="AppiumLibrary">
<msg time="2025-04-09T07:40:11.976582" level="INFO">xpath criteria: //*[contains(@name,'Welcome to Reku!')]</msg>
<arg>${${M_TYPE}_LBL_COACHMARK_TITLE}</arg>
<doc>Verifies that element identified with locator is visible.</doc>
<status status="PASS" start="2025-04-09T07:40:10.571700" elapsed="1.405006"/>
</kw>
<msg time="2025-04-09T07:40:11.976868" level="INFO">${IsElementVisible} = True</msg>
<var>${IsElementVisible}</var>
<arg>Element Should Be Visible</arg>
<arg>${${M_TYPE}_LBL_COACHMARK_TITLE}</arg>
<doc>Runs the given keyword with given arguments and returns the status as a Boolean value.</doc>
<status status="PASS" start="2025-04-09T07:40:10.571507" elapsed="1.405392"/>
</kw>
<kw name="Run Keyword If" owner="BuiltIn">
<kw name="Handle coachmark popup" owner="signin_page">
<kw name="Wait Until Page Contains Element" owner="AppiumLibrary">
<msg time="2025-04-09T07:40:12.764059" level="INFO">xpath criteria: //*[contains(@name,'Skip')]</msg>
<arg>${${M_TYPE}_BTN_SKIP_COACHMARK}</arg>
<arg>${MAXTIMEOUT}</arg>
<doc>Waits until element specified with `locator` appears on current page.</doc>
<status status="PASS" start="2025-04-09T07:40:11.977759" elapsed="0.786425"/>
</kw>
<kw name="Click Element" owner="AppiumLibrary">
<msg time="2025-04-09T07:40:12.766995" level="INFO">Clicking element '//*[contains(@name,'Skip')]'.</msg>
<msg time="2025-04-09T07:40:14.430014" level="INFO">xpath criteria: //*[contains(@name,'Skip')]</msg>
<arg>${${M_TYPE}_BTN_SKIP_COACHMARK}</arg>
<doc>Click element identified by `locator`.</doc>
<status status="PASS" start="2025-04-09T07:40:12.764416" elapsed="1.665757"/>
</kw>
<kw name="Wait Until Page Does Not Contain Element" owner="AppiumLibrary">
<msg time="2025-04-09T07:40:14.960671" level="INFO">xpath criteria: //*[contains(@name,'Welcome to Reku!')]</msg>
<arg>${${M_TYPE}_LBL_COACHMARK_TITLE}</arg>
<doc>Waits until element specified with `locator` disappears from current page.</doc>
<status status="PASS" start="2025-04-09T07:40:14.430407" elapsed="0.530401"/>
</kw>
<status status="PASS" start="2025-04-09T07:40:11.977467" elapsed="2.983466"/>
</kw>
<arg>${IsElementVisible}</arg>
<arg>Handle coachmark popup</arg>
<doc>Runs the given keyword with the given arguments, if ``condition`` is true.</doc>
<status status="PASS" start="2025-04-09T07:40:11.977113" elapsed="2.983883"/>
</kw>
<status status="PASS" start="2025-04-09T07:40:10.571142" elapsed="4.390001"/>
</kw>
<kw name="Check navbar home is selected" owner="signin_page">
<kw name="Wait Until Page Contains Element" owner="AppiumLibrary">
<msg time="2025-04-09T07:40:15.728587" level="INFO">xpath criteria: //*[contains(@name,'Home') and contains(@name,'Tab 1 of 5')]</msg>
<arg>${${M_TYPE}_NAVBAR_HOME}</arg>
<arg>${MAXTIMEOUT}</arg>
<doc>Waits until element specified with `locator` appears on current page.</doc>
<status status="PASS" start="2025-04-09T07:40:14.961748" elapsed="0.766964"/>
</kw>
<kw name="Get Element Attribute" owner="AppiumLibrary">
<msg time="2025-04-09T07:40:17.062353" level="INFO">Element '//*[contains(@name,'Home') and contains(@name,'Tab 1 of 5')]' attribute 'selected' value 'true' </msg>
<msg time="2025-04-09T07:40:17.062471" level="INFO">xpath criteria: //*[contains(@name,'Home') and contains(@name,'Tab 1 of 5')]</msg>
<msg time="2025-04-09T07:40:17.062569" level="INFO">${selected} = true</msg>
<var>${selected}</var>
<arg>${${M_TYPE}_NAVBAR_HOME}</arg>
<arg>selected</arg>
<doc>Get element attribute using given attribute: name, value,...</doc>
<status status="PASS" start="2025-04-09T07:40:15.728947" elapsed="1.333654"/>
</kw>
<kw name="Should Be Equal As Strings" owner="BuiltIn">
<arg>${selected}</arg>
<arg>true</arg>
<doc>Fails if objects are unequal after converting them to strings.</doc>
<status status="PASS" start="2025-04-09T07:40:17.062829" elapsed="0.000261"/>
</kw>
<status status="PASS" start="2025-04-09T07:40:14.961398" elapsed="2.101772"/>
</kw>
<kw name="Click profile menu button" owner="signin_page">
<if>
<branch type="IF" condition="(&quot;${M_TYPE}&quot;==&quot;ANDROID&quot;)">
<kw name="Wait Until Page Contains Element" owner="AppiumLibrary">
<arg>xpath=//*[contains(@content-desc,"Favorites") or contains(@name,"Favorites")]/ancestor::android.widget.ScrollView[1]/preceding-sibling::android.view.View[1]/android.widget.ImageView[4]</arg>
<arg>${MAXTIMEOUT}</arg>
<doc>Waits until element specified with `locator` appears on current page.</doc>
<status status="NOT RUN" start="2025-04-09T07:40:17.063901" elapsed="0.000025"/>
</kw>
<kw name="Click Element" owner="AppiumLibrary">
<arg>xpath=//*[contains(@content-desc,"Favorites") or contains(@name,"Favorites")]/ancestor::android.widget.ScrollView[1]/preceding-sibling::android.view.View[1]/android.widget.ImageView[4]</arg>
<doc>Click element identified by `locator`.</doc>
<status status="NOT RUN" start="2025-04-09T07:40:17.064044" elapsed="0.000023"/>
</kw>
<status status="NOT RUN" start="2025-04-09T07:40:17.063678" elapsed="0.000424"/>
</branch>
<branch type="ELSE">
<kw name="Wait Until Page Contains Element" owner="AppiumLibrary">
<msg time="2025-04-09T07:40:17.861442" level="INFO">xpath criteria: //*[contains(@content-desc,"Favorites") or contains(@name,"Favorites")]/ancestor::XCUIElementTypeOther[4]/preceding-sibling::XCUIElementTypeOther[1]/XCUIElementTypeImage[4]</msg>
<arg>xpath=//*[contains(@content-desc,"Favorites") or contains(@name,"Favorites")]/ancestor::XCUIElementTypeOther[4]/preceding-sibling::XCUIElementTypeOther[1]/XCUIElementTypeImage[4]</arg>
<arg>${MAXTIMEOUT}</arg>
<doc>Waits until element specified with `locator` appears on current page.</doc>
<status status="PASS" start="2025-04-09T07:40:17.064236" elapsed="0.797352"/>
</kw>
<kw name="Click Element" owner="AppiumLibrary">
<msg time="2025-04-09T07:40:17.864282" level="INFO">Clicking element 'xpath=//*[contains(@content-desc,"Favorites") or contains(@name,"Favorites")]/ancestor::XCUIElementTypeOther[4]/preceding-sibling::XCUIElementTypeOther[1]/XCUIElementTypeImage[4]'.</msg>
<msg time="2025-04-09T07:40:19.818442" level="INFO">xpath criteria: //*[contains(@content-desc,"Favorites") or contains(@name,"Favorites")]/ancestor::XCUIElementTypeOther[4]/preceding-sibling::XCUIElementTypeOther[1]/XCUIElementTypeImage[4]</msg>
<arg>xpath=//*[contains(@content-desc,"Favorites") or contains(@name,"Favorites")]/ancestor::XCUIElementTypeOther[4]/preceding-sibling::XCUIElementTypeOther[1]/XCUIElementTypeImage[4]</arg>
<doc>Click element identified by `locator`.</doc>
<status status="PASS" start="2025-04-09T07:40:17.861824" elapsed="1.956743"/>
</kw>
<status status="PASS" start="2025-04-09T07:40:17.064130" elapsed="2.754504"/>
</branch>
<status status="PASS" start="2025-04-09T07:40:17.063650" elapsed="2.755017"/>
</if>
<status status="PASS" start="2025-04-09T07:40:17.063434" elapsed="2.755308"/>
</kw>
<kw name="Check profile page" owner="signin_page">
<kw name="Wait Until Page Contains Element" owner="AppiumLibrary">
<msg time="2025-04-09T07:40:20.304346" level="INFO">xpath criteria: //*[contains(@content-desc,"Nur Mulyana Mustari") or contains(@name,"Nur Mulyana Mustari")]</msg>
<arg>xpath=//*[contains(@content-desc,"${${ENV}_VERIFIED_USER_NAME}") or contains(@name,"${${ENV}_VERIFIED_USER_NAME}")]</arg>
<arg>${MAXTIMEOUT}</arg>
<doc>Waits until element specified with `locator` appears on current page.</doc>
<status status="PASS" start="2025-04-09T07:40:19.819388" elapsed="0.485083"/>
</kw>
<kw name="Wait Until Page Contains Element" owner="AppiumLibrary">
<msg time="2025-04-09T07:40:20.888066" level="INFO">xpath criteria: //*[contains(@content-desc,"Account Details") or contains(@name,"Account Details")]</msg>
<arg>xpath=//*[contains(@content-desc,"Account Details") or contains(@name,"Account Details")]</arg>
<arg>${MAXTIMEOUT}</arg>
<doc>Waits until element specified with `locator` appears on current page.</doc>
<status status="PASS" start="2025-04-09T07:40:20.304704" elapsed="0.583501"/>
</kw>
<kw name="Wait Until Page Contains Element" owner="AppiumLibrary">
<msg time="2025-04-09T07:40:21.747700" level="INFO">xpath criteria: //*[contains(@content-desc,"App Appearance") or contains(@name,"App Appearance")]</msg>
<arg>xpath=//*[contains(@content-desc,"App Appearance") or contains(@name,"App Appearance")]</arg>
<arg>${MAXTIMEOUT}</arg>
<doc>Waits until element specified with `locator` appears on current page.</doc>
<status status="PASS" start="2025-04-09T07:40:20.888465" elapsed="0.859375"/>
</kw>
<kw name="Wait Until Page Contains Element" owner="AppiumLibrary">
<msg time="2025-04-09T07:40:22.468404" level="INFO">xpath criteria: //*[contains(@content-desc,"Features") or contains(@name,"Features")]</msg>
<arg>xpath=//*[contains(@content-desc,"Features") or contains(@name,"Features")]</arg>
<arg>${MAXTIMEOUT}</arg>
<doc>Waits until element specified with `locator` appears on current page.</doc>
<status status="PASS" start="2025-04-09T07:40:21.748078" elapsed="0.720452"/>
</kw>
<kw name="Swipe Up By Percent" owner="general">
<kw name="Get Window Width" owner="AppiumLibrary">
<msg time="2025-04-09T07:40:22.767531" level="INFO">${width} = 414</msg>
<var>${width}</var>
<doc>Get current device width.</doc>
<status status="PASS" start="2025-04-09T07:40:22.469236" elapsed="0.298366"/>
</kw>
<kw name="Get Window Height" owner="AppiumLibrary">
<msg time="2025-04-09T07:40:23.035328" level="INFO">${height} = 896</msg>
<var>${height}</var>
<doc>Get current device height.</doc>
<status status="PASS" start="2025-04-09T07:40:22.767848" elapsed="0.267547"/>
</kw>
<kw name="Evaluate" owner="BuiltIn">
<msg time="2025-04-09T07:40:23.035966" level="INFO">${start_x} = 207.0</msg>
<var>${start_x}</var>
<arg>${width} * 0.5</arg>
<doc>Evaluates the given expression in Python and returns the result.</doc>
<status status="PASS" start="2025-04-09T07:40:23.035636" elapsed="0.000363"/>
</kw>
<kw name="Evaluate" owner="BuiltIn">
<msg time="2025-04-09T07:40:23.036344" level="INFO">${start_y} = 716.8000000000001</msg>
<var>${start_y}</var>
<arg>${height} * 0.8</arg>
<doc>Evaluates the given expression in Python and returns the result.</doc>
<status status="PASS" start="2025-04-09T07:40:23.036133" elapsed="0.000242"/>
</kw>
<kw name="Evaluate" owner="BuiltIn">
<msg time="2025-04-09T07:40:23.036917" level="INFO">${end_y} = 179.20000000000002</msg>
<var>${end_y}</var>
<arg>${height} * 0.2</arg>
<doc>Evaluates the given expression in Python and returns the result.</doc>
<status status="PASS" start="2025-04-09T07:40:23.036496" elapsed="0.000453"/>
</kw>
<kw name="Swipe" owner="AppiumLibrary">
<arg>${start_x}</arg>
<arg>${start_y}</arg>
<arg>${start_x}</arg>
<arg>${end_y}</arg>
<arg>500</arg>
<doc>Swipe from one point to another point, for an optional duration.</doc>
<status status="PASS" start="2025-04-09T07:40:23.037133" elapsed="1.202876"/>
</kw>
<status status="PASS" start="2025-04-09T07:40:22.468865" elapsed="1.771308"/>
</kw>
<kw name="Swipe Up By Percent" owner="general">
<kw name="Get Window Width" owner="AppiumLibrary">
<msg time="2025-04-09T07:40:24.510328" level="INFO">${width} = 414</msg>
<var>${width}</var>
<doc>Get current device width.</doc>
<status status="PASS" start="2025-04-09T07:40:24.240853" elapsed="0.269539"/>
</kw>
<kw name="Get Window Height" owner="AppiumLibrary">
<msg time="2025-04-09T07:40:24.761783" level="INFO">${height} = 896</msg>
<var>${height}</var>
<doc>Get current device height.</doc>
<status status="PASS" start="2025-04-09T07:40:24.510614" elapsed="0.251239"/>
</kw>
<kw name="Evaluate" owner="BuiltIn">
<msg time="2025-04-09T07:40:24.762485" level="INFO">${start_x} = 207.0</msg>
<var>${start_x}</var>
<arg>${width} * 0.5</arg>
<doc>Evaluates the given expression in Python and returns the result.</doc>
<status status="PASS" start="2025-04-09T07:40:24.762150" elapsed="0.000368"/>
</kw>
<kw name="Evaluate" owner="BuiltIn">
<msg time="2025-04-09T07:40:24.762877" level="INFO">${start_y} = 716.8000000000001</msg>
<var>${start_y}</var>
<arg>${height} * 0.8</arg>
<doc>Evaluates the given expression in Python and returns the result.</doc>
<status status="PASS" start="2025-04-09T07:40:24.762656" elapsed="0.000255"/>
</kw>
<kw name="Evaluate" owner="BuiltIn">
<msg time="2025-04-09T07:40:24.763252" level="INFO">${end_y} = 179.20000000000002</msg>
<var>${end_y}</var>
<arg>${height} * 0.2</arg>
<doc>Evaluates the given expression in Python and returns the result.</doc>
<status status="PASS" start="2025-04-09T07:40:24.763041" elapsed="0.000242"/>
</kw>
<kw name="Swipe" owner="AppiumLibrary">
<arg>${start_x}</arg>
<arg>${start_y}</arg>
<arg>${start_x}</arg>
<arg>${end_y}</arg>
<arg>500</arg>
<doc>Swipe from one point to another point, for an optional duration.</doc>
<status status="PASS" start="2025-04-09T07:40:24.763409" elapsed="1.148449"/>
</kw>
<status status="PASS" start="2025-04-09T07:40:24.240485" elapsed="1.671524"/>
</kw>
<kw name="Verification element with regex" owner="general">
<kw name="Wait Until Page Contains Element" owner="AppiumLibrary">
<msg time="2025-04-09T07:40:26.470515" level="INFO">xpath criteria: //*[contains(@content-desc,"Version") or contains(@name,"Version")]</msg>
<arg>xpath=//*[contains(@content-desc,"${text}") or contains(@name,"${text}")]</arg>
<arg>${MAXTIMEOUT}</arg>
<doc>Waits until element specified with `locator` appears on current page.</doc>
<status status="PASS" start="2025-04-09T07:40:25.912788" elapsed="0.557864"/>
</kw>
<if>
<branch type="IF" condition="(&quot;${M_TYPE}&quot;==&quot;ANDROID&quot;)">
<kw name="Get Element Attribute" owner="AppiumLibrary">
<var>${element}</var>
<arg>xpath=//*[contains(@content-desc,"${text}")]</arg>
<arg>content-desc</arg>
<doc>Get element attribute using given attribute: name, value,...</doc>
<status status="NOT RUN" start="2025-04-09T07:40:26.471152" elapsed="0.000042"/>
</kw>
<status status="NOT RUN" start="2025-04-09T07:40:26.470820" elapsed="0.000418"/>
</branch>
<branch type="ELSE">
<kw name="Get Element Attribute" owner="AppiumLibrary">
<msg time="2025-04-09T07:40:27.698472" level="INFO">Element 'xpath=//*[contains(@name,"Version")]' attribute 'name' value 'Version 4.2.03' </msg>
<msg time="2025-04-09T07:40:27.698598" level="INFO">xpath criteria: //*[contains(@name,"Version")]</msg>
<msg time="2025-04-09T07:40:27.698698" level="INFO">${element} = Version 4.2.03</msg>
<var>${element}</var>
<arg>xpath=//*[contains(@name,"${text}")]</arg>
<arg>name</arg>
<doc>Get element attribute using given attribute: name, value,...</doc>
<status status="PASS" start="2025-04-09T07:40:26.471378" elapsed="1.227353"/>
</kw>
<status status="PASS" start="2025-04-09T07:40:26.471268" elapsed="1.227533"/>
</branch>
<status status="PASS" start="2025-04-09T07:40:26.470778" elapsed="1.228054"/>
</if>
<kw name="Should Match Regexp" owner="BuiltIn">
<arg>${element}</arg>
<arg>${regex}</arg>
<doc>Fails if ``string`` does not match ``pattern`` as a regular expression.</doc>
<status status="PASS" start="2025-04-09T07:40:27.699021" elapsed="0.000255"/>
</kw>
<arg>Version</arg>
<arg>Version\\s+\\d{1}\\.\\d{1}\.\\d{2}</arg>
<status status="PASS" start="2025-04-09T07:40:25.912363" elapsed="1.786994"/>
</kw>
<kw name="Sleep" owner="BuiltIn">
<msg time="2025-04-09T07:40:32.699783" level="INFO">Slept 5 seconds.</msg>
<arg>5s</arg>
<doc>Pauses the test executed for the given time.</doc>
<status status="PASS" start="2025-04-09T07:40:27.699478" elapsed="5.000477"/>
</kw>
<status status="PASS" start="2025-04-09T07:40:19.819026" elapsed="12.881052"/>
</kw>
<kw name="Close Application" owner="AppiumLibrary">
<doc>Closes the current application and also close webdriver session.</doc>
<status status="PASS" start="2025-04-09T07:40:32.700284" elapsed="0.189714"/>
</kw>
<tag>VERS_COMP</tag>
<status status="PASS" start="2025-04-09T07:38:36.486968" elapsed="116.403306"/>
</test>
<status status="FAIL" start="2025-04-09T07:00:47.532928" elapsed="2385.358002"/>
</suite>
<status status="FAIL" start="2025-04-09T07:00:47.531600" elapsed="2385.360226"/>
</suite>
<status status="FAIL" start="2025-04-09T07:00:47.514164" elapsed="2385.378538"/>
</suite>
<statistics>
<total>
<stat pass="4" fail="7" skip="0">All Tests</stat>
</total>
<tag>
<stat pass="4" fail="7" skip="0">VERS_COMP</stat>
</tag>
<suite>
<stat name="Suites" id="s1" pass="4" fail="7" skip="0">Suites</stat>
<stat name="Compatibility" id="s1-s1" pass="4" fail="7" skip="0">Suites.Compatibility</stat>
<stat name="Version Compatibility Test" id="s1-s1-s1" pass="4" fail="7" skip="0">Suites.Compatibility.Version Compatibility Test</stat>
</suite>
</statistics>
<errors>
<msg time="2025-04-09T07:05:42.860154" level="WARN">Keyword 'Capture Page Screenshot' could not be run on failure: No application is open</msg>
<msg time="2025-04-09T07:11:45.303531" level="WARN">Keyword 'Capture Page Screenshot' could not be run on failure: No application is open</msg>
<msg time="2025-04-09T07:16:41.450820" level="WARN">Keyword 'Capture Page Screenshot' could not be run on failure: No application is open</msg>
<msg time="2025-04-09T07:23:45.700962" level="WARN">Keyword 'Capture Page Screenshot' could not be run on failure: No application is open</msg>
<msg time="2025-04-09T07:28:43.132473" level="WARN">Keyword 'Capture Page Screenshot' could not be run on failure: No application is open</msg>
<msg time="2025-04-09T07:33:39.599261" level="WARN">Keyword 'Capture Page Screenshot' could not be run on failure: No application is open</msg>
<msg time="2025-04-09T07:38:36.483343" level="WARN">Keyword 'Capture Page Screenshot' could not be run on failure: No application is open</msg>
</errors>
</robot>
